running egg_info
creating ../../build/mypkg/mypkg.egg-info
writing ../../build/mypkg/mypkg.egg-info/PKG-INFO
writing dependency_links to ../../build/mypkg/mypkg.egg-info/dependency_links.txt
writing entry points to ../../build/mypkg/mypkg.egg-info/entry_points.txt
writing requirements to ../../build/mypkg/mypkg.egg-info/requires.txt
writing top-level names to ../../build/mypkg/mypkg.egg-info/top_level.txt
writing manifest file '../../build/mypkg/mypkg.egg-info/SOURCES.txt'
reading manifest file '../../build/mypkg/mypkg.egg-info/SOURCES.txt'
writing manifest file '../../build/mypkg/mypkg.egg-info/SOURCES.txt'
running build
running build_py
creating /home/nagi/ros2_ws/build/mypkg/build
creating /home/nagi/ros2_ws/build/mypkg/build/lib
creating /home/nagi/ros2_ws/build/mypkg/build/lib/mypkg
copying mypkg/event.py -> /home/nagi/ros2_ws/build/mypkg/build/lib/mypkg
copying mypkg/judge.py -> /home/nagi/ros2_ws/build/mypkg/build/lib/mypkg
copying mypkg/status.py -> /home/nagi/ros2_ws/build/mypkg/build/lib/mypkg
copying mypkg/response.py -> /home/nagi/ros2_ws/build/mypkg/build/lib/mypkg
copying mypkg/__init__.py -> /home/nagi/ros2_ws/build/mypkg/build/lib/mypkg
running install
running install_lib
creating /home/nagi/ros2_ws/install/mypkg/lib/python3.12/site-packages/mypkg
copying /home/nagi/ros2_ws/build/mypkg/build/lib/mypkg/event.py -> /home/nagi/ros2_ws/install/mypkg/lib/python3.12/site-packages/mypkg
copying /home/nagi/ros2_ws/build/mypkg/build/lib/mypkg/judge.py -> /home/nagi/ros2_ws/install/mypkg/lib/python3.12/site-packages/mypkg
copying /home/nagi/ros2_ws/build/mypkg/build/lib/mypkg/status.py -> /home/nagi/ros2_ws/install/mypkg/lib/python3.12/site-packages/mypkg
copying /home/nagi/ros2_ws/build/mypkg/build/lib/mypkg/response.py -> /home/nagi/ros2_ws/install/mypkg/lib/python3.12/site-packages/mypkg
copying /home/nagi/ros2_ws/build/mypkg/build/lib/mypkg/__init__.py -> /home/nagi/ros2_ws/install/mypkg/lib/python3.12/site-packages/mypkg
byte-compiling /home/nagi/ros2_ws/install/mypkg/lib/python3.12/site-packages/mypkg/event.py to event.cpython-312.pyc
byte-compiling /home/nagi/ros2_ws/install/mypkg/lib/python3.12/site-packages/mypkg/judge.py to judge.cpython-312.pyc
byte-compiling /home/nagi/ros2_ws/install/mypkg/lib/python3.12/site-packages/mypkg/status.py to status.cpython-312.pyc
byte-compiling /home/nagi/ros2_ws/install/mypkg/lib/python3.12/site-packages/mypkg/response.py to response.cpython-312.pyc
byte-compiling /home/nagi/ros2_ws/install/mypkg/lib/python3.12/site-packages/mypkg/__init__.py to __init__.cpython-312.pyc
running install_data
creating /home/nagi/ros2_ws/install/mypkg/share/ament_index
creating /home/nagi/ros2_ws/install/mypkg/share/ament_index/resource_index
creating /home/nagi/ros2_ws/install/mypkg/share/ament_index/resource_index/packages
copying resource/mypkg -> /home/nagi/ros2_ws/install/mypkg/share/ament_index/resource_index/packages
copying package.xml -> /home/nagi/ros2_ws/install/mypkg/share/mypkg
copying launch/medicine_rm.launch.py -> /home/nagi/ros2_ws/install/mypkg/share/mypkg
running install_egg_info
Copying ../../build/mypkg/mypkg.egg-info to /home/nagi/ros2_ws/install/mypkg/lib/python3.12/site-packages/mypkg-0.0.0-py3.12.egg-info
running install_scripts
Installing event script to /home/nagi/ros2_ws/install/mypkg/lib/mypkg
Installing judge script to /home/nagi/ros2_ws/install/mypkg/lib/mypkg
Installing response script to /home/nagi/ros2_ws/install/mypkg/lib/mypkg
Installing status script to /home/nagi/ros2_ws/install/mypkg/lib/mypkg
writing list of installed files to '/home/nagi/ros2_ws/build/mypkg/install.log'
