[1.334s] Invoking command in '/home/nagi/ros2_ws/src/mypkg': PYTHONPATH=/home/nagi/ros2_ws/build/mypkg/prefix_override:/usr/lib/python3/dist-packages/colcon_core/task/python/colcon_distutils_commands:/home/nagi/ros2_ws/install/mypkg/lib/python3.12/site-packages:${PYTHONPATH} /usr/bin/python3 -W ignore:setup.py install is deprecated -W ignore:easy_install command is deprecated setup.py egg_info --egg-base ../../build/mypkg build --build-base /home/nagi/ros2_ws/build/mypkg/build install --record /home/nagi/ros2_ws/build/mypkg/install.log --single-version-externally-managed install_data
[1.546s] running egg_info
[1.546s] creating ../../build/mypkg/mypkg.egg-info
[1.561s] writing ../../build/mypkg/mypkg.egg-info/PKG-INFO
[1.561s] writing dependency_links to ../../build/mypkg/mypkg.egg-info/dependency_links.txt
[1.561s] writing entry points to ../../build/mypkg/mypkg.egg-info/entry_points.txt
[1.561s] writing requirements to ../../build/mypkg/mypkg.egg-info/requires.txt
[1.561s] writing top-level names to ../../build/mypkg/mypkg.egg-info/top_level.txt
[1.562s] writing manifest file '../../build/mypkg/mypkg.egg-info/SOURCES.txt'
[1.594s] reading manifest file '../../build/mypkg/mypkg.egg-info/SOURCES.txt'
[1.596s] writing manifest file '../../build/mypkg/mypkg.egg-info/SOURCES.txt'
[1.596s] running build
[1.596s] running build_py
[1.596s] creating /home/nagi/ros2_ws/build/mypkg/build
[1.597s] creating /home/nagi/ros2_ws/build/mypkg/build/lib
[1.597s] creating /home/nagi/ros2_ws/build/mypkg/build/lib/mypkg
[1.597s] copying mypkg/event.py -> /home/nagi/ros2_ws/build/mypkg/build/lib/mypkg
[1.598s] copying mypkg/judge.py -> /home/nagi/ros2_ws/build/mypkg/build/lib/mypkg
[1.598s] copying mypkg/status.py -> /home/nagi/ros2_ws/build/mypkg/build/lib/mypkg
[1.598s] copying mypkg/response.py -> /home/nagi/ros2_ws/build/mypkg/build/lib/mypkg
[1.598s] copying mypkg/__init__.py -> /home/nagi/ros2_ws/build/mypkg/build/lib/mypkg
[1.598s] running install
[1.605s] running install_lib
[1.620s] creating /home/nagi/ros2_ws/install/mypkg/lib/python3.12/site-packages/mypkg
[1.620s] copying /home/nagi/ros2_ws/build/mypkg/build/lib/mypkg/event.py -> /home/nagi/ros2_ws/install/mypkg/lib/python3.12/site-packages/mypkg
[1.621s] copying /home/nagi/ros2_ws/build/mypkg/build/lib/mypkg/judge.py -> /home/nagi/ros2_ws/install/mypkg/lib/python3.12/site-packages/mypkg
[1.621s] copying /home/nagi/ros2_ws/build/mypkg/build/lib/mypkg/status.py -> /home/nagi/ros2_ws/install/mypkg/lib/python3.12/site-packages/mypkg
[1.621s] copying /home/nagi/ros2_ws/build/mypkg/build/lib/mypkg/response.py -> /home/nagi/ros2_ws/install/mypkg/lib/python3.12/site-packages/mypkg
[1.621s] copying /home/nagi/ros2_ws/build/mypkg/build/lib/mypkg/__init__.py -> /home/nagi/ros2_ws/install/mypkg/lib/python3.12/site-packages/mypkg
[1.621s] byte-compiling /home/nagi/ros2_ws/install/mypkg/lib/python3.12/site-packages/mypkg/event.py to event.cpython-312.pyc
[1.622s] byte-compiling /home/nagi/ros2_ws/install/mypkg/lib/python3.12/site-packages/mypkg/judge.py to judge.cpython-312.pyc
[1.623s] byte-compiling /home/nagi/ros2_ws/install/mypkg/lib/python3.12/site-packages/mypkg/status.py to status.cpython-312.pyc
[1.624s] byte-compiling /home/nagi/ros2_ws/install/mypkg/lib/python3.12/site-packages/mypkg/response.py to response.cpython-312.pyc
[1.624s] byte-compiling /home/nagi/ros2_ws/install/mypkg/lib/python3.12/site-packages/mypkg/__init__.py to __init__.cpython-312.pyc
[1.624s] running install_data
[1.624s] creating /home/nagi/ros2_ws/install/mypkg/share/ament_index
[1.625s] creating /home/nagi/ros2_ws/install/mypkg/share/ament_index/resource_index
[1.625s] creating /home/nagi/ros2_ws/install/mypkg/share/ament_index/resource_index/packages
[1.625s] copying resource/mypkg -> /home/nagi/ros2_ws/install/mypkg/share/ament_index/resource_index/packages
[1.625s] copying package.xml -> /home/nagi/ros2_ws/install/mypkg/share/mypkg
[1.626s] copying launch/medicine_rm.launch.py -> /home/nagi/ros2_ws/install/mypkg/share/mypkg
[1.626s] running install_egg_info
[1.640s] Copying ../../build/mypkg/mypkg.egg-info to /home/nagi/ros2_ws/install/mypkg/lib/python3.12/site-packages/mypkg-0.0.0-py3.12.egg-info
[1.641s] running install_scripts
[1.743s] Installing event script to /home/nagi/ros2_ws/install/mypkg/lib/mypkg
[1.743s] Installing judge script to /home/nagi/ros2_ws/install/mypkg/lib/mypkg
[1.743s] Installing response script to /home/nagi/ros2_ws/install/mypkg/lib/mypkg
[1.743s] Installing status script to /home/nagi/ros2_ws/install/mypkg/lib/mypkg
[1.744s] writing list of installed files to '/home/nagi/ros2_ws/build/mypkg/install.log'
[1.772s] Invoked command in '/home/nagi/ros2_ws/src/mypkg' returned '0': PYTHONPATH=/home/nagi/ros2_ws/build/mypkg/prefix_override:/usr/lib/python3/dist-packages/colcon_core/task/python/colcon_distutils_commands:/home/nagi/ros2_ws/install/mypkg/lib/python3.12/site-packages:${PYTHONPATH} /usr/bin/python3 -W ignore:setup.py install is deprecated -W ignore:easy_install command is deprecated setup.py egg_info --egg-base ../../build/mypkg build --build-base /home/nagi/ros2_ws/build/mypkg/build install --record /home/nagi/ros2_ws/build/mypkg/install.log --single-version-externally-managed install_data
