[0.018s] Invoking command in '/home/nagi/ros2_ws/build/system_msgs': CMAKE_PREFIX_PATH=${CMAKE_PREFIX_PATH}:/home/nagi/ros2_ws/install/mypkg:/opt/ros/jazzy /usr/bin/cmake /home/nagi/ros2_ws/src/system_msgs -DCMAKE_INSTALL_PREFIX=/home/nagi/ros2_ws/install/system_msgs
[0.276s] -- The C compiler identification is GNU 13.3.0
[1.093s] -- The CXX compiler identification is GNU 13.3.0
[2.409s] -- Detecting C compiler ABI info
[2.848s] -- Detecting C compiler ABI info - done
[2.856s] -- Check for working C compiler: /usr/bin/cc - skipped
[2.859s] -- Detecting C compile features
[2.860s] -- Detecting C compile features - done
[2.972s] -- Detecting CXX compiler ABI info
[3.388s] -- Detecting CXX compiler ABI info - done
[3.396s] -- Check for working CXX compiler: /usr/bin/c++ - skipped
[3.396s] -- Detecting CXX compile features
[3.396s] -- Detecting CXX compile features - done
[3.410s] -- Found ament_cmake: 2.5.4 (/opt/ros/jazzy/share/ament_cmake/cmake)
[3.574s] -- Found Python3: /usr/bin/python3 (found version "3.12.3") found components: Interpreter 
[3.709s] -- Found std_msgs: 5.3.6 (/opt/ros/jazzy/share/std_msgs/cmake)
[4.257s] -- Found rosidl_generator_c: 4.6.6 (/opt/ros/jazzy/share/rosidl_generator_c/cmake)
[4.278s] -- Found rosidl_generator_cpp: 4.6.6 (/opt/ros/jazzy/share/rosidl_generator_cpp/cmake)
[4.310s] -- Using all available rosidl_typesupport_c: rosidl_typesupport_fastrtps_c;rosidl_typesupport_introspection_c
[4.335s] -- Using all available rosidl_typesupport_cpp: rosidl_typesupport_fastrtps_cpp;rosidl_typesupport_introspection_cpp
[4.383s] -- Found rosidl_default_generators: 1.6.0 (/opt/ros/jazzy/share/rosidl_default_generators/cmake)
[4.400s] -- Found rosidl_adapter: 4.6.6 (/opt/ros/jazzy/share/rosidl_adapter/cmake)
[5.063s] -- Found ament_cmake_ros: 0.12.0 (/opt/ros/jazzy/share/ament_cmake_ros/cmake)
[5.907s] -- Using all available rosidl_typesupport_c: rosidl_typesupport_fastrtps_c;rosidl_typesupport_introspection_c
[6.228s] -- Using all available rosidl_typesupport_cpp: rosidl_typesupport_fastrtps_cpp;rosidl_typesupport_introspection_cpp
[6.234s] -- Found python_cmake_module: 0.11.1 (/opt/ros/jazzy/share/python_cmake_module/cmake)
[6.379s] -- Found PythonExtra: /usr/bin/python3  
[6.925s] -- Found Python3: /usr/bin/python3 (found version "3.12.3") found components: Interpreter Development NumPy Development.Module Development.Embed 
[6.979s] -- Found ament_lint_auto: 0.17.3 (/opt/ros/jazzy/share/ament_lint_auto/cmake)
[7.024s] -- Added test 'lint_cmake' to check CMake code style
[7.027s] -- Added test 'xmllint' to check XML markup files
[7.030s] -- Configuring done (7.0s)
[7.084s] -- Generating done (0.0s)
[7.097s] -- Build files have been written to: /home/nagi/ros2_ws/build/system_msgs
[7.110s] Invoked command in '/home/nagi/ros2_ws/build/system_msgs' returned '0': CMAKE_PREFIX_PATH=${CMAKE_PREFIX_PATH}:/home/nagi/ros2_ws/install/mypkg:/opt/ros/jazzy /usr/bin/cmake /home/nagi/ros2_ws/src/system_msgs -DCMAKE_INSTALL_PREFIX=/home/nagi/ros2_ws/install/system_msgs
[7.112s] Invoking command in '/home/nagi/ros2_ws/build/system_msgs': CMAKE_PREFIX_PATH=${CMAKE_PREFIX_PATH}:/home/nagi/ros2_ws/install/mypkg:/opt/ros/jazzy /usr/bin/cmake --build /home/nagi/ros2_ws/build/system_msgs -- -j20 -l20
[7.173s] [  1%] [34m[1mGenerating type hashes for ROS interfaces[0m
[7.181s] [  1%] Built target ament_cmake_python_copy_system_msgs
[7.380s] running egg_info
[7.381s] creating system_msgs.egg-info
[7.396s] writing system_msgs.egg-info/PKG-INFO
[7.397s] writing dependency_links to system_msgs.egg-info/dependency_links.txt
[7.397s] writing top-level names to system_msgs.egg-info/top_level.txt
[7.397s] writing manifest file 'system_msgs.egg-info/SOURCES.txt'
[7.435s] [  1%] Built target system_msgs__rosidl_generator_type_description
[7.442s] reading manifest file 'system_msgs.egg-info/SOURCES.txt'
[7.443s] writing manifest file 'system_msgs.egg-info/SOURCES.txt'
[7.445s] [  3%] [34m[1mGenerating C code for ROS interfaces[0m
[7.456s] [  4%] [34m[1mGenerating C++ code for ROS interfaces[0m
[7.469s] [  4%] Built target ament_cmake_python_build_system_msgs_egg
[7.794s] [  4%] Built target system_msgs__cpp
[7.857s] [  6%] [32mBuilding C object CMakeFiles/system_msgs__rosidl_generator_c.dir/rosidl_generator_c/system_msgs/msg/detail/rm_event__description.c.o[0m
[7.857s] [  7%] [32mBuilding C object CMakeFiles/system_msgs__rosidl_generator_c.dir/rosidl_generator_c/system_msgs/msg/detail/rm_event__functions.c.o[0m
[7.858s] [  9%] [32mBuilding C object CMakeFiles/system_msgs__rosidl_generator_c.dir/rosidl_generator_c/system_msgs/msg/detail/rm_notioncmd__description.c.o[0m
[7.858s] [ 10%] [32mBuilding C object CMakeFiles/system_msgs__rosidl_generator_c.dir/rosidl_generator_c/system_msgs/msg/detail/rm_event__type_support.c.o[0m
[7.858s] [ 14%] [32mBuilding C object CMakeFiles/system_msgs__rosidl_generator_c.dir/rosidl_generator_c/system_msgs/msg/detail/rm_status__description.c.o[0m
[7.858s] [ 14%] [32mBuilding C object CMakeFiles/system_msgs__rosidl_generator_c.dir/rosidl_generator_c/system_msgs/msg/detail/rm_notioncmd__functions.c.o[0m
[7.860s] [ 15%] [32mBuilding C object CMakeFiles/system_msgs__rosidl_generator_c.dir/rosidl_generator_c/system_msgs/msg/detail/rm_status__functions.c.o[0m
[7.861s] [ 17%] [32mBuilding C object CMakeFiles/system_msgs__rosidl_generator_c.dir/rosidl_generator_c/system_msgs/msg/detail/response__functions.c.o[0m
[7.862s] [ 18%] [32mBuilding C object CMakeFiles/system_msgs__rosidl_generator_c.dir/rosidl_generator_c/system_msgs/msg/detail/response__description.c.o[0m
[7.863s] [ 20%] [32mBuilding C object CMakeFiles/system_msgs__rosidl_generator_c.dir/rosidl_generator_c/system_msgs/msg/detail/rm_notioncmd__type_support.c.o[0m
[7.863s] [ 21%] [32mBuilding C object CMakeFiles/system_msgs__rosidl_generator_c.dir/rosidl_generator_c/system_msgs/msg/detail/response__type_support.c.o[0m
[7.865s] [ 23%] [32mBuilding C object CMakeFiles/system_msgs__rosidl_generator_c.dir/rosidl_generator_c/system_msgs/msg/detail/rm_status__type_support.c.o[0m
[7.955s] [ 25%] [32m[1mLinking C shared library libsystem_msgs__rosidl_generator_c.so[0m
[8.110s] [ 25%] Built target system_msgs__rosidl_generator_c
[8.121s] [ 26%] [34m[1mGenerating C++ type support dispatch for ROS interfaces[0m
[8.121s] [ 29%] [34m[1mGenerating C introspection for ROS interfaces[0m
[8.121s] [ 31%] [34m[1mGenerating C++ type support for eProsima Fast-RTPS[0m
[8.121s] [ 29%] [34m[1mGenerating C type support for eProsima Fast-RTPS[0m
[8.127s] [ 34%] [34m[1mGenerating C++ introspection for ROS interfaces[0m
[8.127s] [ 34%] [34m[1mGenerating C type support dispatch for ROS interfaces[0m
[8.631s] [ 35%] [32mBuilding CXX object CMakeFiles/system_msgs__rosidl_typesupport_cpp.dir/rosidl_typesupport_cpp/system_msgs/msg/rm_event__type_support.cpp.o[0m
[8.632s] [ 37%] [32mBuilding CXX object CMakeFiles/system_msgs__rosidl_typesupport_cpp.dir/rosidl_typesupport_cpp/system_msgs/msg/rm_notioncmd__type_support.cpp.o[0m
[8.632s] [ 39%] [32mBuilding CXX object CMakeFiles/system_msgs__rosidl_typesupport_c.dir/rosidl_typesupport_c/system_msgs/msg/rm_status__type_support.cpp.o[0m
[8.633s] [ 40%] [32mBuilding CXX object CMakeFiles/system_msgs__rosidl_typesupport_cpp.dir/rosidl_typesupport_cpp/system_msgs/msg/rm_status__type_support.cpp.o[0m
[8.633s] [ 42%] [32mBuilding CXX object CMakeFiles/system_msgs__rosidl_typesupport_c.dir/rosidl_typesupport_c/system_msgs/msg/rm_event__type_support.cpp.o[0m
[8.633s] [ 43%] [32mBuilding CXX object CMakeFiles/system_msgs__rosidl_typesupport_c.dir/rosidl_typesupport_c/system_msgs/msg/rm_notioncmd__type_support.cpp.o[0m
[8.637s] [ 45%] [32mBuilding CXX object CMakeFiles/system_msgs__rosidl_typesupport_cpp.dir/rosidl_typesupport_cpp/system_msgs/msg/response__type_support.cpp.o[0m
[8.648s] [ 46%] [32mBuilding CXX object CMakeFiles/system_msgs__rosidl_typesupport_c.dir/rosidl_typesupport_c/system_msgs/msg/response__type_support.cpp.o[0m
[8.705s] [ 48%] [32mBuilding C object CMakeFiles/system_msgs__rosidl_typesupport_introspection_c.dir/rosidl_typesupport_introspection_c/system_msgs/msg/detail/rm_event__type_support.c.o[0m
[8.706s] [ 50%] [32mBuilding C object CMakeFiles/system_msgs__rosidl_typesupport_introspection_c.dir/rosidl_typesupport_introspection_c/system_msgs/msg/detail/rm_status__type_support.c.o[0m
[8.708s] [ 51%] [32mBuilding C object CMakeFiles/system_msgs__rosidl_typesupport_introspection_c.dir/rosidl_typesupport_introspection_c/system_msgs/msg/detail/rm_notioncmd__type_support.c.o[0m
[8.714s] [ 53%] [32mBuilding CXX object CMakeFiles/system_msgs__rosidl_typesupport_introspection_cpp.dir/rosidl_typesupport_introspection_cpp/system_msgs/msg/detail/rm_event__type_support.cpp.o[0m
[8.716s] [ 54%] [32mBuilding CXX object CMakeFiles/system_msgs__rosidl_typesupport_introspection_cpp.dir/rosidl_typesupport_introspection_cpp/system_msgs/msg/detail/response__type_support.cpp.o[0m
[8.717s] [ 56%] [32mBuilding CXX object CMakeFiles/system_msgs__rosidl_typesupport_introspection_cpp.dir/rosidl_typesupport_introspection_cpp/system_msgs/msg/detail/rm_status__type_support.cpp.o[0m
[8.723s] [ 57%] [32mBuilding C object CMakeFiles/system_msgs__rosidl_typesupport_introspection_c.dir/rosidl_typesupport_introspection_c/system_msgs/msg/detail/response__type_support.c.o[0m
[8.730s] [ 59%] [32mBuilding CXX object CMakeFiles/system_msgs__rosidl_typesupport_introspection_cpp.dir/rosidl_typesupport_introspection_cpp/system_msgs/msg/detail/rm_notioncmd__type_support.cpp.o[0m
[8.788s] [ 60%] [32m[1mLinking CXX shared library libsystem_msgs__rosidl_typesupport_c.so[0m
[8.845s] [ 62%] [32mBuilding CXX object CMakeFiles/system_msgs__rosidl_typesupport_fastrtps_cpp.dir/rosidl_typesupport_fastrtps_cpp/system_msgs/msg/detail/dds_fastrtps/response__type_support.cpp.o[0m
[8.845s] [ 64%] [32mBuilding CXX object CMakeFiles/system_msgs__rosidl_typesupport_fastrtps_cpp.dir/rosidl_typesupport_fastrtps_cpp/system_msgs/msg/detail/dds_fastrtps/rm_status__type_support.cpp.o[0m
[8.847s] [ 65%] [32mBuilding CXX object CMakeFiles/system_msgs__rosidl_typesupport_fastrtps_cpp.dir/rosidl_typesupport_fastrtps_cpp/system_msgs/msg/detail/dds_fastrtps/rm_notioncmd__type_support.cpp.o[0m
[8.849s] [ 67%] [32mBuilding CXX object CMakeFiles/system_msgs__rosidl_typesupport_fastrtps_cpp.dir/rosidl_typesupport_fastrtps_cpp/system_msgs/msg/detail/dds_fastrtps/rm_event__type_support.cpp.o[0m
[8.862s] [ 68%] [32mBuilding CXX object CMakeFiles/system_msgs__rosidl_typesupport_fastrtps_c.dir/rosidl_typesupport_fastrtps_c/system_msgs/msg/detail/rm_status__type_support_c.cpp.o[0m
[8.865s] [ 70%] [32mBuilding CXX object CMakeFiles/system_msgs__rosidl_typesupport_fastrtps_c.dir/rosidl_typesupport_fastrtps_c/system_msgs/msg/detail/rm_notioncmd__type_support_c.cpp.o[0m
[8.865s] [ 71%] [32mBuilding CXX object CMakeFiles/system_msgs__rosidl_typesupport_fastrtps_c.dir/rosidl_typesupport_fastrtps_c/system_msgs/msg/detail/response__type_support_c.cpp.o[0m
[8.866s] [ 73%] [32m[1mLinking C shared library libsystem_msgs__rosidl_typesupport_introspection_c.so[0m
[8.874s] [ 75%] [32mBuilding CXX object CMakeFiles/system_msgs__rosidl_typesupport_fastrtps_c.dir/rosidl_typesupport_fastrtps_c/system_msgs/msg/detail/rm_event__type_support_c.cpp.o[0m
[9.200s] [ 75%] Built target system_msgs__rosidl_typesupport_c
[9.245s] [ 75%] Built target system_msgs__rosidl_typesupport_introspection_c
[10.041s] [ 76%] [32m[1mLinking CXX shared library libsystem_msgs__rosidl_typesupport_cpp.so[0m
[10.116s] [ 78%] [32m[1mLinking CXX shared library libsystem_msgs__rosidl_typesupport_introspection_cpp.so[0m
[10.304s] [ 78%] Built target system_msgs__rosidl_typesupport_cpp
[10.458s] [ 78%] Built target system_msgs__rosidl_typesupport_introspection_cpp
[10.497s] [ 79%] [32m[1mLinking CXX shared library libsystem_msgs__rosidl_typesupport_fastrtps_c.so[0m
[10.519s] [ 81%] [32m[1mLinking CXX shared library libsystem_msgs__rosidl_typesupport_fastrtps_cpp.so[0m
[10.663s] [ 81%] Built target system_msgs__rosidl_typesupport_fastrtps_c
[10.675s] [ 81%] Built target system_msgs__rosidl_typesupport_fastrtps_cpp
[10.698s] [ 81%] Built target system_msgs
[10.722s] [ 82%] [34m[1mGenerating Python code for ROS interfaces[0m
[11.214s] [ 82%] Built target system_msgs__py
[11.233s] [ 87%] [32mBuilding C object CMakeFiles/system_msgs__rosidl_generator_py.dir/rosidl_generator_py/system_msgs/msg/_rm_notioncmd_s.c.o[0m
[11.233s] [ 87%] [32mBuilding C object CMakeFiles/system_msgs__rosidl_generator_py.dir/rosidl_generator_py/system_msgs/msg/_rm_status_s.c.o[0m
[11.233s] [ 87%] [32mBuilding C object CMakeFiles/system_msgs__rosidl_generator_py.dir/rosidl_generator_py/system_msgs/msg/_rm_event_s.c.o[0m
[11.233s] [ 89%] [32mBuilding C object CMakeFiles/system_msgs__rosidl_generator_py.dir/rosidl_generator_py/system_msgs/msg/_response_s.c.o[0m
[11.379s] [ 90%] [32m[1mLinking C shared library libsystem_msgs__rosidl_generator_py.so[0m
[11.613s] [ 90%] Built target system_msgs__rosidl_generator_py
[11.632s] [ 92%] [32mBuilding C object CMakeFiles/system_msgs_s__rosidl_typesupport_fastrtps_c.dir/rosidl_generator_py/system_msgs/_system_msgs_s.ep.rosidl_typesupport_fastrtps_c.c.o[0m
[11.632s] [ 93%] [32mBuilding C object CMakeFiles/system_msgs_s__rosidl_typesupport_c.dir/rosidl_generator_py/system_msgs/_system_msgs_s.ep.rosidl_typesupport_c.c.o[0m
[11.632s] [ 95%] [32mBuilding C object CMakeFiles/system_msgs_s__rosidl_typesupport_introspection_c.dir/rosidl_generator_py/system_msgs/_system_msgs_s.ep.rosidl_typesupport_introspection_c.c.o[0m
[11.725s] [100%] [32m[1mLinking C shared module rosidl_generator_py/system_msgs/system_msgs_s__rosidl_typesupport_fastrtps_c.so[0m
[11.725s] [100%] [32m[1mLinking C shared module rosidl_generator_py/system_msgs/system_msgs_s__rosidl_typesupport_introspection_c.so[0m
[11.725s] [100%] [32m[1mLinking C shared module rosidl_generator_py/system_msgs/system_msgs_s__rosidl_typesupport_c.so[0m
[11.814s] [100%] Built target system_msgs_s__rosidl_typesupport_c
[11.814s] [100%] Built target system_msgs_s__rosidl_typesupport_fastrtps_c
[11.815s] [100%] Built target system_msgs_s__rosidl_typesupport_introspection_c
[11.826s] Invoked command in '/home/nagi/ros2_ws/build/system_msgs' returned '0': CMAKE_PREFIX_PATH=${CMAKE_PREFIX_PATH}:/home/nagi/ros2_ws/install/mypkg:/opt/ros/jazzy /usr/bin/cmake --build /home/nagi/ros2_ws/build/system_msgs -- -j20 -l20
[11.835s] Invoking command in '/home/nagi/ros2_ws/build/system_msgs': CMAKE_PREFIX_PATH=${CMAKE_PREFIX_PATH}:/home/nagi/ros2_ws/install/mypkg:/opt/ros/jazzy /usr/bin/cmake --install /home/nagi/ros2_ws/build/system_msgs
[11.842s] -- Install configuration: ""
[11.843s] -- Installing: /home/nagi/ros2_ws/install/system_msgs/share/ament_index/resource_index/rosidl_interfaces/system_msgs
[11.843s] -- Installing: /home/nagi/ros2_ws/install/system_msgs/share/system_msgs/msg/RmEvent.json
[11.844s] -- Installing: /home/nagi/ros2_ws/install/system_msgs/share/system_msgs/msg/RmNotioncmd.json
[11.844s] -- Installing: /home/nagi/ros2_ws/install/system_msgs/share/system_msgs/msg/RmStatus.json
[11.844s] -- Installing: /home/nagi/ros2_ws/install/system_msgs/share/system_msgs/msg/Response.json
[11.844s] -- Installing: /home/nagi/ros2_ws/install/system_msgs/include/system_msgs/system_msgs
[11.845s] -- Installing: /home/nagi/ros2_ws/install/system_msgs/include/system_msgs/system_msgs/msg
[11.845s] -- Installing: /home/nagi/ros2_ws/install/system_msgs/include/system_msgs/system_msgs/msg/rm_notioncmd.h
[11.845s] -- Installing: /home/nagi/ros2_ws/install/system_msgs/include/system_msgs/system_msgs/msg/rm_event.h
[11.845s] -- Installing: /home/nagi/ros2_ws/install/system_msgs/include/system_msgs/system_msgs/msg/rosidl_generator_c__visibility_control.h
[11.845s] -- Installing: /home/nagi/ros2_ws/install/system_msgs/include/system_msgs/system_msgs/msg/response.h
[11.845s] -- Installing: /home/nagi/ros2_ws/install/system_msgs/include/system_msgs/system_msgs/msg/rm_status.h
[11.845s] -- Installing: /home/nagi/ros2_ws/install/system_msgs/include/system_msgs/system_msgs/msg/detail
[11.846s] -- Installing: /home/nagi/ros2_ws/install/system_msgs/include/system_msgs/system_msgs/msg/detail/rm_notioncmd__type_support.c
[11.846s] -- Installing: /home/nagi/ros2_ws/install/system_msgs/include/system_msgs/system_msgs/msg/detail/response__functions.c
[11.846s] -- Installing: /home/nagi/ros2_ws/install/system_msgs/include/system_msgs/system_msgs/msg/detail/rm_notioncmd__description.c
[11.846s] -- Installing: /home/nagi/ros2_ws/install/system_msgs/include/system_msgs/system_msgs/msg/detail/rm_event__struct.h
[11.846s] -- Installing: /home/nagi/ros2_ws/install/system_msgs/include/system_msgs/system_msgs/msg/detail/rm_event__type_support.h
[11.846s] -- Installing: /home/nagi/ros2_ws/install/system_msgs/include/system_msgs/system_msgs/msg/detail/rm_notioncmd__functions.h
[11.846s] -- Installing: /home/nagi/ros2_ws/install/system_msgs/include/system_msgs/system_msgs/msg/detail/response__type_support.c
[11.846s] -- Installing: /home/nagi/ros2_ws/install/system_msgs/include/system_msgs/system_msgs/msg/detail/rm_event__type_support.c
[11.847s] -- Installing: /home/nagi/ros2_ws/install/system_msgs/include/system_msgs/system_msgs/msg/detail/rm_status__type_support.h
[11.847s] -- Installing: /home/nagi/ros2_ws/install/system_msgs/include/system_msgs/system_msgs/msg/detail/rm_status__type_support.c
[11.847s] -- Installing: /home/nagi/ros2_ws/install/system_msgs/include/system_msgs/system_msgs/msg/detail/rm_notioncmd__struct.h
[11.847s] -- Installing: /home/nagi/ros2_ws/install/system_msgs/include/system_msgs/system_msgs/msg/detail/rm_status__functions.h
[11.847s] -- Installing: /home/nagi/ros2_ws/install/system_msgs/include/system_msgs/system_msgs/msg/detail/response__struct.h
[11.848s] -- Installing: /home/nagi/ros2_ws/install/system_msgs/include/system_msgs/system_msgs/msg/detail/response__functions.h
[11.848s] -- Installing: /home/nagi/ros2_ws/install/system_msgs/include/system_msgs/system_msgs/msg/detail/rm_notioncmd__type_support.h
[11.848s] -- Installing: /home/nagi/ros2_ws/install/system_msgs/include/system_msgs/system_msgs/msg/detail/rm_event__functions.c
[11.848s] -- Installing: /home/nagi/ros2_ws/install/system_msgs/include/system_msgs/system_msgs/msg/detail/rm_status__functions.c
[11.848s] -- Installing: /home/nagi/ros2_ws/install/system_msgs/include/system_msgs/system_msgs/msg/detail/rm_status__struct.h
[11.849s] -- Installing: /home/nagi/ros2_ws/install/system_msgs/include/system_msgs/system_msgs/msg/detail/response__type_support.h
[11.849s] -- Installing: /home/nagi/ros2_ws/install/system_msgs/include/system_msgs/system_msgs/msg/detail/rm_notioncmd__functions.c
[11.849s] -- Installing: /home/nagi/ros2_ws/install/system_msgs/include/system_msgs/system_msgs/msg/detail/rm_status__description.c
[11.849s] -- Installing: /home/nagi/ros2_ws/install/system_msgs/include/system_msgs/system_msgs/msg/detail/rm_event__description.c
[11.849s] -- Installing: /home/nagi/ros2_ws/install/system_msgs/include/system_msgs/system_msgs/msg/detail/response__description.c
[11.849s] -- Installing: /home/nagi/ros2_ws/install/system_msgs/include/system_msgs/system_msgs/msg/detail/rm_event__functions.h
[11.849s] -- Installing: /home/nagi/ros2_ws/install/system_msgs/share/system_msgs/environment/library_path.sh
[11.850s] -- Installing: /home/nagi/ros2_ws/install/system_msgs/share/system_msgs/environment/library_path.dsv
[11.850s] -- Installing: /home/nagi/ros2_ws/install/system_msgs/lib/libsystem_msgs__rosidl_generator_c.so
[11.850s] -- Set non-toolchain portion of runtime path of "/home/nagi/ros2_ws/install/system_msgs/lib/libsystem_msgs__rosidl_generator_c.so" to ""
[11.850s] -- Up-to-date: /home/nagi/ros2_ws/install/system_msgs/include/system_msgs/system_msgs
[11.850s] -- Up-to-date: /home/nagi/ros2_ws/install/system_msgs/include/system_msgs/system_msgs/msg
[11.850s] -- Installing: /home/nagi/ros2_ws/install/system_msgs/include/system_msgs/system_msgs/msg/rosidl_typesupport_fastrtps_c__visibility_control.h
[11.850s] -- Up-to-date: /home/nagi/ros2_ws/install/system_msgs/include/system_msgs/system_msgs/msg/detail
[11.850s] -- Installing: /home/nagi/ros2_ws/install/system_msgs/include/system_msgs/system_msgs/msg/detail/rm_event__rosidl_typesupport_fastrtps_c.h
[11.851s] -- Installing: /home/nagi/ros2_ws/install/system_msgs/include/system_msgs/system_msgs/msg/detail/rm_notioncmd__rosidl_typesupport_fastrtps_c.h
[11.851s] -- Installing: /home/nagi/ros2_ws/install/system_msgs/include/system_msgs/system_msgs/msg/detail/response__rosidl_typesupport_fastrtps_c.h
[11.851s] -- Installing: /home/nagi/ros2_ws/install/system_msgs/include/system_msgs/system_msgs/msg/detail/rm_status__rosidl_typesupport_fastrtps_c.h
[11.851s] -- Installing: /home/nagi/ros2_ws/install/system_msgs/lib/libsystem_msgs__rosidl_typesupport_fastrtps_c.so
[11.851s] -- Set non-toolchain portion of runtime path of "/home/nagi/ros2_ws/install/system_msgs/lib/libsystem_msgs__rosidl_typesupport_fastrtps_c.so" to ""
[11.851s] -- Up-to-date: /home/nagi/ros2_ws/install/system_msgs/include/system_msgs/system_msgs
[11.851s] -- Up-to-date: /home/nagi/ros2_ws/install/system_msgs/include/system_msgs/system_msgs/msg
[11.851s] -- Installing: /home/nagi/ros2_ws/install/system_msgs/include/system_msgs/system_msgs/msg/rm_status.hpp
[11.852s] -- Installing: /home/nagi/ros2_ws/install/system_msgs/include/system_msgs/system_msgs/msg/rm_notioncmd.hpp
[11.852s] -- Installing: /home/nagi/ros2_ws/install/system_msgs/include/system_msgs/system_msgs/msg/response.hpp
[11.852s] -- Up-to-date: /home/nagi/ros2_ws/install/system_msgs/include/system_msgs/system_msgs/msg/detail
[11.852s] -- Installing: /home/nagi/ros2_ws/install/system_msgs/include/system_msgs/system_msgs/msg/detail/response__traits.hpp
[11.852s] -- Installing: /home/nagi/ros2_ws/install/system_msgs/include/system_msgs/system_msgs/msg/detail/rm_notioncmd__builder.hpp
[11.852s] -- Installing: /home/nagi/ros2_ws/install/system_msgs/include/system_msgs/system_msgs/msg/detail/rm_notioncmd__traits.hpp
[11.852s] -- Installing: /home/nagi/ros2_ws/install/system_msgs/include/system_msgs/system_msgs/msg/detail/response__struct.hpp
[11.853s] -- Installing: /home/nagi/ros2_ws/install/system_msgs/include/system_msgs/system_msgs/msg/detail/rm_status__traits.hpp
[11.853s] -- Installing: /home/nagi/ros2_ws/install/system_msgs/include/system_msgs/system_msgs/msg/detail/rm_event__type_support.hpp
[11.853s] -- Installing: /home/nagi/ros2_ws/install/system_msgs/include/system_msgs/system_msgs/msg/detail/rm_status__type_support.hpp
[11.853s] -- Installing: /home/nagi/ros2_ws/install/system_msgs/include/system_msgs/system_msgs/msg/detail/rm_notioncmd__type_support.hpp
[11.853s] -- Installing: /home/nagi/ros2_ws/install/system_msgs/include/system_msgs/system_msgs/msg/detail/rm_status__builder.hpp
[11.853s] -- Installing: /home/nagi/ros2_ws/install/system_msgs/include/system_msgs/system_msgs/msg/detail/rm_event__builder.hpp
[11.853s] -- Installing: /home/nagi/ros2_ws/install/system_msgs/include/system_msgs/system_msgs/msg/detail/rm_event__traits.hpp
[11.853s] -- Installing: /home/nagi/ros2_ws/install/system_msgs/include/system_msgs/system_msgs/msg/detail/rm_event__struct.hpp
[11.854s] -- Installing: /home/nagi/ros2_ws/install/system_msgs/include/system_msgs/system_msgs/msg/detail/rm_status__struct.hpp
[11.854s] -- Installing: /home/nagi/ros2_ws/install/system_msgs/include/system_msgs/system_msgs/msg/detail/rm_notioncmd__struct.hpp
[11.854s] -- Installing: /home/nagi/ros2_ws/install/system_msgs/include/system_msgs/system_msgs/msg/detail/response__builder.hpp
[11.854s] -- Installing: /home/nagi/ros2_ws/install/system_msgs/include/system_msgs/system_msgs/msg/detail/response__type_support.hpp
[11.854s] -- Installing: /home/nagi/ros2_ws/install/system_msgs/include/system_msgs/system_msgs/msg/rosidl_generator_cpp__visibility_control.hpp
[11.854s] -- Installing: /home/nagi/ros2_ws/install/system_msgs/include/system_msgs/system_msgs/msg/rm_event.hpp
[11.854s] -- Up-to-date: /home/nagi/ros2_ws/install/system_msgs/include/system_msgs/system_msgs
[11.855s] -- Up-to-date: /home/nagi/ros2_ws/install/system_msgs/include/system_msgs/system_msgs/msg
[11.855s] -- Installing: /home/nagi/ros2_ws/install/system_msgs/include/system_msgs/system_msgs/msg/rosidl_typesupport_fastrtps_cpp__visibility_control.h
[11.855s] -- Up-to-date: /home/nagi/ros2_ws/install/system_msgs/include/system_msgs/system_msgs/msg/detail
[11.855s] -- Installing: /home/nagi/ros2_ws/install/system_msgs/include/system_msgs/system_msgs/msg/detail/rm_status__rosidl_typesupport_fastrtps_cpp.hpp
[11.855s] -- Installing: /home/nagi/ros2_ws/install/system_msgs/include/system_msgs/system_msgs/msg/detail/dds_fastrtps
[11.855s] -- Installing: /home/nagi/ros2_ws/install/system_msgs/include/system_msgs/system_msgs/msg/detail/rm_notioncmd__rosidl_typesupport_fastrtps_cpp.hpp
[11.855s] -- Installing: /home/nagi/ros2_ws/install/system_msgs/include/system_msgs/system_msgs/msg/detail/rm_event__rosidl_typesupport_fastrtps_cpp.hpp
[11.856s] -- Installing: /home/nagi/ros2_ws/install/system_msgs/include/system_msgs/system_msgs/msg/detail/response__rosidl_typesupport_fastrtps_cpp.hpp
[11.856s] -- Installing: /home/nagi/ros2_ws/install/system_msgs/lib/libsystem_msgs__rosidl_typesupport_fastrtps_cpp.so
[11.856s] -- Set non-toolchain portion of runtime path of "/home/nagi/ros2_ws/install/system_msgs/lib/libsystem_msgs__rosidl_typesupport_fastrtps_cpp.so" to ""
[11.856s] -- Up-to-date: /home/nagi/ros2_ws/install/system_msgs/include/system_msgs/system_msgs
[11.856s] -- Up-to-date: /home/nagi/ros2_ws/install/system_msgs/include/system_msgs/system_msgs/msg
[11.856s] -- Installing: /home/nagi/ros2_ws/install/system_msgs/include/system_msgs/system_msgs/msg/rosidl_typesupport_introspection_c__visibility_control.h
[11.856s] -- Up-to-date: /home/nagi/ros2_ws/install/system_msgs/include/system_msgs/system_msgs/msg/detail
[11.856s] -- Up-to-date: /home/nagi/ros2_ws/install/system_msgs/include/system_msgs/system_msgs/msg/detail/rm_notioncmd__type_support.c
[11.857s] -- Installing: /home/nagi/ros2_ws/install/system_msgs/include/system_msgs/system_msgs/msg/detail/rm_event__rosidl_typesupport_introspection_c.h
[11.857s] -- Installing: /home/nagi/ros2_ws/install/system_msgs/include/system_msgs/system_msgs/msg/detail/rm_status__rosidl_typesupport_introspection_c.h
[11.857s] -- Up-to-date: /home/nagi/ros2_ws/install/system_msgs/include/system_msgs/system_msgs/msg/detail/response__type_support.c
[11.857s] -- Up-to-date: /home/nagi/ros2_ws/install/system_msgs/include/system_msgs/system_msgs/msg/detail/rm_event__type_support.c
[11.857s] -- Installing: /home/nagi/ros2_ws/install/system_msgs/include/system_msgs/system_msgs/msg/detail/rm_notioncmd__rosidl_typesupport_introspection_c.h
[11.857s] -- Up-to-date: /home/nagi/ros2_ws/install/system_msgs/include/system_msgs/system_msgs/msg/detail/rm_status__type_support.c
[11.857s] -- Installing: /home/nagi/ros2_ws/install/system_msgs/include/system_msgs/system_msgs/msg/detail/response__rosidl_typesupport_introspection_c.h
[11.857s] -- Installing: /home/nagi/ros2_ws/install/system_msgs/lib/libsystem_msgs__rosidl_typesupport_introspection_c.so
[11.857s] -- Set non-toolchain portion of runtime path of "/home/nagi/ros2_ws/install/system_msgs/lib/libsystem_msgs__rosidl_typesupport_introspection_c.so" to ""
[11.857s] -- Installing: /home/nagi/ros2_ws/install/system_msgs/lib/libsystem_msgs__rosidl_typesupport_c.so
[11.857s] -- Set non-toolchain portion of runtime path of "/home/nagi/ros2_ws/install/system_msgs/lib/libsystem_msgs__rosidl_typesupport_c.so" to ""
[11.857s] -- Up-to-date: /home/nagi/ros2_ws/install/system_msgs/include/system_msgs/system_msgs
[11.857s] -- Up-to-date: /home/nagi/ros2_ws/install/system_msgs/include/system_msgs/system_msgs/msg
[11.858s] -- Up-to-date: /home/nagi/ros2_ws/install/system_msgs/include/system_msgs/system_msgs/msg/detail
[11.858s] -- Installing: /home/nagi/ros2_ws/install/system_msgs/include/system_msgs/system_msgs/msg/detail/rm_notioncmd__rosidl_typesupport_introspection_cpp.hpp
[11.858s] -- Installing: /home/nagi/ros2_ws/install/system_msgs/include/system_msgs/system_msgs/msg/detail/rm_event__type_support.cpp
[11.858s] -- Installing: /home/nagi/ros2_ws/install/system_msgs/include/system_msgs/system_msgs/msg/detail/rm_notioncmd__type_support.cpp
[11.858s] -- Installing: /home/nagi/ros2_ws/install/system_msgs/include/system_msgs/system_msgs/msg/detail/rm_status__rosidl_typesupport_introspection_cpp.hpp
[11.858s] -- Installing: /home/nagi/ros2_ws/install/system_msgs/include/system_msgs/system_msgs/msg/detail/rm_event__rosidl_typesupport_introspection_cpp.hpp
[11.858s] -- Installing: /home/nagi/ros2_ws/install/system_msgs/include/system_msgs/system_msgs/msg/detail/response__rosidl_typesupport_introspection_cpp.hpp
[11.858s] -- Installing: /home/nagi/ros2_ws/install/system_msgs/include/system_msgs/system_msgs/msg/detail/response__type_support.cpp
[11.858s] -- Installing: /home/nagi/ros2_ws/install/system_msgs/include/system_msgs/system_msgs/msg/detail/rm_status__type_support.cpp
[11.858s] -- Installing: /home/nagi/ros2_ws/install/system_msgs/lib/libsystem_msgs__rosidl_typesupport_introspection_cpp.so
[11.858s] -- Set non-toolchain portion of runtime path of "/home/nagi/ros2_ws/install/system_msgs/lib/libsystem_msgs__rosidl_typesupport_introspection_cpp.so" to ""
[11.858s] -- Installing: /home/nagi/ros2_ws/install/system_msgs/lib/libsystem_msgs__rosidl_typesupport_cpp.so
[11.858s] -- Set non-toolchain portion of runtime path of "/home/nagi/ros2_ws/install/system_msgs/lib/libsystem_msgs__rosidl_typesupport_cpp.so" to ""
[11.858s] -- Installing: /home/nagi/ros2_ws/install/system_msgs/share/system_msgs/environment/pythonpath.sh
[11.858s] -- Installing: /home/nagi/ros2_ws/install/system_msgs/share/system_msgs/environment/pythonpath.dsv
[11.858s] -- Installing: /home/nagi/ros2_ws/install/system_msgs/lib/python3.12/site-packages/system_msgs-0.0.0-py3.12.egg-info
[11.858s] -- Installing: /home/nagi/ros2_ws/install/system_msgs/lib/python3.12/site-packages/system_msgs-0.0.0-py3.12.egg-info/dependency_links.txt
[11.858s] -- Installing: /home/nagi/ros2_ws/install/system_msgs/lib/python3.12/site-packages/system_msgs-0.0.0-py3.12.egg-info/PKG-INFO
[11.858s] -- Installing: /home/nagi/ros2_ws/install/system_msgs/lib/python3.12/site-packages/system_msgs-0.0.0-py3.12.egg-info/top_level.txt
[11.858s] -- Installing: /home/nagi/ros2_ws/install/system_msgs/lib/python3.12/site-packages/system_msgs-0.0.0-py3.12.egg-info/SOURCES.txt
[11.858s] -- Installing: /home/nagi/ros2_ws/install/system_msgs/lib/python3.12/site-packages/system_msgs
[11.858s] -- Installing: /home/nagi/ros2_ws/install/system_msgs/lib/python3.12/site-packages/system_msgs/system_msgs_s__rosidl_typesupport_introspection_c.so
[11.858s] -- Installing: /home/nagi/ros2_ws/install/system_msgs/lib/python3.12/site-packages/system_msgs/_system_msgs_s.ep.rosidl_typesupport_fastrtps_c.c
[11.858s] -- Installing: /home/nagi/ros2_ws/install/system_msgs/lib/python3.12/site-packages/system_msgs/_system_msgs_s.ep.rosidl_typesupport_introspection_c.c
[11.859s] -- Installing: /home/nagi/ros2_ws/install/system_msgs/lib/python3.12/site-packages/system_msgs/system_msgs_s__rosidl_typesupport_fastrtps_c.so
[11.859s] -- Installing: /home/nagi/ros2_ws/install/system_msgs/lib/python3.12/site-packages/system_msgs/_system_msgs_s.ep.rosidl_typesupport_c.c
[11.859s] -- Installing: /home/nagi/ros2_ws/install/system_msgs/lib/python3.12/site-packages/system_msgs/msg
[11.859s] -- Installing: /home/nagi/ros2_ws/install/system_msgs/lib/python3.12/site-packages/system_msgs/msg/_response.py
[11.859s] -- Installing: /home/nagi/ros2_ws/install/system_msgs/lib/python3.12/site-packages/system_msgs/msg/_rm_status_s.c
[11.859s] -- Installing: /home/nagi/ros2_ws/install/system_msgs/lib/python3.12/site-packages/system_msgs/msg/_rm_event_s.c
[11.859s] -- Installing: /home/nagi/ros2_ws/install/system_msgs/lib/python3.12/site-packages/system_msgs/msg/_rm_event.py
[11.859s] -- Installing: /home/nagi/ros2_ws/install/system_msgs/lib/python3.12/site-packages/system_msgs/msg/_rm_notioncmd_s.c
[11.859s] -- Installing: /home/nagi/ros2_ws/install/system_msgs/lib/python3.12/site-packages/system_msgs/msg/_response_s.c
[11.859s] -- Installing: /home/nagi/ros2_ws/install/system_msgs/lib/python3.12/site-packages/system_msgs/msg/_rm_status.py
[11.859s] -- Installing: /home/nagi/ros2_ws/install/system_msgs/lib/python3.12/site-packages/system_msgs/msg/__init__.py
[11.859s] -- Installing: /home/nagi/ros2_ws/install/system_msgs/lib/python3.12/site-packages/system_msgs/msg/_rm_notioncmd.py
[11.859s] -- Installing: /home/nagi/ros2_ws/install/system_msgs/lib/python3.12/site-packages/system_msgs/system_msgs_s__rosidl_typesupport_c.so
[11.859s] -- Installing: /home/nagi/ros2_ws/install/system_msgs/lib/python3.12/site-packages/system_msgs/__init__.py
[11.901s] Listing '/home/nagi/ros2_ws/install/system_msgs/lib/python3.12/site-packages/system_msgs'...
[11.901s] Compiling '/home/nagi/ros2_ws/install/system_msgs/lib/python3.12/site-packages/system_msgs/__init__.py'...
[11.901s] Listing '/home/nagi/ros2_ws/install/system_msgs/lib/python3.12/site-packages/system_msgs/msg'...
[11.901s] Compiling '/home/nagi/ros2_ws/install/system_msgs/lib/python3.12/site-packages/system_msgs/msg/__init__.py'...
[11.901s] Compiling '/home/nagi/ros2_ws/install/system_msgs/lib/python3.12/site-packages/system_msgs/msg/_response.py'...
[11.901s] Compiling '/home/nagi/ros2_ws/install/system_msgs/lib/python3.12/site-packages/system_msgs/msg/_rm_event.py'...
[11.901s] Compiling '/home/nagi/ros2_ws/install/system_msgs/lib/python3.12/site-packages/system_msgs/msg/_rm_notioncmd.py'...
[11.901s] Compiling '/home/nagi/ros2_ws/install/system_msgs/lib/python3.12/site-packages/system_msgs/msg/_rm_status.py'...
[11.907s] -- Installing: /home/nagi/ros2_ws/install/system_msgs/lib/python3.12/site-packages/system_msgs/system_msgs_s__rosidl_typesupport_fastrtps_c.so
[11.907s] -- Set non-toolchain portion of runtime path of "/home/nagi/ros2_ws/install/system_msgs/lib/python3.12/site-packages/system_msgs/system_msgs_s__rosidl_typesupport_fastrtps_c.so" to ""
[11.907s] -- Installing: /home/nagi/ros2_ws/install/system_msgs/lib/python3.12/site-packages/system_msgs/system_msgs_s__rosidl_typesupport_introspection_c.so
[11.907s] -- Set non-toolchain portion of runtime path of "/home/nagi/ros2_ws/install/system_msgs/lib/python3.12/site-packages/system_msgs/system_msgs_s__rosidl_typesupport_introspection_c.so" to ""
[11.908s] -- Installing: /home/nagi/ros2_ws/install/system_msgs/lib/python3.12/site-packages/system_msgs/system_msgs_s__rosidl_typesupport_c.so
[11.908s] -- Set non-toolchain portion of runtime path of "/home/nagi/ros2_ws/install/system_msgs/lib/python3.12/site-packages/system_msgs/system_msgs_s__rosidl_typesupport_c.so" to ""
[11.908s] -- Installing: /home/nagi/ros2_ws/install/system_msgs/lib/libsystem_msgs__rosidl_generator_py.so
[11.908s] -- Set non-toolchain portion of runtime path of "/home/nagi/ros2_ws/install/system_msgs/lib/libsystem_msgs__rosidl_generator_py.so" to ""
[11.908s] -- Installing: /home/nagi/ros2_ws/install/system_msgs/share/system_msgs/msg/RmEvent.idl
[11.908s] -- Installing: /home/nagi/ros2_ws/install/system_msgs/share/system_msgs/msg/RmNotioncmd.idl
[11.908s] -- Installing: /home/nagi/ros2_ws/install/system_msgs/share/system_msgs/msg/RmStatus.idl
[11.909s] -- Installing: /home/nagi/ros2_ws/install/system_msgs/share/system_msgs/msg/Response.idl
[11.909s] -- Installing: /home/nagi/ros2_ws/install/system_msgs/share/system_msgs/msg/RmEvent.msg
[11.909s] -- Installing: /home/nagi/ros2_ws/install/system_msgs/share/system_msgs/msg/RmNotioncmd.msg
[11.909s] -- Installing: /home/nagi/ros2_ws/install/system_msgs/share/system_msgs/msg/RmStatus.msg
[11.909s] -- Installing: /home/nagi/ros2_ws/install/system_msgs/share/system_msgs/msg/Response.msg
[11.909s] -- Installing: /home/nagi/ros2_ws/install/system_msgs/share/ament_index/resource_index/package_run_dependencies/system_msgs
[11.910s] -- Installing: /home/nagi/ros2_ws/install/system_msgs/share/ament_index/resource_index/parent_prefix_path/system_msgs
[11.910s] -- Installing: /home/nagi/ros2_ws/install/system_msgs/share/system_msgs/environment/ament_prefix_path.sh
[11.910s] -- Installing: /home/nagi/ros2_ws/install/system_msgs/share/system_msgs/environment/ament_prefix_path.dsv
[11.910s] -- Installing: /home/nagi/ros2_ws/install/system_msgs/share/system_msgs/environment/path.sh
[11.910s] -- Installing: /home/nagi/ros2_ws/install/system_msgs/share/system_msgs/environment/path.dsv
[11.910s] -- Installing: /home/nagi/ros2_ws/install/system_msgs/share/system_msgs/local_setup.bash
[11.910s] -- Installing: /home/nagi/ros2_ws/install/system_msgs/share/system_msgs/local_setup.sh
[11.911s] -- Installing: /home/nagi/ros2_ws/install/system_msgs/share/system_msgs/local_setup.zsh
[11.911s] -- Installing: /home/nagi/ros2_ws/install/system_msgs/share/system_msgs/local_setup.dsv
[11.911s] -- Installing: /home/nagi/ros2_ws/install/system_msgs/share/system_msgs/package.dsv
[11.911s] -- Installing: /home/nagi/ros2_ws/install/system_msgs/share/ament_index/resource_index/packages/system_msgs
[11.911s] -- Installing: /home/nagi/ros2_ws/install/system_msgs/share/system_msgs/cmake/export_system_msgs__rosidl_generator_cExport.cmake
[11.911s] -- Installing: /home/nagi/ros2_ws/install/system_msgs/share/system_msgs/cmake/export_system_msgs__rosidl_generator_cExport-noconfig.cmake
[11.911s] -- Installing: /home/nagi/ros2_ws/install/system_msgs/share/system_msgs/cmake/export_system_msgs__rosidl_typesupport_fastrtps_cExport.cmake
[11.911s] -- Installing: /home/nagi/ros2_ws/install/system_msgs/share/system_msgs/cmake/export_system_msgs__rosidl_typesupport_fastrtps_cExport-noconfig.cmake
[11.912s] -- Installing: /home/nagi/ros2_ws/install/system_msgs/share/system_msgs/cmake/export_system_msgs__rosidl_generator_cppExport.cmake
[11.912s] -- Installing: /home/nagi/ros2_ws/install/system_msgs/share/system_msgs/cmake/export_system_msgs__rosidl_typesupport_fastrtps_cppExport.cmake
[11.912s] -- Installing: /home/nagi/ros2_ws/install/system_msgs/share/system_msgs/cmake/export_system_msgs__rosidl_typesupport_fastrtps_cppExport-noconfig.cmake
[11.912s] -- Installing: /home/nagi/ros2_ws/install/system_msgs/share/system_msgs/cmake/system_msgs__rosidl_typesupport_introspection_cExport.cmake
[11.912s] -- Installing: /home/nagi/ros2_ws/install/system_msgs/share/system_msgs/cmake/system_msgs__rosidl_typesupport_introspection_cExport-noconfig.cmake
[11.913s] -- Installing: /home/nagi/ros2_ws/install/system_msgs/share/system_msgs/cmake/system_msgs__rosidl_typesupport_cExport.cmake
[11.913s] -- Installing: /home/nagi/ros2_ws/install/system_msgs/share/system_msgs/cmake/system_msgs__rosidl_typesupport_cExport-noconfig.cmake
[11.913s] -- Installing: /home/nagi/ros2_ws/install/system_msgs/share/system_msgs/cmake/system_msgs__rosidl_typesupport_introspection_cppExport.cmake
[11.913s] -- Installing: /home/nagi/ros2_ws/install/system_msgs/share/system_msgs/cmake/system_msgs__rosidl_typesupport_introspection_cppExport-noconfig.cmake
[11.913s] -- Installing: /home/nagi/ros2_ws/install/system_msgs/share/system_msgs/cmake/system_msgs__rosidl_typesupport_cppExport.cmake
[11.913s] -- Installing: /home/nagi/ros2_ws/install/system_msgs/share/system_msgs/cmake/system_msgs__rosidl_typesupport_cppExport-noconfig.cmake
[11.913s] -- Installing: /home/nagi/ros2_ws/install/system_msgs/share/system_msgs/cmake/export_system_msgs__rosidl_generator_pyExport.cmake
[11.914s] -- Installing: /home/nagi/ros2_ws/install/system_msgs/share/system_msgs/cmake/export_system_msgs__rosidl_generator_pyExport-noconfig.cmake
[11.914s] -- Installing: /home/nagi/ros2_ws/install/system_msgs/share/system_msgs/cmake/rosidl_cmake-extras.cmake
[11.914s] -- Installing: /home/nagi/ros2_ws/install/system_msgs/share/system_msgs/cmake/ament_cmake_export_dependencies-extras.cmake
[11.914s] -- Installing: /home/nagi/ros2_ws/install/system_msgs/share/system_msgs/cmake/ament_cmake_export_include_directories-extras.cmake
[11.914s] -- Installing: /home/nagi/ros2_ws/install/system_msgs/share/system_msgs/cmake/ament_cmake_export_libraries-extras.cmake
[11.914s] -- Installing: /home/nagi/ros2_ws/install/system_msgs/share/system_msgs/cmake/ament_cmake_export_targets-extras.cmake
[11.914s] -- Installing: /home/nagi/ros2_ws/install/system_msgs/share/system_msgs/cmake/rosidl_cmake_export_typesupport_targets-extras.cmake
[11.914s] -- Installing: /home/nagi/ros2_ws/install/system_msgs/share/system_msgs/cmake/rosidl_cmake_export_typesupport_libraries-extras.cmake
[11.914s] -- Installing: /home/nagi/ros2_ws/install/system_msgs/share/system_msgs/cmake/system_msgsConfig.cmake
[11.914s] -- Installing: /home/nagi/ros2_ws/install/system_msgs/share/system_msgs/cmake/system_msgsConfig-version.cmake
[11.914s] -- Installing: /home/nagi/ros2_ws/install/system_msgs/share/system_msgs/package.xml
[11.916s] Invoked command in '/home/nagi/ros2_ws/build/system_msgs' returned '0': CMAKE_PREFIX_PATH=${CMAKE_PREFIX_PATH}:/home/nagi/ros2_ws/install/mypkg:/opt/ros/jazzy /usr/bin/cmake --install /home/nagi/ros2_ws/build/system_msgs
