[0.618s] DEBUG:colcon:Command line arguments: ['/usr/bin/colcon', 'build']
[0.618s] DEBUG:colcon:Parsed command line arguments: Namespace(log_base=None, log_level=None, verb_name='build', build_base='build', install_base='install', merge_install=False, symlink_install=False, test_result_base=None, continue_on_error=False, executor='parallel', parallel_workers=20, event_handlers=None, ignore_user_meta=False, metas=['./colcon.meta'], base_paths=['.'], packages_ignore=None, packages_ignore_regex=None, paths=None, packages_up_to=None, packages_up_to_regex=None, packages_above=None, packages_above_and_dependencies=None, packages_above_depth=None, packages_select_by_dep=None, packages_skip_by_dep=None, packages_skip_up_to=None, packages_select_build_failed=False, packages_skip_build_finished=False, packages_select_test_failures=False, packages_skip_test_passed=False, packages_select=None, packages_skip=None, packages_select_regex=None, packages_skip_regex=None, packages_start=None, packages_end=None, allow_overriding=[], cmake_args=None, cmake_target=None, cmake_target_skip_unavailable=False, cmake_clean_cache=False, cmake_clean_first=False, cmake_force_configure=False, ament_cmake_args=None, catkin_cmake_args=None, catkin_skip_building_tests=False, verb_parser=<colcon_defaults.argument_parser.defaults.DefaultArgumentsDecorator object at 0x763a9c5326c0>, verb_extension=<colcon_core.verb.build.BuildVerb object at 0x763a9c6bd340>, main=<bound method BuildVerb.main of <colcon_core.verb.build.BuildVerb object at 0x763a9c6bd340>>)
[0.693s] Level 1:colcon.colcon_core.package_discovery:discover_packages(colcon_meta) check parameters
[0.693s] Level 1:colcon.colcon_core.package_discovery:discover_packages(recursive) check parameters
[0.693s] Level 1:colcon.colcon_core.package_discovery:discover_packages(ignore) check parameters
[0.693s] Level 1:colcon.colcon_core.package_discovery:discover_packages(path) check parameters
[0.694s] Level 1:colcon.colcon_core.package_discovery:discover_packages(colcon_meta) discover
[0.694s] Level 1:colcon.colcon_core.package_discovery:discover_packages(recursive) discover
[0.694s] INFO:colcon.colcon_core.package_discovery:Crawling recursively for packages in '/home/nagi/ros2_ws'
[0.694s] Level 1:colcon.colcon_core.package_identification:_identify(.) by extensions ['ignore', 'ignore_ament_install']
[0.694s] Level 1:colcon.colcon_core.package_identification:_identify(.) by extension 'ignore'
[0.694s] Level 1:colcon.colcon_core.package_identification:_identify(.) by extension 'ignore_ament_install'
[0.694s] Level 1:colcon.colcon_core.package_identification:_identify(.) by extensions ['colcon_pkg']
[0.694s] Level 1:colcon.colcon_core.package_identification:_identify(.) by extension 'colcon_pkg'
[0.694s] Level 1:colcon.colcon_core.package_identification:_identify(.) by extensions ['colcon_meta']
[0.694s] Level 1:colcon.colcon_core.package_identification:_identify(.) by extension 'colcon_meta'
[0.694s] Level 1:colcon.colcon_core.package_identification:_identify(.) by extensions ['ros']
[0.694s] Level 1:colcon.colcon_core.package_identification:_identify(.) by extension 'ros'
[0.750s] Level 1:colcon.colcon_core.package_identification:_identify(.) by extensions ['cmake', 'python']
[0.750s] Level 1:colcon.colcon_core.package_identification:_identify(.) by extension 'cmake'
[0.750s] Level 1:colcon.colcon_core.package_identification:_identify(.) by extension 'python'
[0.750s] Level 1:colcon.colcon_core.package_identification:_identify(.) by extensions ['python_setup_py']
[0.750s] Level 1:colcon.colcon_core.package_identification:_identify(.) by extension 'python_setup_py'
[0.750s] Level 1:colcon.colcon_core.package_identification:_identify(build) by extensions ['ignore', 'ignore_ament_install']
[0.751s] Level 1:colcon.colcon_core.package_identification:_identify(build) by extension 'ignore'
[0.751s] Level 1:colcon.colcon_core.package_identification:_identify(build) ignored
[0.751s] Level 1:colcon.colcon_core.package_identification:_identify(install) by extensions ['ignore', 'ignore_ament_install']
[0.751s] Level 1:colcon.colcon_core.package_identification:_identify(install) by extension 'ignore'
[0.751s] Level 1:colcon.colcon_core.package_identification:_identify(install) ignored
[0.751s] Level 1:colcon.colcon_core.package_identification:_identify(log) by extensions ['ignore', 'ignore_ament_install']
[0.751s] Level 1:colcon.colcon_core.package_identification:_identify(log) by extension 'ignore'
[0.751s] Level 1:colcon.colcon_core.package_identification:_identify(log) ignored
[0.752s] Level 1:colcon.colcon_core.package_identification:_identify(mypkg) by extensions ['ignore', 'ignore_ament_install']
[0.752s] Level 1:colcon.colcon_core.package_identification:_identify(mypkg) by extension 'ignore'
[0.752s] Level 1:colcon.colcon_core.package_identification:_identify(mypkg) by extension 'ignore_ament_install'
[0.752s] Level 1:colcon.colcon_core.package_identification:_identify(mypkg) by extensions ['colcon_pkg']
[0.752s] Level 1:colcon.colcon_core.package_identification:_identify(mypkg) by extension 'colcon_pkg'
[0.752s] Level 1:colcon.colcon_core.package_identification:_identify(mypkg) by extensions ['colcon_meta']
[0.752s] Level 1:colcon.colcon_core.package_identification:_identify(mypkg) by extension 'colcon_meta'
[0.753s] Level 1:colcon.colcon_core.package_identification:_identify(mypkg) by extensions ['ros']
[0.753s] Level 1:colcon.colcon_core.package_identification:_identify(mypkg) by extension 'ros'
[0.753s] Level 1:colcon.colcon_core.package_identification:_identify(mypkg) by extensions ['cmake', 'python']
[0.753s] Level 1:colcon.colcon_core.package_identification:_identify(mypkg) by extension 'cmake'
[0.753s] Level 1:colcon.colcon_core.package_identification:_identify(mypkg) by extension 'python'
[0.753s] Level 1:colcon.colcon_core.package_identification:_identify(mypkg) by extensions ['python_setup_py']
[0.753s] Level 1:colcon.colcon_core.package_identification:_identify(mypkg) by extension 'python_setup_py'
[0.753s] Level 1:colcon.colcon_core.package_identification:_identify(src) by extensions ['ignore', 'ignore_ament_install']
[0.753s] Level 1:colcon.colcon_core.package_identification:_identify(src) by extension 'ignore'
[0.754s] Level 1:colcon.colcon_core.package_identification:_identify(src) by extension 'ignore_ament_install'
[0.754s] Level 1:colcon.colcon_core.package_identification:_identify(src) by extensions ['colcon_pkg']
[0.754s] Level 1:colcon.colcon_core.package_identification:_identify(src) by extension 'colcon_pkg'
[0.754s] Level 1:colcon.colcon_core.package_identification:_identify(src) by extensions ['colcon_meta']
[0.754s] Level 1:colcon.colcon_core.package_identification:_identify(src) by extension 'colcon_meta'
[0.754s] Level 1:colcon.colcon_core.package_identification:_identify(src) by extensions ['ros']
[0.754s] Level 1:colcon.colcon_core.package_identification:_identify(src) by extension 'ros'
[0.754s] Level 1:colcon.colcon_core.package_identification:_identify(src) by extensions ['cmake', 'python']
[0.754s] Level 1:colcon.colcon_core.package_identification:_identify(src) by extension 'cmake'
[0.754s] Level 1:colcon.colcon_core.package_identification:_identify(src) by extension 'python'
[0.754s] Level 1:colcon.colcon_core.package_identification:_identify(src) by extensions ['python_setup_py']
[0.754s] Level 1:colcon.colcon_core.package_identification:_identify(src) by extension 'python_setup_py'
[0.755s] Level 1:colcon.colcon_core.package_identification:_identify(src/mypkg) by extensions ['ignore', 'ignore_ament_install']
[0.755s] Level 1:colcon.colcon_core.package_identification:_identify(src/mypkg) by extension 'ignore'
[0.755s] Level 1:colcon.colcon_core.package_identification:_identify(src/mypkg) by extension 'ignore_ament_install'
[0.755s] Level 1:colcon.colcon_core.package_identification:_identify(src/mypkg) by extensions ['colcon_pkg']
[0.755s] Level 1:colcon.colcon_core.package_identification:_identify(src/mypkg) by extension 'colcon_pkg'
[0.755s] Level 1:colcon.colcon_core.package_identification:_identify(src/mypkg) by extensions ['colcon_meta']
[0.755s] Level 1:colcon.colcon_core.package_identification:_identify(src/mypkg) by extension 'colcon_meta'
[0.755s] Level 1:colcon.colcon_core.package_identification:_identify(src/mypkg) by extensions ['ros']
[0.755s] Level 1:colcon.colcon_core.package_identification:_identify(src/mypkg) by extension 'ros'
[0.762s] DEBUG:colcon.colcon_core.package_identification:Package 'src/mypkg' with type 'ros.ament_python' and name 'mypkg'
[0.762s] Level 1:colcon.colcon_core.package_identification:_identify(src/system_msgs) by extensions ['ignore', 'ignore_ament_install']
[0.762s] Level 1:colcon.colcon_core.package_identification:_identify(src/system_msgs) by extension 'ignore'
[0.763s] Level 1:colcon.colcon_core.package_identification:_identify(src/system_msgs) by extension 'ignore_ament_install'
[0.763s] Level 1:colcon.colcon_core.package_identification:_identify(src/system_msgs) by extensions ['colcon_pkg']
[0.763s] Level 1:colcon.colcon_core.package_identification:_identify(src/system_msgs) by extension 'colcon_pkg'
[0.763s] Level 1:colcon.colcon_core.package_identification:_identify(src/system_msgs) by extensions ['colcon_meta']
[0.763s] Level 1:colcon.colcon_core.package_identification:_identify(src/system_msgs) by extension 'colcon_meta'
[0.763s] Level 1:colcon.colcon_core.package_identification:_identify(src/system_msgs) by extensions ['ros']
[0.763s] Level 1:colcon.colcon_core.package_identification:_identify(src/system_msgs) by extension 'ros'
[0.764s] DEBUG:colcon.colcon_core.package_identification:Package 'src/system_msgs' with type 'ros.ament_cmake' and name 'system_msgs'
[0.764s] Level 1:colcon.colcon_core.package_discovery:discover_packages(recursive) using defaults
[0.764s] Level 1:colcon.colcon_core.package_discovery:discover_packages(ignore) discover
[0.764s] Level 1:colcon.colcon_core.package_discovery:discover_packages(ignore) using defaults
[0.764s] Level 1:colcon.colcon_core.package_discovery:discover_packages(path) discover
[0.764s] Level 1:colcon.colcon_core.package_discovery:discover_packages(path) using defaults
[0.805s] Level 1:colcon.colcon_core.package_discovery:discover_packages(prefix_path) check parameters
[0.805s] Level 1:colcon.colcon_core.package_discovery:discover_packages(prefix_path) discover
[0.808s] WARNING:colcon.colcon_ros.prefix_path.ament:The path '/home/nagi/ros2_ws/install/system_msgs' in the environment variable AMENT_PREFIX_PATH doesn't exist
[0.808s] WARNING:colcon.colcon_ros.prefix_path.ament:The path '/home/nagi/ros2_ws/install/person_msgs' in the environment variable AMENT_PREFIX_PATH doesn't exist
[0.809s] WARNING:colcon.colcon_ros.prefix_path.ament:The path '/home/nagi/ros2_ws/install/mypkg' in the environment variable AMENT_PREFIX_PATH doesn't exist
[0.809s] WARNING:colcon.colcon_ros.prefix_path.catkin:The path '/home/nagi/ros2_ws/install/system_msgs' in the environment variable CMAKE_PREFIX_PATH doesn't exist
[0.809s] WARNING:colcon.colcon_ros.prefix_path.catkin:The path '/home/nagi/ros2_ws/install/person_msgs' in the environment variable CMAKE_PREFIX_PATH doesn't exist
[0.810s] DEBUG:colcon.colcon_installed_package_information.package_discovery:Found 0 installed packages in /home/nagi/ros2_ws/install
[0.812s] DEBUG:colcon.colcon_installed_package_information.package_discovery:Found 285 installed packages in /opt/ros/jazzy
[0.813s] Level 1:colcon.colcon_core.package_discovery:discover_packages(prefix_path) using defaults
[0.942s] Level 5:colcon.colcon_core.verb:set package 'system_msgs' build argument 'cmake_args' from command line to 'None'
[0.942s] Level 5:colcon.colcon_core.verb:set package 'system_msgs' build argument 'cmake_target' from command line to 'None'
[0.942s] Level 5:colcon.colcon_core.verb:set package 'system_msgs' build argument 'cmake_target_skip_unavailable' from command line to 'False'
[0.942s] Level 5:colcon.colcon_core.verb:set package 'system_msgs' build argument 'cmake_clean_cache' from command line to 'False'
[0.942s] Level 5:colcon.colcon_core.verb:set package 'system_msgs' build argument 'cmake_clean_first' from command line to 'False'
[0.942s] Level 5:colcon.colcon_core.verb:set package 'system_msgs' build argument 'cmake_force_configure' from command line to 'False'
[0.943s] Level 5:colcon.colcon_core.verb:set package 'system_msgs' build argument 'ament_cmake_args' from command line to 'None'
[0.943s] Level 5:colcon.colcon_core.verb:set package 'system_msgs' build argument 'catkin_cmake_args' from command line to 'None'
[0.943s] Level 5:colcon.colcon_core.verb:set package 'system_msgs' build argument 'catkin_skip_building_tests' from command line to 'False'
[0.943s] DEBUG:colcon.colcon_core.verb:Building package 'system_msgs' with the following arguments: {'ament_cmake_args': None, 'build_base': '/home/nagi/ros2_ws/build/system_msgs', 'catkin_cmake_args': None, 'catkin_skip_building_tests': False, 'cmake_args': None, 'cmake_clean_cache': False, 'cmake_clean_first': False, 'cmake_force_configure': False, 'cmake_target': None, 'cmake_target_skip_unavailable': False, 'install_base': '/home/nagi/ros2_ws/install/system_msgs', 'merge_install': False, 'path': '/home/nagi/ros2_ws/src/system_msgs', 'symlink_install': False, 'test_result_base': None}
[0.943s] Level 5:colcon.colcon_core.verb:set package 'mypkg' build argument 'cmake_args' from command line to 'None'
[0.943s] Level 5:colcon.colcon_core.verb:set package 'mypkg' build argument 'cmake_target' from command line to 'None'
[0.943s] Level 5:colcon.colcon_core.verb:set package 'mypkg' build argument 'cmake_target_skip_unavailable' from command line to 'False'
[0.943s] Level 5:colcon.colcon_core.verb:set package 'mypkg' build argument 'cmake_clean_cache' from command line to 'False'
[0.943s] Level 5:colcon.colcon_core.verb:set package 'mypkg' build argument 'cmake_clean_first' from command line to 'False'
[0.943s] Level 5:colcon.colcon_core.verb:set package 'mypkg' build argument 'cmake_force_configure' from command line to 'False'
[0.943s] Level 5:colcon.colcon_core.verb:set package 'mypkg' build argument 'ament_cmake_args' from command line to 'None'
[0.943s] Level 5:colcon.colcon_core.verb:set package 'mypkg' build argument 'catkin_cmake_args' from command line to 'None'
[0.943s] Level 5:colcon.colcon_core.verb:set package 'mypkg' build argument 'catkin_skip_building_tests' from command line to 'False'
[0.943s] DEBUG:colcon.colcon_core.verb:Building package 'mypkg' with the following arguments: {'ament_cmake_args': None, 'build_base': '/home/nagi/ros2_ws/build/mypkg', 'catkin_cmake_args': None, 'catkin_skip_building_tests': False, 'cmake_args': None, 'cmake_clean_cache': False, 'cmake_clean_first': False, 'cmake_force_configure': False, 'cmake_target': None, 'cmake_target_skip_unavailable': False, 'install_base': '/home/nagi/ros2_ws/install/mypkg', 'merge_install': False, 'path': '/home/nagi/ros2_ws/src/mypkg', 'symlink_install': False, 'test_result_base': None}
[0.943s] INFO:colcon.colcon_core.executor:Executing jobs using 'parallel' executor
[0.944s] DEBUG:colcon.colcon_parallel_executor.executor.parallel:run_until_complete
[0.944s] INFO:colcon.colcon_ros.task.ament_cmake.build:Building ROS package in '/home/nagi/ros2_ws/src/system_msgs' with build type 'ament_cmake'
[0.944s] INFO:colcon.colcon_cmake.task.cmake.build:Building CMake package in '/home/nagi/ros2_ws/src/system_msgs'
[0.950s] INFO:colcon.colcon_core.plugin_system:Skipping extension 'colcon_core.shell.bat': Not used on non-Windows systems
[0.951s] INFO:colcon.colcon_core.shell:Skip shell extension 'powershell' for command environment: Not usable outside of PowerShell
[0.951s] DEBUG:colcon.colcon_core.shell:Skip shell extension 'dsv' for command environment
[0.960s] DEBUG:colcon.colcon_core.event_handler.log_command:Invoking command in '/home/nagi/ros2_ws/build/system_msgs': CMAKE_PREFIX_PATH=${CMAKE_PREFIX_PATH}:/home/nagi/ros2_ws/install/mypkg:/opt/ros/jazzy /usr/bin/cmake /home/nagi/ros2_ws/src/system_msgs -DCMAKE_INSTALL_PREFIX=/home/nagi/ros2_ws/install/system_msgs
[7.168s] DEBUG:colcon.colcon_core.event_handler.log_command:Invoked command in '/home/nagi/ros2_ws/build/system_msgs' returned '0': CMAKE_PREFIX_PATH=${CMAKE_PREFIX_PATH}:/home/nagi/ros2_ws/install/mypkg:/opt/ros/jazzy /usr/bin/cmake /home/nagi/ros2_ws/src/system_msgs -DCMAKE_INSTALL_PREFIX=/home/nagi/ros2_ws/install/system_msgs
[7.169s] DEBUG:colcon.colcon_core.event_handler.log_command:Invoking command in '/home/nagi/ros2_ws/build/system_msgs': CMAKE_PREFIX_PATH=${CMAKE_PREFIX_PATH}:/home/nagi/ros2_ws/install/mypkg:/opt/ros/jazzy /usr/bin/cmake --build /home/nagi/ros2_ws/build/system_msgs -- -j20 -l20
[11.965s] DEBUG:colcon.colcon_core.event_handler.log_command:Invoked command in '/home/nagi/ros2_ws/build/system_msgs' returned '0': CMAKE_PREFIX_PATH=${CMAKE_PREFIX_PATH}:/home/nagi/ros2_ws/install/mypkg:/opt/ros/jazzy /usr/bin/cmake --build /home/nagi/ros2_ws/build/system_msgs -- -j20 -l20
[11.975s] DEBUG:colcon.colcon_core.event_handler.log_command:Invoking command in '/home/nagi/ros2_ws/build/system_msgs': CMAKE_PREFIX_PATH=${CMAKE_PREFIX_PATH}:/home/nagi/ros2_ws/install/mypkg:/opt/ros/jazzy /usr/bin/cmake --install /home/nagi/ros2_ws/build/system_msgs
[12.055s] Level 1:colcon.colcon_core.environment:create_environment_scripts_only(system_msgs)
[12.056s] DEBUG:colcon.colcon_core.event_handler.log_command:Invoked command in '/home/nagi/ros2_ws/build/system_msgs' returned '0': CMAKE_PREFIX_PATH=${CMAKE_PREFIX_PATH}:/home/nagi/ros2_ws/install/mypkg:/opt/ros/jazzy /usr/bin/cmake --install /home/nagi/ros2_ws/build/system_msgs
[12.063s] Level 1:colcon.colcon_core.environment:checking '/home/nagi/ros2_ws/install/system_msgs' for CMake module files
[12.063s] Level 1:colcon.colcon_core.environment:checking '/home/nagi/ros2_ws/install/system_msgs' for CMake config files
[12.064s] Level 1:colcon.colcon_core.shell:create_environment_hook('system_msgs', 'cmake_prefix_path')
[12.064s] INFO:colcon.colcon_core.shell:Creating environment hook '/home/nagi/ros2_ws/install/system_msgs/share/system_msgs/hook/cmake_prefix_path.ps1'
[12.065s] INFO:colcon.colcon_core.shell:Creating environment descriptor '/home/nagi/ros2_ws/install/system_msgs/share/system_msgs/hook/cmake_prefix_path.dsv'
[12.066s] INFO:colcon.colcon_core.shell:Creating environment hook '/home/nagi/ros2_ws/install/system_msgs/share/system_msgs/hook/cmake_prefix_path.sh'
[12.066s] Level 1:colcon.colcon_core.environment:checking '/home/nagi/ros2_ws/install/system_msgs/lib'
[12.067s] Level 1:colcon.colcon_core.shell:create_environment_hook('system_msgs', 'ld_library_path_lib')
[12.067s] INFO:colcon.colcon_core.shell:Creating environment hook '/home/nagi/ros2_ws/install/system_msgs/share/system_msgs/hook/ld_library_path_lib.ps1'
[12.067s] INFO:colcon.colcon_core.shell:Creating environment descriptor '/home/nagi/ros2_ws/install/system_msgs/share/system_msgs/hook/ld_library_path_lib.dsv'
[12.067s] INFO:colcon.colcon_core.shell:Creating environment hook '/home/nagi/ros2_ws/install/system_msgs/share/system_msgs/hook/ld_library_path_lib.sh'
[12.068s] Level 1:colcon.colcon_core.environment:checking '/home/nagi/ros2_ws/install/system_msgs/bin'
[12.068s] Level 1:colcon.colcon_core.environment:checking '/home/nagi/ros2_ws/install/system_msgs/lib/pkgconfig/system_msgs.pc'
[12.068s] Level 1:colcon.colcon_core.environment:checking '/home/nagi/ros2_ws/install/system_msgs/lib/python3.12/site-packages'
[12.068s] Level 1:colcon.colcon_core.shell:create_environment_hook('system_msgs', 'pythonpath')
[12.068s] INFO:colcon.colcon_core.shell:Creating environment hook '/home/nagi/ros2_ws/install/system_msgs/share/system_msgs/hook/pythonpath.ps1'
[12.068s] INFO:colcon.colcon_core.shell:Creating environment descriptor '/home/nagi/ros2_ws/install/system_msgs/share/system_msgs/hook/pythonpath.dsv'
[12.069s] INFO:colcon.colcon_core.shell:Creating environment hook '/home/nagi/ros2_ws/install/system_msgs/share/system_msgs/hook/pythonpath.sh'
[12.069s] Level 1:colcon.colcon_core.environment:checking '/home/nagi/ros2_ws/install/system_msgs/bin'
[12.069s] INFO:colcon.colcon_core.shell:Creating package script '/home/nagi/ros2_ws/install/system_msgs/share/system_msgs/package.ps1'
[12.070s] INFO:colcon.colcon_core.shell:Creating package descriptor '/home/nagi/ros2_ws/install/system_msgs/share/system_msgs/package.dsv'
[12.071s] INFO:colcon.colcon_core.shell:Creating package script '/home/nagi/ros2_ws/install/system_msgs/share/system_msgs/package.sh'
[12.072s] INFO:colcon.colcon_core.shell:Creating package script '/home/nagi/ros2_ws/install/system_msgs/share/system_msgs/package.bash'
[12.072s] INFO:colcon.colcon_core.shell:Creating package script '/home/nagi/ros2_ws/install/system_msgs/share/system_msgs/package.zsh'
[12.073s] Level 1:colcon.colcon_core.environment:create_file_with_runtime_dependencies(/home/nagi/ros2_ws/install/system_msgs/share/colcon-core/packages/system_msgs)
[12.074s] Level 1:colcon.colcon_core.environment:create_environment_scripts_only(system_msgs)
[12.074s] Level 1:colcon.colcon_core.environment:checking '/home/nagi/ros2_ws/install/system_msgs' for CMake module files
[12.074s] Level 1:colcon.colcon_core.environment:checking '/home/nagi/ros2_ws/install/system_msgs' for CMake config files
[12.075s] Level 1:colcon.colcon_core.shell:create_environment_hook('system_msgs', 'cmake_prefix_path')
[12.075s] INFO:colcon.colcon_core.shell:Creating environment hook '/home/nagi/ros2_ws/install/system_msgs/share/system_msgs/hook/cmake_prefix_path.ps1'
[12.075s] INFO:colcon.colcon_core.shell:Creating environment descriptor '/home/nagi/ros2_ws/install/system_msgs/share/system_msgs/hook/cmake_prefix_path.dsv'
[12.075s] INFO:colcon.colcon_core.shell:Creating environment hook '/home/nagi/ros2_ws/install/system_msgs/share/system_msgs/hook/cmake_prefix_path.sh'
[12.076s] Level 1:colcon.colcon_core.environment:checking '/home/nagi/ros2_ws/install/system_msgs/lib'
[12.076s] Level 1:colcon.colcon_core.shell:create_environment_hook('system_msgs', 'ld_library_path_lib')
[12.076s] INFO:colcon.colcon_core.shell:Creating environment hook '/home/nagi/ros2_ws/install/system_msgs/share/system_msgs/hook/ld_library_path_lib.ps1'
[12.076s] INFO:colcon.colcon_core.shell:Creating environment descriptor '/home/nagi/ros2_ws/install/system_msgs/share/system_msgs/hook/ld_library_path_lib.dsv'
[12.077s] INFO:colcon.colcon_core.shell:Creating environment hook '/home/nagi/ros2_ws/install/system_msgs/share/system_msgs/hook/ld_library_path_lib.sh'
[12.077s] Level 1:colcon.colcon_core.environment:checking '/home/nagi/ros2_ws/install/system_msgs/bin'
[12.077s] Level 1:colcon.colcon_core.environment:checking '/home/nagi/ros2_ws/install/system_msgs/lib/pkgconfig/system_msgs.pc'
[12.077s] Level 1:colcon.colcon_core.environment:checking '/home/nagi/ros2_ws/install/system_msgs/lib/python3.12/site-packages'
[12.077s] Level 1:colcon.colcon_core.shell:create_environment_hook('system_msgs', 'pythonpath')
[12.077s] INFO:colcon.colcon_core.shell:Creating environment hook '/home/nagi/ros2_ws/install/system_msgs/share/system_msgs/hook/pythonpath.ps1'
[12.078s] INFO:colcon.colcon_core.shell:Creating environment descriptor '/home/nagi/ros2_ws/install/system_msgs/share/system_msgs/hook/pythonpath.dsv'
[12.078s] INFO:colcon.colcon_core.shell:Creating environment hook '/home/nagi/ros2_ws/install/system_msgs/share/system_msgs/hook/pythonpath.sh'
[12.078s] Level 1:colcon.colcon_core.environment:checking '/home/nagi/ros2_ws/install/system_msgs/bin'
[12.079s] INFO:colcon.colcon_core.shell:Creating package script '/home/nagi/ros2_ws/install/system_msgs/share/system_msgs/package.ps1'
[12.079s] INFO:colcon.colcon_core.shell:Creating package descriptor '/home/nagi/ros2_ws/install/system_msgs/share/system_msgs/package.dsv'
[12.079s] INFO:colcon.colcon_core.shell:Creating package script '/home/nagi/ros2_ws/install/system_msgs/share/system_msgs/package.sh'
[12.080s] INFO:colcon.colcon_core.shell:Creating package script '/home/nagi/ros2_ws/install/system_msgs/share/system_msgs/package.bash'
[12.080s] INFO:colcon.colcon_core.shell:Creating package script '/home/nagi/ros2_ws/install/system_msgs/share/system_msgs/package.zsh'
[12.080s] Level 1:colcon.colcon_core.environment:create_file_with_runtime_dependencies(/home/nagi/ros2_ws/install/system_msgs/share/colcon-core/packages/system_msgs)
[12.081s] INFO:colcon.colcon_ros.task.ament_python.build:Building ROS package in '/home/nagi/ros2_ws/src/mypkg' with build type 'ament_python'
[12.081s] Level 1:colcon.colcon_core.shell:create_environment_hook('mypkg', 'ament_prefix_path')
[12.081s] INFO:colcon.colcon_core.shell:Creating environment hook '/home/nagi/ros2_ws/install/mypkg/share/mypkg/hook/ament_prefix_path.ps1'
[12.082s] INFO:colcon.colcon_core.shell:Creating environment descriptor '/home/nagi/ros2_ws/install/mypkg/share/mypkg/hook/ament_prefix_path.dsv'
[12.083s] INFO:colcon.colcon_core.shell:Creating environment hook '/home/nagi/ros2_ws/install/mypkg/share/mypkg/hook/ament_prefix_path.sh'
[12.083s] INFO:colcon.colcon_core.shell:Skip shell extension 'powershell' for command environment: Not usable outside of PowerShell
[12.083s] DEBUG:colcon.colcon_core.shell:Skip shell extension 'dsv' for command environment
[12.340s] INFO:colcon.colcon_core.task.python.build:Building Python package in '/home/nagi/ros2_ws/src/mypkg'
[12.340s] INFO:colcon.colcon_core.shell:Skip shell extension 'powershell' for command environment: Not usable outside of PowerShell
[12.340s] DEBUG:colcon.colcon_core.shell:Skip shell extension 'dsv' for command environment
[13.239s] DEBUG:colcon.colcon_core.event_handler.log_command:Invoking command in '/home/nagi/ros2_ws/src/mypkg': PYTHONPATH=/home/nagi/ros2_ws/build/mypkg/prefix_override:/usr/lib/python3/dist-packages/colcon_core/task/python/colcon_distutils_commands:/home/nagi/ros2_ws/install/mypkg/lib/python3.12/site-packages:${PYTHONPATH} /usr/bin/python3 -W ignore:setup.py install is deprecated -W ignore:easy_install command is deprecated setup.py egg_info --egg-base ../../build/mypkg build --build-base /home/nagi/ros2_ws/build/mypkg/build install --record /home/nagi/ros2_ws/build/mypkg/install.log --single-version-externally-managed install_data
[13.683s] Level 1:colcon.colcon_core.environment:checking '/home/nagi/ros2_ws/install/mypkg' for CMake module files
[13.684s] DEBUG:colcon.colcon_core.event_handler.log_command:Invoked command in '/home/nagi/ros2_ws/src/mypkg' returned '0': PYTHONPATH=/home/nagi/ros2_ws/build/mypkg/prefix_override:/usr/lib/python3/dist-packages/colcon_core/task/python/colcon_distutils_commands:/home/nagi/ros2_ws/install/mypkg/lib/python3.12/site-packages:${PYTHONPATH} /usr/bin/python3 -W ignore:setup.py install is deprecated -W ignore:easy_install command is deprecated setup.py egg_info --egg-base ../../build/mypkg build --build-base /home/nagi/ros2_ws/build/mypkg/build install --record /home/nagi/ros2_ws/build/mypkg/install.log --single-version-externally-managed install_data
[13.684s] Level 1:colcon.colcon_core.environment:checking '/home/nagi/ros2_ws/install/mypkg' for CMake config files
[13.685s] Level 1:colcon.colcon_core.environment:checking '/home/nagi/ros2_ws/install/mypkg/lib'
[13.685s] Level 1:colcon.colcon_core.environment:checking '/home/nagi/ros2_ws/install/mypkg/bin'
[13.685s] Level 1:colcon.colcon_core.environment:checking '/home/nagi/ros2_ws/install/mypkg/lib/pkgconfig/mypkg.pc'
[13.685s] Level 1:colcon.colcon_core.environment:checking '/home/nagi/ros2_ws/install/mypkg/lib/python3.12/site-packages'
[13.685s] Level 1:colcon.colcon_core.shell:create_environment_hook('mypkg', 'pythonpath')
[13.685s] INFO:colcon.colcon_core.shell:Creating environment hook '/home/nagi/ros2_ws/install/mypkg/share/mypkg/hook/pythonpath.ps1'
[13.686s] INFO:colcon.colcon_core.shell:Creating environment descriptor '/home/nagi/ros2_ws/install/mypkg/share/mypkg/hook/pythonpath.dsv'
[13.686s] INFO:colcon.colcon_core.shell:Creating environment hook '/home/nagi/ros2_ws/install/mypkg/share/mypkg/hook/pythonpath.sh'
[13.687s] Level 1:colcon.colcon_core.environment:checking '/home/nagi/ros2_ws/install/mypkg/bin'
[13.687s] Level 1:colcon.colcon_core.environment:create_environment_scripts_only(mypkg)
[13.687s] INFO:colcon.colcon_core.shell:Creating package script '/home/nagi/ros2_ws/install/mypkg/share/mypkg/package.ps1'
[13.687s] INFO:colcon.colcon_core.shell:Creating package descriptor '/home/nagi/ros2_ws/install/mypkg/share/mypkg/package.dsv'
[13.687s] INFO:colcon.colcon_core.shell:Creating package script '/home/nagi/ros2_ws/install/mypkg/share/mypkg/package.sh'
[13.688s] INFO:colcon.colcon_core.shell:Creating package script '/home/nagi/ros2_ws/install/mypkg/share/mypkg/package.bash'
[13.688s] INFO:colcon.colcon_core.shell:Creating package script '/home/nagi/ros2_ws/install/mypkg/share/mypkg/package.zsh'
[13.688s] Level 1:colcon.colcon_core.environment:create_file_with_runtime_dependencies(/home/nagi/ros2_ws/install/mypkg/share/colcon-core/packages/mypkg)
[13.689s] DEBUG:colcon.colcon_parallel_executor.executor.parallel:closing loop
[13.689s] DEBUG:colcon.colcon_parallel_executor.executor.parallel:loop closed
[13.689s] DEBUG:colcon.colcon_parallel_executor.executor.parallel:run_until_complete finished with '0'
[13.690s] DEBUG:colcon.colcon_core.event_reactor:joining thread
[13.721s] INFO:colcon.colcon_core.plugin_system:Skipping extension 'colcon_notification.desktop_notification.notify_send': Could not find 'notify-send'
[13.721s] INFO:colcon.colcon_core.plugin_system:Skipping extension 'colcon_notification.desktop_notification.terminal_notifier': Not used on non-Darwin systems
[13.721s] INFO:colcon.colcon_core.plugin_system:Skipping extension 'colcon_notification.desktop_notification.win32': Not used on non-Windows systems
[13.722s] INFO:colcon.colcon_notification.desktop_notification:Sending desktop notification using 'notify2'
[13.724s] DEBUG:colcon.colcon_notification.desktop_notification.notify2:Failed to initialize notify2: org.freedesktop.DBus.Error.ServiceUnknown: The name org.freedesktop.Notifications was not provided by any .service files
[13.724s] DEBUG:colcon.colcon_core.event_reactor:joined thread
[13.724s] INFO:colcon.colcon_core.shell:Creating prefix script '/home/nagi/ros2_ws/install/local_setup.ps1'
[13.726s] INFO:colcon.colcon_core.shell:Creating prefix util module '/home/nagi/ros2_ws/install/_local_setup_util_ps1.py'
[13.727s] INFO:colcon.colcon_core.shell:Creating prefix chain script '/home/nagi/ros2_ws/install/setup.ps1'
[13.729s] INFO:colcon.colcon_core.shell:Creating prefix script '/home/nagi/ros2_ws/install/local_setup.sh'
[13.731s] INFO:colcon.colcon_core.shell:Creating prefix util module '/home/nagi/ros2_ws/install/_local_setup_util_sh.py'
[13.731s] INFO:colcon.colcon_core.shell:Creating prefix chain script '/home/nagi/ros2_ws/install/setup.sh'
[13.733s] INFO:colcon.colcon_core.shell:Creating prefix script '/home/nagi/ros2_ws/install/local_setup.bash'
[13.734s] INFO:colcon.colcon_core.shell:Creating prefix chain script '/home/nagi/ros2_ws/install/setup.bash'
[13.735s] INFO:colcon.colcon_core.shell:Creating prefix script '/home/nagi/ros2_ws/install/local_setup.zsh'
[13.736s] INFO:colcon.colcon_core.shell:Creating prefix chain script '/home/nagi/ros2_ws/install/setup.zsh'
