[1.217s] Invoking command in '/home/nagi/ros2_ws/src/mypkg': PYTHONPATH=/home/nagi/ros2_ws/build/mypkg/prefix_override:/usr/lib/python3/dist-packages/colcon_core/task/python/colcon_distutils_commands:/home/nagi/ros2_ws/install/mypkg/lib/python3.12/site-packages:${PYTHONPATH} /usr/bin/python3 -W ignore:setup.py install is deprecated -W ignore:easy_install command is deprecated setup.py egg_info --egg-base ../../build/mypkg build --build-base /home/nagi/ros2_ws/build/mypkg/build install --record /home/nagi/ros2_ws/build/mypkg/install.log --single-version-externally-managed install_data
[1.433s] running egg_info
[1.434s] creating ../../build/mypkg/mypkg.egg-info
[1.446s] writing ../../build/mypkg/mypkg.egg-info/PKG-INFO
[1.447s] writing dependency_links to ../../build/mypkg/mypkg.egg-info/dependency_links.txt
[1.447s] writing entry points to ../../build/mypkg/mypkg.egg-info/entry_points.txt
[1.447s] writing requirements to ../../build/mypkg/mypkg.egg-info/requires.txt
[1.447s] writing top-level names to ../../build/mypkg/mypkg.egg-info/top_level.txt
[1.447s] writing manifest file '../../build/mypkg/mypkg.egg-info/SOURCES.txt'
[1.477s] reading manifest file '../../build/mypkg/mypkg.egg-info/SOURCES.txt'
[1.477s] writing manifest file '../../build/mypkg/mypkg.egg-info/SOURCES.txt'
[1.477s] running build
[1.478s] running build_py
[1.478s] creating /home/nagi/ros2_ws/build/mypkg/build
[1.478s] creating /home/nagi/ros2_ws/build/mypkg/build/lib
[1.478s] creating /home/nagi/ros2_ws/build/mypkg/build/lib/mypkg
[1.478s] copying mypkg/event.py -> /home/nagi/ros2_ws/build/mypkg/build/lib/mypkg
[1.479s] copying mypkg/judge.py -> /home/nagi/ros2_ws/build/mypkg/build/lib/mypkg
[1.479s] copying mypkg/status.py -> /home/nagi/ros2_ws/build/mypkg/build/lib/mypkg
[1.480s] copying mypkg/response.py -> /home/nagi/ros2_ws/build/mypkg/build/lib/mypkg
[1.480s] copying mypkg/__init__.py -> /home/nagi/ros2_ws/build/mypkg/build/lib/mypkg
[1.481s] running install
[1.487s] running install_lib
[1.500s] creating /home/nagi/ros2_ws/install/mypkg/lib/python3.12/site-packages/mypkg
[1.500s] copying /home/nagi/ros2_ws/build/mypkg/build/lib/mypkg/event.py -> /home/nagi/ros2_ws/install/mypkg/lib/python3.12/site-packages/mypkg
[1.500s] copying /home/nagi/ros2_ws/build/mypkg/build/lib/mypkg/judge.py -> /home/nagi/ros2_ws/install/mypkg/lib/python3.12/site-packages/mypkg
[1.501s] copying /home/nagi/ros2_ws/build/mypkg/build/lib/mypkg/status.py -> /home/nagi/ros2_ws/install/mypkg/lib/python3.12/site-packages/mypkg
[1.501s] copying /home/nagi/ros2_ws/build/mypkg/build/lib/mypkg/response.py -> /home/nagi/ros2_ws/install/mypkg/lib/python3.12/site-packages/mypkg
[1.501s] copying /home/nagi/ros2_ws/build/mypkg/build/lib/mypkg/__init__.py -> /home/nagi/ros2_ws/install/mypkg/lib/python3.12/site-packages/mypkg
[1.501s] byte-compiling /home/nagi/ros2_ws/install/mypkg/lib/python3.12/site-packages/mypkg/event.py to event.cpython-312.pyc
[1.502s] byte-compiling /home/nagi/ros2_ws/install/mypkg/lib/python3.12/site-packages/mypkg/judge.py to judge.cpython-312.pyc
[1.503s] byte-compiling /home/nagi/ros2_ws/install/mypkg/lib/python3.12/site-packages/mypkg/status.py to status.cpython-312.pyc
[1.503s] byte-compiling /home/nagi/ros2_ws/install/mypkg/lib/python3.12/site-packages/mypkg/response.py to response.cpython-312.pyc
[1.504s] byte-compiling /home/nagi/ros2_ws/install/mypkg/lib/python3.12/site-packages/mypkg/__init__.py to __init__.cpython-312.pyc
[1.504s] running install_data
[1.504s] creating /home/nagi/ros2_ws/install/mypkg/share/ament_index
[1.504s] creating /home/nagi/ros2_ws/install/mypkg/share/ament_index/resource_index
[1.504s] creating /home/nagi/ros2_ws/install/mypkg/share/ament_index/resource_index/packages
[1.504s] copying resource/mypkg -> /home/nagi/ros2_ws/install/mypkg/share/ament_index/resource_index/packages
[1.505s] copying package.xml -> /home/nagi/ros2_ws/install/mypkg/share/mypkg
[1.505s] copying launch/medicine_rm.launch.py -> /home/nagi/ros2_ws/install/mypkg/share/mypkg
[1.506s] running install_egg_info
[1.520s] Copying ../../build/mypkg/mypkg.egg-info to /home/nagi/ros2_ws/install/mypkg/lib/python3.12/site-packages/mypkg-0.0.0-py3.12.egg-info
[1.521s] running install_scripts
[1.622s] Installing event script to /home/nagi/ros2_ws/install/mypkg/lib/mypkg
[1.622s] Installing judge script to /home/nagi/ros2_ws/install/mypkg/lib/mypkg
[1.623s] Installing response script to /home/nagi/ros2_ws/install/mypkg/lib/mypkg
[1.624s] Installing status script to /home/nagi/ros2_ws/install/mypkg/lib/mypkg
[1.624s] writing list of installed files to '/home/nagi/ros2_ws/build/mypkg/install.log'
[1.652s] Invoked command in '/home/nagi/ros2_ws/src/mypkg' returned '0': PYTHONPATH=/home/nagi/ros2_ws/build/mypkg/prefix_override:/usr/lib/python3/dist-packages/colcon_core/task/python/colcon_distutils_commands:/home/nagi/ros2_ws/install/mypkg/lib/python3.12/site-packages:${PYTHONPATH} /usr/bin/python3 -W ignore:setup.py install is deprecated -W ignore:easy_install command is deprecated setup.py egg_info --egg-base ../../build/mypkg build --build-base /home/nagi/ros2_ws/build/mypkg/build install --record /home/nagi/ros2_ws/build/mypkg/install.log --single-version-externally-managed install_data
