[1.157s] Invoking command in '/home/nagi/ros2_ws/src/mypkg': PYTHONPATH=/home/nagi/ros2_ws/build/mypkg/prefix_override:/usr/lib/python3/dist-packages/colcon_core/task/python/colcon_distutils_commands:/home/nagi/ros2_ws/install/mypkg/lib/python3.12/site-packages:${PYTHONPATH} /usr/bin/python3 -W ignore:setup.py install is deprecated -W ignore:easy_install command is deprecated setup.py egg_info --egg-base ../../build/mypkg build --build-base /home/nagi/ros2_ws/build/mypkg/build install --record /home/nagi/ros2_ws/build/mypkg/install.log --single-version-externally-managed install_data
[1.379s] running egg_info
[1.379s] creating ../../build/mypkg/mypkg.egg-info
[1.392s] writing ../../build/mypkg/mypkg.egg-info/PKG-INFO
[1.392s] writing dependency_links to ../../build/mypkg/mypkg.egg-info/dependency_links.txt
[1.392s] writing entry points to ../../build/mypkg/mypkg.egg-info/entry_points.txt
[1.393s] writing requirements to ../../build/mypkg/mypkg.egg-info/requires.txt
[1.393s] writing top-level names to ../../build/mypkg/mypkg.egg-info/top_level.txt
[1.393s] writing manifest file '../../build/mypkg/mypkg.egg-info/SOURCES.txt'
[1.422s] reading manifest file '../../build/mypkg/mypkg.egg-info/SOURCES.txt'
[1.422s] writing manifest file '../../build/mypkg/mypkg.egg-info/SOURCES.txt'
[1.422s] running build
[1.422s] running build_py
[1.422s] creating /home/nagi/ros2_ws/build/mypkg/build
[1.423s] creating /home/nagi/ros2_ws/build/mypkg/build/lib
[1.423s] creating /home/nagi/ros2_ws/build/mypkg/build/lib/mypkg
[1.423s] copying mypkg/event.py -> /home/nagi/ros2_ws/build/mypkg/build/lib/mypkg
[1.424s] copying mypkg/judge.py -> /home/nagi/ros2_ws/build/mypkg/build/lib/mypkg
[1.424s] copying mypkg/status.py -> /home/nagi/ros2_ws/build/mypkg/build/lib/mypkg
[1.425s] copying mypkg/response.py -> /home/nagi/ros2_ws/build/mypkg/build/lib/mypkg
[1.425s] copying mypkg/__init__.py -> /home/nagi/ros2_ws/build/mypkg/build/lib/mypkg
[1.425s] running install
[1.431s] running install_lib
[1.446s] creating /home/nagi/ros2_ws/install/mypkg/lib/python3.12/site-packages/mypkg
[1.446s] copying /home/nagi/ros2_ws/build/mypkg/build/lib/mypkg/event.py -> /home/nagi/ros2_ws/install/mypkg/lib/python3.12/site-packages/mypkg
[1.446s] copying /home/nagi/ros2_ws/build/mypkg/build/lib/mypkg/judge.py -> /home/nagi/ros2_ws/install/mypkg/lib/python3.12/site-packages/mypkg
[1.446s] copying /home/nagi/ros2_ws/build/mypkg/build/lib/mypkg/status.py -> /home/nagi/ros2_ws/install/mypkg/lib/python3.12/site-packages/mypkg
[1.446s] copying /home/nagi/ros2_ws/build/mypkg/build/lib/mypkg/response.py -> /home/nagi/ros2_ws/install/mypkg/lib/python3.12/site-packages/mypkg
[1.446s] copying /home/nagi/ros2_ws/build/mypkg/build/lib/mypkg/__init__.py -> /home/nagi/ros2_ws/install/mypkg/lib/python3.12/site-packages/mypkg
[1.447s] byte-compiling /home/nagi/ros2_ws/install/mypkg/lib/python3.12/site-packages/mypkg/event.py to event.cpython-312.pyc
[1.447s] byte-compiling /home/nagi/ros2_ws/install/mypkg/lib/python3.12/site-packages/mypkg/judge.py to judge.cpython-312.pyc
[1.448s] byte-compiling /home/nagi/ros2_ws/install/mypkg/lib/python3.12/site-packages/mypkg/status.py to status.cpython-312.pyc
[1.449s] byte-compiling /home/nagi/ros2_ws/install/mypkg/lib/python3.12/site-packages/mypkg/response.py to response.cpython-312.pyc
[1.450s] byte-compiling /home/nagi/ros2_ws/install/mypkg/lib/python3.12/site-packages/mypkg/__init__.py to __init__.cpython-312.pyc
[1.450s] running install_data
[1.450s] creating /home/nagi/ros2_ws/install/mypkg/share/ament_index
[1.450s] creating /home/nagi/ros2_ws/install/mypkg/share/ament_index/resource_index
[1.450s] creating /home/nagi/ros2_ws/install/mypkg/share/ament_index/resource_index/packages
[1.450s] copying resource/mypkg -> /home/nagi/ros2_ws/install/mypkg/share/ament_index/resource_index/packages
[1.450s] copying package.xml -> /home/nagi/ros2_ws/install/mypkg/share/mypkg
[1.451s] copying launch/medicine_rm.launch.py -> /home/nagi/ros2_ws/install/mypkg/share/mypkg
[1.451s] running install_egg_info
[1.466s] Copying ../../build/mypkg/mypkg.egg-info to /home/nagi/ros2_ws/install/mypkg/lib/python3.12/site-packages/mypkg-0.0.0-py3.12.egg-info
[1.467s] running install_scripts
[1.577s] Installing event script to /home/nagi/ros2_ws/install/mypkg/lib/mypkg
[1.577s] Installing judge script to /home/nagi/ros2_ws/install/mypkg/lib/mypkg
[1.577s] Installing response script to /home/nagi/ros2_ws/install/mypkg/lib/mypkg
[1.577s] Installing status script to /home/nagi/ros2_ws/install/mypkg/lib/mypkg
[1.577s] writing list of installed files to '/home/nagi/ros2_ws/build/mypkg/install.log'
[1.602s] Invoked command in '/home/nagi/ros2_ws/src/mypkg' returned '0': PYTHONPATH=/home/nagi/ros2_ws/build/mypkg/prefix_override:/usr/lib/python3/dist-packages/colcon_core/task/python/colcon_distutils_commands:/home/nagi/ros2_ws/install/mypkg/lib/python3.12/site-packages:${PYTHONPATH} /usr/bin/python3 -W ignore:setup.py install is deprecated -W ignore:easy_install command is deprecated setup.py egg_info --egg-base ../../build/mypkg build --build-base /home/nagi/ros2_ws/build/mypkg/build install --record /home/nagi/ros2_ws/build/mypkg/install.log --single-version-externally-managed install_data
