[0.016s] Invoking command in '/home/nagi/ros2_ws/build/system_msgs': CMAKE_PREFIX_PATH=${CMAKE_PREFIX_PATH}:/home/nagi/ros2_ws/install/mypkg:/opt/ros/jazzy /usr/bin/cmake /home/nagi/ros2_ws/src/system_msgs -DCMAKE_INSTALL_PREFIX=/home/nagi/ros2_ws/install/system_msgs
[0.498s] -- The C compiler identification is GNU 13.3.0
[1.119s] -- The CXX compiler identification is GNU 13.3.0
[2.046s] -- Detecting C compiler ABI info
[2.648s] -- Detecting C compiler ABI info - done
[2.657s] -- Check for working C compiler: /usr/bin/cc - skipped
[2.659s] -- Detecting C compile features
[2.660s] -- Detecting C compile features - done
[3.034s] -- Detecting CXX compiler ABI info
[3.505s] -- Detecting CXX compiler ABI info - done
[3.513s] -- Check for working CXX compiler: /usr/bin/c++ - skipped
[3.513s] -- Detecting CXX compile features
[3.513s] -- Detecting CXX compile features - done
[3.529s] -- Found ament_cmake: 2.5.4 (/opt/ros/jazzy/share/ament_cmake/cmake)
[3.679s] -- Found Python3: /usr/bin/python3 (found version "3.12.3") found components: Interpreter 
[3.805s] -- Found std_msgs: 5.3.6 (/opt/ros/jazzy/share/std_msgs/cmake)
[3.949s] -- Found rosidl_generator_c: 4.6.6 (/opt/ros/jazzy/share/rosidl_generator_c/cmake)
[3.967s] -- Found rosidl_generator_cpp: 4.6.6 (/opt/ros/jazzy/share/rosidl_generator_cpp/cmake)
[3.995s] -- Using all available rosidl_typesupport_c: rosidl_typesupport_fastrtps_c;rosidl_typesupport_introspection_c
[4.020s] -- Using all available rosidl_typesupport_cpp: rosidl_typesupport_fastrtps_cpp;rosidl_typesupport_introspection_cpp
[4.067s] -- Found rosidl_default_generators: 1.6.0 (/opt/ros/jazzy/share/rosidl_default_generators/cmake)
[4.086s] -- Found rosidl_adapter: 4.6.6 (/opt/ros/jazzy/share/rosidl_adapter/cmake)
[4.715s] -- Found ament_cmake_ros: 0.12.0 (/opt/ros/jazzy/share/ament_cmake_ros/cmake)
[5.498s] -- Using all available rosidl_typesupport_c: rosidl_typesupport_fastrtps_c;rosidl_typesupport_introspection_c
[5.800s] -- Using all available rosidl_typesupport_cpp: rosidl_typesupport_fastrtps_cpp;rosidl_typesupport_introspection_cpp
[5.805s] -- Found python_cmake_module: 0.11.1 (/opt/ros/jazzy/share/python_cmake_module/cmake)
[5.938s] -- Found PythonExtra: /usr/bin/python3  
[6.478s] -- Found Python3: /usr/bin/python3 (found version "3.12.3") found components: Interpreter Development NumPy Development.Module Development.Embed 
[6.528s] -- Found ament_lint_auto: 0.17.3 (/opt/ros/jazzy/share/ament_lint_auto/cmake)
[6.570s] -- Added test 'lint_cmake' to check CMake code style
[6.572s] -- Added test 'xmllint' to check XML markup files
[6.576s] -- Configuring done (6.5s)
[6.624s] -- Generating done (0.0s)
[6.635s] -- Build files have been written to: /home/nagi/ros2_ws/build/system_msgs
[6.646s] Invoked command in '/home/nagi/ros2_ws/build/system_msgs' returned '0': CMAKE_PREFIX_PATH=${CMAKE_PREFIX_PATH}:/home/nagi/ros2_ws/install/mypkg:/opt/ros/jazzy /usr/bin/cmake /home/nagi/ros2_ws/src/system_msgs -DCMAKE_INSTALL_PREFIX=/home/nagi/ros2_ws/install/system_msgs
[6.648s] Invoking command in '/home/nagi/ros2_ws/build/system_msgs': CMAKE_PREFIX_PATH=${CMAKE_PREFIX_PATH}:/home/nagi/ros2_ws/install/mypkg:/opt/ros/jazzy /usr/bin/cmake --build /home/nagi/ros2_ws/build/system_msgs -- -j20 -l20
[6.697s] [  1%] [34m[1mGenerating type hashes for ROS interfaces[0m
[6.704s] [  1%] Built target ament_cmake_python_copy_system_msgs
[6.891s] running egg_info
[6.892s] creating system_msgs.egg-info
[6.906s] writing system_msgs.egg-info/PKG-INFO
[6.906s] writing dependency_links to system_msgs.egg-info/dependency_links.txt
[6.906s] writing top-level names to system_msgs.egg-info/top_level.txt
[6.907s] writing manifest file 'system_msgs.egg-info/SOURCES.txt'
[6.949s] reading manifest file 'system_msgs.egg-info/SOURCES.txt'
[6.950s] writing manifest file 'system_msgs.egg-info/SOURCES.txt'
[6.953s] [  1%] Built target system_msgs__rosidl_generator_type_description
[6.964s] [  3%] [34m[1mGenerating C code for ROS interfaces[0m
[6.974s] [  4%] [34m[1mGenerating C++ code for ROS interfaces[0m
[6.976s] [  4%] Built target ament_cmake_python_build_system_msgs_egg
[7.294s] [  4%] Built target system_msgs__cpp
[7.360s] [  6%] [32mBuilding C object CMakeFiles/system_msgs__rosidl_generator_c.dir/rosidl_generator_c/system_msgs/msg/detail/rm_event__description.c.o[0m
[7.361s] [  7%] [32mBuilding C object CMakeFiles/system_msgs__rosidl_generator_c.dir/rosidl_generator_c/system_msgs/msg/detail/rm_event__functions.c.o[0m
[7.362s] [  9%] [32mBuilding C object CMakeFiles/system_msgs__rosidl_generator_c.dir/rosidl_generator_c/system_msgs/msg/detail/rm_event__type_support.c.o[0m
[7.364s] [ 10%] [32mBuilding C object CMakeFiles/system_msgs__rosidl_generator_c.dir/rosidl_generator_c/system_msgs/msg/detail/rm_notioncmd__type_support.c.o[0m
[7.365s] [ 14%] [32mBuilding C object CMakeFiles/system_msgs__rosidl_generator_c.dir/rosidl_generator_c/system_msgs/msg/detail/rm_status__functions.c.o[0m
[7.365s] [ 14%] [32mBuilding C object CMakeFiles/system_msgs__rosidl_generator_c.dir/rosidl_generator_c/system_msgs/msg/detail/rm_status__description.c.o[0m
[7.365s] [ 15%] [32mBuilding C object CMakeFiles/system_msgs__rosidl_generator_c.dir/rosidl_generator_c/system_msgs/msg/detail/rm_notioncmd__functions.c.o[0m
[7.367s] [ 17%] [32mBuilding C object CMakeFiles/system_msgs__rosidl_generator_c.dir/rosidl_generator_c/system_msgs/msg/detail/rm_notioncmd__description.c.o[0m
[7.367s] [ 18%] [32mBuilding C object CMakeFiles/system_msgs__rosidl_generator_c.dir/rosidl_generator_c/system_msgs/msg/detail/rm_status__type_support.c.o[0m
[7.368s] [ 20%] [32mBuilding C object CMakeFiles/system_msgs__rosidl_generator_c.dir/rosidl_generator_c/system_msgs/msg/detail/response__functions.c.o[0m
[7.372s] [ 21%] [32mBuilding C object CMakeFiles/system_msgs__rosidl_generator_c.dir/rosidl_generator_c/system_msgs/msg/detail/response__description.c.o[0m
[7.373s] [ 23%] [32mBuilding C object CMakeFiles/system_msgs__rosidl_generator_c.dir/rosidl_generator_c/system_msgs/msg/detail/response__type_support.c.o[0m
[7.460s] [ 25%] [32m[1mLinking C shared library libsystem_msgs__rosidl_generator_c.so[0m
[7.628s] [ 25%] Built target system_msgs__rosidl_generator_c
[7.642s] [ 26%] [34m[1mGenerating C++ type support dispatch for ROS interfaces[0m
[7.643s] [ 28%] [34m[1mGenerating C introspection for ROS interfaces[0m
[7.644s] [ 29%] [34m[1mGenerating C type support dispatch for ROS interfaces[0m
[7.647s] [ 31%] [34m[1mGenerating C++ type support for eProsima Fast-RTPS[0m
[7.648s] [ 32%] [34m[1mGenerating C type support for eProsima Fast-RTPS[0m
[7.651s] [ 34%] [34m[1mGenerating C++ introspection for ROS interfaces[0m
[8.095s] [ 37%] [32mBuilding CXX object CMakeFiles/system_msgs__rosidl_typesupport_cpp.dir/rosidl_typesupport_cpp/system_msgs/msg/response__type_support.cpp.o[0m
[8.096s] [ 37%] [32mBuilding CXX object CMakeFiles/system_msgs__rosidl_typesupport_cpp.dir/rosidl_typesupport_cpp/system_msgs/msg/rm_status__type_support.cpp.o[0m
[8.100s] [ 39%] [32mBuilding CXX object CMakeFiles/system_msgs__rosidl_typesupport_cpp.dir/rosidl_typesupport_cpp/system_msgs/msg/rm_event__type_support.cpp.o[0m
[8.101s] [ 40%] [32mBuilding CXX object CMakeFiles/system_msgs__rosidl_typesupport_cpp.dir/rosidl_typesupport_cpp/system_msgs/msg/rm_notioncmd__type_support.cpp.o[0m
[8.155s] [ 43%] [32mBuilding CXX object CMakeFiles/system_msgs__rosidl_typesupport_c.dir/rosidl_typesupport_c/system_msgs/msg/response__type_support.cpp.o[0m
[8.155s] [ 43%] [32mBuilding CXX object CMakeFiles/system_msgs__rosidl_typesupport_c.dir/rosidl_typesupport_c/system_msgs/msg/rm_event__type_support.cpp.o[0m
[8.157s] [ 45%] [32mBuilding CXX object CMakeFiles/system_msgs__rosidl_typesupport_c.dir/rosidl_typesupport_c/system_msgs/msg/rm_notioncmd__type_support.cpp.o[0m
[8.164s] [ 46%] [32mBuilding CXX object CMakeFiles/system_msgs__rosidl_typesupport_c.dir/rosidl_typesupport_c/system_msgs/msg/rm_status__type_support.cpp.o[0m
[8.197s] [ 48%] [32mBuilding CXX object CMakeFiles/system_msgs__rosidl_typesupport_introspection_cpp.dir/rosidl_typesupport_introspection_cpp/system_msgs/msg/detail/rm_notioncmd__type_support.cpp.o[0m
[8.197s] [ 50%] [32mBuilding CXX object CMakeFiles/system_msgs__rosidl_typesupport_introspection_cpp.dir/rosidl_typesupport_introspection_cpp/system_msgs/msg/detail/rm_event__type_support.cpp.o[0m
[8.199s] [ 51%] [32mBuilding CXX object CMakeFiles/system_msgs__rosidl_typesupport_introspection_cpp.dir/rosidl_typesupport_introspection_cpp/system_msgs/msg/detail/response__type_support.cpp.o[0m
[8.216s] [ 53%] [32mBuilding CXX object CMakeFiles/system_msgs__rosidl_typesupport_introspection_cpp.dir/rosidl_typesupport_introspection_cpp/system_msgs/msg/detail/rm_status__type_support.cpp.o[0m
[8.221s] [ 54%] [32mBuilding C object CMakeFiles/system_msgs__rosidl_typesupport_introspection_c.dir/rosidl_typesupport_introspection_c/system_msgs/msg/detail/rm_event__type_support.c.o[0m
[8.225s] [ 56%] [32mBuilding C object CMakeFiles/system_msgs__rosidl_typesupport_introspection_c.dir/rosidl_typesupport_introspection_c/system_msgs/msg/detail/rm_status__type_support.c.o[0m
[8.229s] [ 57%] [32mBuilding C object CMakeFiles/system_msgs__rosidl_typesupport_introspection_c.dir/rosidl_typesupport_introspection_c/system_msgs/msg/detail/response__type_support.c.o[0m
[8.231s] [ 59%] [32mBuilding C object CMakeFiles/system_msgs__rosidl_typesupport_introspection_c.dir/rosidl_typesupport_introspection_c/system_msgs/msg/detail/rm_notioncmd__type_support.c.o[0m
[8.310s] [ 60%] [32m[1mLinking CXX shared library libsystem_msgs__rosidl_typesupport_c.so[0m
[8.369s] [ 62%] [32m[1mLinking C shared library libsystem_msgs__rosidl_typesupport_introspection_c.so[0m
[8.400s] [ 64%] [32mBuilding CXX object CMakeFiles/system_msgs__rosidl_typesupport_fastrtps_cpp.dir/rosidl_typesupport_fastrtps_cpp/system_msgs/msg/detail/dds_fastrtps/rm_event__type_support.cpp.o[0m
[8.407s] [ 65%] [32mBuilding CXX object CMakeFiles/system_msgs__rosidl_typesupport_fastrtps_cpp.dir/rosidl_typesupport_fastrtps_cpp/system_msgs/msg/detail/dds_fastrtps/rm_status__type_support.cpp.o[0m
[8.409s] [ 67%] [32mBuilding CXX object CMakeFiles/system_msgs__rosidl_typesupport_fastrtps_cpp.dir/rosidl_typesupport_fastrtps_cpp/system_msgs/msg/detail/dds_fastrtps/rm_notioncmd__type_support.cpp.o[0m
[8.413s] [ 68%] [32mBuilding CXX object CMakeFiles/system_msgs__rosidl_typesupport_fastrtps_cpp.dir/rosidl_typesupport_fastrtps_cpp/system_msgs/msg/detail/dds_fastrtps/response__type_support.cpp.o[0m
[8.462s] [ 70%] [32mBuilding CXX object CMakeFiles/system_msgs__rosidl_typesupport_fastrtps_c.dir/rosidl_typesupport_fastrtps_c/system_msgs/msg/detail/response__type_support_c.cpp.o[0m
[8.470s] [ 73%] [32mBuilding CXX object CMakeFiles/system_msgs__rosidl_typesupport_fastrtps_c.dir/rosidl_typesupport_fastrtps_c/system_msgs/msg/detail/rm_notioncmd__type_support_c.cpp.o[0m
[8.471s] [ 73%] [32mBuilding CXX object CMakeFiles/system_msgs__rosidl_typesupport_fastrtps_c.dir/rosidl_typesupport_fastrtps_c/system_msgs/msg/detail/rm_status__type_support_c.cpp.o[0m
[8.472s] [ 75%] [32mBuilding CXX object CMakeFiles/system_msgs__rosidl_typesupport_fastrtps_c.dir/rosidl_typesupport_fastrtps_c/system_msgs/msg/detail/rm_event__type_support_c.cpp.o[0m
[8.804s] [ 75%] Built target system_msgs__rosidl_typesupport_c
[8.808s] [ 75%] Built target system_msgs__rosidl_typesupport_introspection_c
[9.519s] [ 76%] [32m[1mLinking CXX shared library libsystem_msgs__rosidl_typesupport_cpp.so[0m
[9.562s] [ 78%] [32m[1mLinking CXX shared library libsystem_msgs__rosidl_typesupport_introspection_cpp.so[0m
[9.798s] [ 78%] Built target system_msgs__rosidl_typesupport_cpp
[9.865s] [ 78%] Built target system_msgs__rosidl_typesupport_introspection_cpp
[9.987s] [ 79%] [32m[1mLinking CXX shared library libsystem_msgs__rosidl_typesupport_fastrtps_cpp.so[0m
[10.011s] [ 81%] [32m[1mLinking CXX shared library libsystem_msgs__rosidl_typesupport_fastrtps_c.so[0m
[10.166s] [ 81%] Built target system_msgs__rosidl_typesupport_fastrtps_cpp
[10.174s] [ 81%] Built target system_msgs__rosidl_typesupport_fastrtps_c
[10.194s] [ 81%] Built target system_msgs
[10.214s] [ 82%] [34m[1mGenerating Python code for ROS interfaces[0m
[10.691s] [ 82%] Built target system_msgs__py
[10.708s] [ 84%] [32mBuilding C object CMakeFiles/system_msgs__rosidl_generator_py.dir/rosidl_generator_py/system_msgs/msg/_rm_event_s.c.o[0m
[10.709s] [ 85%] [32mBuilding C object CMakeFiles/system_msgs__rosidl_generator_py.dir/rosidl_generator_py/system_msgs/msg/_rm_notioncmd_s.c.o[0m
[10.709s] [ 87%] [32mBuilding C object CMakeFiles/system_msgs__rosidl_generator_py.dir/rosidl_generator_py/system_msgs/msg/_response_s.c.o[0m
[10.709s] [ 89%] [32mBuilding C object CMakeFiles/system_msgs__rosidl_generator_py.dir/rosidl_generator_py/system_msgs/msg/_rm_status_s.c.o[0m
[10.859s] [ 90%] [32m[1mLinking C shared library libsystem_msgs__rosidl_generator_py.so[0m
[10.945s] [ 90%] Built target system_msgs__rosidl_generator_py
[10.965s] [ 92%] [32mBuilding C object CMakeFiles/system_msgs_s__rosidl_typesupport_fastrtps_c.dir/rosidl_generator_py/system_msgs/_system_msgs_s.ep.rosidl_typesupport_fastrtps_c.c.o[0m
[10.966s] [ 93%] [32mBuilding C object CMakeFiles/system_msgs_s__rosidl_typesupport_introspection_c.dir/rosidl_generator_py/system_msgs/_system_msgs_s.ep.rosidl_typesupport_introspection_c.c.o[0m
[10.967s] [ 95%] [32mBuilding C object CMakeFiles/system_msgs_s__rosidl_typesupport_c.dir/rosidl_generator_py/system_msgs/_system_msgs_s.ep.rosidl_typesupport_c.c.o[0m
[11.059s] [ 96%] [32m[1mLinking C shared module rosidl_generator_py/system_msgs/system_msgs_s__rosidl_typesupport_c.so[0m
[11.060s] [ 98%] [32m[1mLinking C shared module rosidl_generator_py/system_msgs/system_msgs_s__rosidl_typesupport_introspection_c.so[0m
[11.060s] [100%] [32m[1mLinking C shared module rosidl_generator_py/system_msgs/system_msgs_s__rosidl_typesupport_fastrtps_c.so[0m
[11.151s] [100%] Built target system_msgs_s__rosidl_typesupport_c
[11.151s] [100%] Built target system_msgs_s__rosidl_typesupport_introspection_c
[11.155s] [100%] Built target system_msgs_s__rosidl_typesupport_fastrtps_c
[11.167s] Invoked command in '/home/nagi/ros2_ws/build/system_msgs' returned '0': CMAKE_PREFIX_PATH=${CMAKE_PREFIX_PATH}:/home/nagi/ros2_ws/install/mypkg:/opt/ros/jazzy /usr/bin/cmake --build /home/nagi/ros2_ws/build/system_msgs -- -j20 -l20
[11.178s] Invoking command in '/home/nagi/ros2_ws/build/system_msgs': CMAKE_PREFIX_PATH=${CMAKE_PREFIX_PATH}:/home/nagi/ros2_ws/install/mypkg:/opt/ros/jazzy /usr/bin/cmake --install /home/nagi/ros2_ws/build/system_msgs
[11.187s] -- Install configuration: ""
[11.187s] -- Installing: /home/nagi/ros2_ws/install/system_msgs/share/ament_index/resource_index/rosidl_interfaces/system_msgs
[11.188s] -- Installing: /home/nagi/ros2_ws/install/system_msgs/share/system_msgs/msg/RmEvent.json
[11.188s] -- Installing: /home/nagi/ros2_ws/install/system_msgs/share/system_msgs/msg/RmNotioncmd.json
[11.188s] -- Installing: /home/nagi/ros2_ws/install/system_msgs/share/system_msgs/msg/RmStatus.json
[11.189s] -- Installing: /home/nagi/ros2_ws/install/system_msgs/share/system_msgs/msg/Response.json
[11.189s] -- Installing: /home/nagi/ros2_ws/install/system_msgs/include/system_msgs/system_msgs
[11.190s] -- Installing: /home/nagi/ros2_ws/install/system_msgs/include/system_msgs/system_msgs/msg
[11.190s] -- Installing: /home/nagi/ros2_ws/install/system_msgs/include/system_msgs/system_msgs/msg/rm_notioncmd.h
[11.190s] -- Installing: /home/nagi/ros2_ws/install/system_msgs/include/system_msgs/system_msgs/msg/rm_event.h
[11.190s] -- Installing: /home/nagi/ros2_ws/install/system_msgs/include/system_msgs/system_msgs/msg/rosidl_generator_c__visibility_control.h
[11.191s] -- Installing: /home/nagi/ros2_ws/install/system_msgs/include/system_msgs/system_msgs/msg/response.h
[11.191s] -- Installing: /home/nagi/ros2_ws/install/system_msgs/include/system_msgs/system_msgs/msg/rm_status.h
[11.191s] -- Installing: /home/nagi/ros2_ws/install/system_msgs/include/system_msgs/system_msgs/msg/detail
[11.191s] -- Installing: /home/nagi/ros2_ws/install/system_msgs/include/system_msgs/system_msgs/msg/detail/rm_notioncmd__type_support.c
[11.191s] -- Installing: /home/nagi/ros2_ws/install/system_msgs/include/system_msgs/system_msgs/msg/detail/response__functions.c
[11.191s] -- Installing: /home/nagi/ros2_ws/install/system_msgs/include/system_msgs/system_msgs/msg/detail/rm_notioncmd__description.c
[11.191s] -- Installing: /home/nagi/ros2_ws/install/system_msgs/include/system_msgs/system_msgs/msg/detail/rm_event__struct.h
[11.192s] -- Installing: /home/nagi/ros2_ws/install/system_msgs/include/system_msgs/system_msgs/msg/detail/rm_event__type_support.h
[11.192s] -- Installing: /home/nagi/ros2_ws/install/system_msgs/include/system_msgs/system_msgs/msg/detail/rm_notioncmd__functions.h
[11.192s] -- Installing: /home/nagi/ros2_ws/install/system_msgs/include/system_msgs/system_msgs/msg/detail/response__type_support.c
[11.192s] -- Installing: /home/nagi/ros2_ws/install/system_msgs/include/system_msgs/system_msgs/msg/detail/rm_event__type_support.c
[11.192s] -- Installing: /home/nagi/ros2_ws/install/system_msgs/include/system_msgs/system_msgs/msg/detail/rm_status__type_support.h
[11.192s] -- Installing: /home/nagi/ros2_ws/install/system_msgs/include/system_msgs/system_msgs/msg/detail/rm_status__type_support.c
[11.192s] -- Installing: /home/nagi/ros2_ws/install/system_msgs/include/system_msgs/system_msgs/msg/detail/rm_notioncmd__struct.h
[11.192s] -- Installing: /home/nagi/ros2_ws/install/system_msgs/include/system_msgs/system_msgs/msg/detail/rm_status__functions.h
[11.192s] -- Installing: /home/nagi/ros2_ws/install/system_msgs/include/system_msgs/system_msgs/msg/detail/response__struct.h
[11.193s] -- Installing: /home/nagi/ros2_ws/install/system_msgs/include/system_msgs/system_msgs/msg/detail/response__functions.h
[11.193s] -- Installing: /home/nagi/ros2_ws/install/system_msgs/include/system_msgs/system_msgs/msg/detail/rm_notioncmd__type_support.h
[11.193s] -- Installing: /home/nagi/ros2_ws/install/system_msgs/include/system_msgs/system_msgs/msg/detail/rm_event__functions.c
[11.193s] -- Installing: /home/nagi/ros2_ws/install/system_msgs/include/system_msgs/system_msgs/msg/detail/rm_status__functions.c
[11.193s] -- Installing: /home/nagi/ros2_ws/install/system_msgs/include/system_msgs/system_msgs/msg/detail/rm_status__struct.h
[11.193s] -- Installing: /home/nagi/ros2_ws/install/system_msgs/include/system_msgs/system_msgs/msg/detail/response__type_support.h
[11.193s] -- Installing: /home/nagi/ros2_ws/install/system_msgs/include/system_msgs/system_msgs/msg/detail/rm_notioncmd__functions.c
[11.193s] -- Installing: /home/nagi/ros2_ws/install/system_msgs/include/system_msgs/system_msgs/msg/detail/rm_status__description.c
[11.193s] -- Installing: /home/nagi/ros2_ws/install/system_msgs/include/system_msgs/system_msgs/msg/detail/rm_event__description.c
[11.193s] -- Installing: /home/nagi/ros2_ws/install/system_msgs/include/system_msgs/system_msgs/msg/detail/response__description.c
[11.193s] -- Installing: /home/nagi/ros2_ws/install/system_msgs/include/system_msgs/system_msgs/msg/detail/rm_event__functions.h
[11.194s] -- Installing: /home/nagi/ros2_ws/install/system_msgs/share/system_msgs/environment/library_path.sh
[11.194s] -- Installing: /home/nagi/ros2_ws/install/system_msgs/share/system_msgs/environment/library_path.dsv
[11.194s] -- Installing: /home/nagi/ros2_ws/install/system_msgs/lib/libsystem_msgs__rosidl_generator_c.so
[11.194s] -- Set non-toolchain portion of runtime path of "/home/nagi/ros2_ws/install/system_msgs/lib/libsystem_msgs__rosidl_generator_c.so" to ""
[11.194s] -- Up-to-date: /home/nagi/ros2_ws/install/system_msgs/include/system_msgs/system_msgs
[11.194s] -- Up-to-date: /home/nagi/ros2_ws/install/system_msgs/include/system_msgs/system_msgs/msg
[11.194s] -- Installing: /home/nagi/ros2_ws/install/system_msgs/include/system_msgs/system_msgs/msg/rosidl_typesupport_fastrtps_c__visibility_control.h
[11.194s] -- Up-to-date: /home/nagi/ros2_ws/install/system_msgs/include/system_msgs/system_msgs/msg/detail
[11.195s] -- Installing: /home/nagi/ros2_ws/install/system_msgs/include/system_msgs/system_msgs/msg/detail/rm_event__rosidl_typesupport_fastrtps_c.h
[11.195s] -- Installing: /home/nagi/ros2_ws/install/system_msgs/include/system_msgs/system_msgs/msg/detail/rm_notioncmd__rosidl_typesupport_fastrtps_c.h
[11.195s] -- Installing: /home/nagi/ros2_ws/install/system_msgs/include/system_msgs/system_msgs/msg/detail/response__rosidl_typesupport_fastrtps_c.h
[11.195s] -- Installing: /home/nagi/ros2_ws/install/system_msgs/include/system_msgs/system_msgs/msg/detail/rm_status__rosidl_typesupport_fastrtps_c.h
[11.195s] -- Installing: /home/nagi/ros2_ws/install/system_msgs/lib/libsystem_msgs__rosidl_typesupport_fastrtps_c.so
[11.195s] -- Set non-toolchain portion of runtime path of "/home/nagi/ros2_ws/install/system_msgs/lib/libsystem_msgs__rosidl_typesupport_fastrtps_c.so" to ""
[11.195s] -- Up-to-date: /home/nagi/ros2_ws/install/system_msgs/include/system_msgs/system_msgs
[11.195s] -- Up-to-date: /home/nagi/ros2_ws/install/system_msgs/include/system_msgs/system_msgs/msg
[11.196s] -- Installing: /home/nagi/ros2_ws/install/system_msgs/include/system_msgs/system_msgs/msg/rm_status.hpp
[11.196s] -- Installing: /home/nagi/ros2_ws/install/system_msgs/include/system_msgs/system_msgs/msg/rm_notioncmd.hpp
[11.196s] -- Installing: /home/nagi/ros2_ws/install/system_msgs/include/system_msgs/system_msgs/msg/response.hpp
[11.196s] -- Up-to-date: /home/nagi/ros2_ws/install/system_msgs/include/system_msgs/system_msgs/msg/detail
[11.196s] -- Installing: /home/nagi/ros2_ws/install/system_msgs/include/system_msgs/system_msgs/msg/detail/response__traits.hpp
[11.196s] -- Installing: /home/nagi/ros2_ws/install/system_msgs/include/system_msgs/system_msgs/msg/detail/rm_notioncmd__builder.hpp
[11.197s] -- Installing: /home/nagi/ros2_ws/install/system_msgs/include/system_msgs/system_msgs/msg/detail/rm_notioncmd__traits.hpp
[11.197s] -- Installing: /home/nagi/ros2_ws/install/system_msgs/include/system_msgs/system_msgs/msg/detail/response__struct.hpp
[11.197s] -- Installing: /home/nagi/ros2_ws/install/system_msgs/include/system_msgs/system_msgs/msg/detail/rm_status__traits.hpp
[11.197s] -- Installing: /home/nagi/ros2_ws/install/system_msgs/include/system_msgs/system_msgs/msg/detail/rm_event__type_support.hpp
[11.197s] -- Installing: /home/nagi/ros2_ws/install/system_msgs/include/system_msgs/system_msgs/msg/detail/rm_status__type_support.hpp
[11.197s] -- Installing: /home/nagi/ros2_ws/install/system_msgs/include/system_msgs/system_msgs/msg/detail/rm_notioncmd__type_support.hpp
[11.197s] -- Installing: /home/nagi/ros2_ws/install/system_msgs/include/system_msgs/system_msgs/msg/detail/rm_status__builder.hpp
[11.198s] -- Installing: /home/nagi/ros2_ws/install/system_msgs/include/system_msgs/system_msgs/msg/detail/rm_event__builder.hpp
[11.198s] -- Installing: /home/nagi/ros2_ws/install/system_msgs/include/system_msgs/system_msgs/msg/detail/rm_event__traits.hpp
[11.198s] -- Installing: /home/nagi/ros2_ws/install/system_msgs/include/system_msgs/system_msgs/msg/detail/rm_event__struct.hpp
[11.198s] -- Installing: /home/nagi/ros2_ws/install/system_msgs/include/system_msgs/system_msgs/msg/detail/rm_status__struct.hpp
[11.198s] -- Installing: /home/nagi/ros2_ws/install/system_msgs/include/system_msgs/system_msgs/msg/detail/rm_notioncmd__struct.hpp
[11.198s] -- Installing: /home/nagi/ros2_ws/install/system_msgs/include/system_msgs/system_msgs/msg/detail/response__builder.hpp
[11.198s] -- Installing: /home/nagi/ros2_ws/install/system_msgs/include/system_msgs/system_msgs/msg/detail/response__type_support.hpp
[11.198s] -- Installing: /home/nagi/ros2_ws/install/system_msgs/include/system_msgs/system_msgs/msg/rosidl_generator_cpp__visibility_control.hpp
[11.199s] -- Installing: /home/nagi/ros2_ws/install/system_msgs/include/system_msgs/system_msgs/msg/rm_event.hpp
[11.199s] -- Up-to-date: /home/nagi/ros2_ws/install/system_msgs/include/system_msgs/system_msgs
[11.199s] -- Up-to-date: /home/nagi/ros2_ws/install/system_msgs/include/system_msgs/system_msgs/msg
[11.199s] -- Installing: /home/nagi/ros2_ws/install/system_msgs/include/system_msgs/system_msgs/msg/rosidl_typesupport_fastrtps_cpp__visibility_control.h
[11.199s] -- Up-to-date: /home/nagi/ros2_ws/install/system_msgs/include/system_msgs/system_msgs/msg/detail
[11.199s] -- Installing: /home/nagi/ros2_ws/install/system_msgs/include/system_msgs/system_msgs/msg/detail/rm_status__rosidl_typesupport_fastrtps_cpp.hpp
[11.200s] -- Installing: /home/nagi/ros2_ws/install/system_msgs/include/system_msgs/system_msgs/msg/detail/dds_fastrtps
[11.200s] -- Installing: /home/nagi/ros2_ws/install/system_msgs/include/system_msgs/system_msgs/msg/detail/rm_notioncmd__rosidl_typesupport_fastrtps_cpp.hpp
[11.200s] -- Installing: /home/nagi/ros2_ws/install/system_msgs/include/system_msgs/system_msgs/msg/detail/rm_event__rosidl_typesupport_fastrtps_cpp.hpp
[11.200s] -- Installing: /home/nagi/ros2_ws/install/system_msgs/include/system_msgs/system_msgs/msg/detail/response__rosidl_typesupport_fastrtps_cpp.hpp
[11.200s] -- Installing: /home/nagi/ros2_ws/install/system_msgs/lib/libsystem_msgs__rosidl_typesupport_fastrtps_cpp.so
[11.200s] -- Set non-toolchain portion of runtime path of "/home/nagi/ros2_ws/install/system_msgs/lib/libsystem_msgs__rosidl_typesupport_fastrtps_cpp.so" to ""
[11.200s] -- Up-to-date: /home/nagi/ros2_ws/install/system_msgs/include/system_msgs/system_msgs
[11.201s] -- Up-to-date: /home/nagi/ros2_ws/install/system_msgs/include/system_msgs/system_msgs/msg
[11.201s] -- Installing: /home/nagi/ros2_ws/install/system_msgs/include/system_msgs/system_msgs/msg/rosidl_typesupport_introspection_c__visibility_control.h
[11.201s] -- Up-to-date: /home/nagi/ros2_ws/install/system_msgs/include/system_msgs/system_msgs/msg/detail
[11.201s] -- Installing: /home/nagi/ros2_ws/install/system_msgs/include/system_msgs/system_msgs/msg/detail/rm_notioncmd__type_support.c
[11.201s] -- Installing: /home/nagi/ros2_ws/install/system_msgs/include/system_msgs/system_msgs/msg/detail/rm_event__rosidl_typesupport_introspection_c.h
[11.201s] -- Installing: /home/nagi/ros2_ws/install/system_msgs/include/system_msgs/system_msgs/msg/detail/rm_status__rosidl_typesupport_introspection_c.h
[11.201s] -- Installing: /home/nagi/ros2_ws/install/system_msgs/include/system_msgs/system_msgs/msg/detail/response__type_support.c
[11.202s] -- Installing: /home/nagi/ros2_ws/install/system_msgs/include/system_msgs/system_msgs/msg/detail/rm_event__type_support.c
[11.202s] -- Installing: /home/nagi/ros2_ws/install/system_msgs/include/system_msgs/system_msgs/msg/detail/rm_notioncmd__rosidl_typesupport_introspection_c.h
[11.202s] -- Installing: /home/nagi/ros2_ws/install/system_msgs/include/system_msgs/system_msgs/msg/detail/rm_status__type_support.c
[11.202s] -- Installing: /home/nagi/ros2_ws/install/system_msgs/include/system_msgs/system_msgs/msg/detail/response__rosidl_typesupport_introspection_c.h
[11.202s] -- Installing: /home/nagi/ros2_ws/install/system_msgs/lib/libsystem_msgs__rosidl_typesupport_introspection_c.so
[11.202s] -- Set non-toolchain portion of runtime path of "/home/nagi/ros2_ws/install/system_msgs/lib/libsystem_msgs__rosidl_typesupport_introspection_c.so" to ""
[11.202s] -- Installing: /home/nagi/ros2_ws/install/system_msgs/lib/libsystem_msgs__rosidl_typesupport_c.so
[11.202s] -- Set non-toolchain portion of runtime path of "/home/nagi/ros2_ws/install/system_msgs/lib/libsystem_msgs__rosidl_typesupport_c.so" to ""
[11.203s] -- Up-to-date: /home/nagi/ros2_ws/install/system_msgs/include/system_msgs/system_msgs
[11.203s] -- Up-to-date: /home/nagi/ros2_ws/install/system_msgs/include/system_msgs/system_msgs/msg
[11.203s] -- Up-to-date: /home/nagi/ros2_ws/install/system_msgs/include/system_msgs/system_msgs/msg/detail
[11.203s] -- Installing: /home/nagi/ros2_ws/install/system_msgs/include/system_msgs/system_msgs/msg/detail/rm_notioncmd__rosidl_typesupport_introspection_cpp.hpp
[11.203s] -- Installing: /home/nagi/ros2_ws/install/system_msgs/include/system_msgs/system_msgs/msg/detail/rm_event__type_support.cpp
[11.203s] -- Installing: /home/nagi/ros2_ws/install/system_msgs/include/system_msgs/system_msgs/msg/detail/rm_notioncmd__type_support.cpp
[11.204s] -- Installing: /home/nagi/ros2_ws/install/system_msgs/include/system_msgs/system_msgs/msg/detail/rm_status__rosidl_typesupport_introspection_cpp.hpp
[11.204s] -- Installing: /home/nagi/ros2_ws/install/system_msgs/include/system_msgs/system_msgs/msg/detail/rm_event__rosidl_typesupport_introspection_cpp.hpp
[11.204s] -- Installing: /home/nagi/ros2_ws/install/system_msgs/include/system_msgs/system_msgs/msg/detail/response__rosidl_typesupport_introspection_cpp.hpp
[11.204s] -- Installing: /home/nagi/ros2_ws/install/system_msgs/include/system_msgs/system_msgs/msg/detail/response__type_support.cpp
[11.204s] -- Installing: /home/nagi/ros2_ws/install/system_msgs/include/system_msgs/system_msgs/msg/detail/rm_status__type_support.cpp
[11.204s] -- Installing: /home/nagi/ros2_ws/install/system_msgs/lib/libsystem_msgs__rosidl_typesupport_introspection_cpp.so
[11.204s] -- Set non-toolchain portion of runtime path of "/home/nagi/ros2_ws/install/system_msgs/lib/libsystem_msgs__rosidl_typesupport_introspection_cpp.so" to ""
[11.204s] -- Installing: /home/nagi/ros2_ws/install/system_msgs/lib/libsystem_msgs__rosidl_typesupport_cpp.so
[11.204s] -- Set non-toolchain portion of runtime path of "/home/nagi/ros2_ws/install/system_msgs/lib/libsystem_msgs__rosidl_typesupport_cpp.so" to ""
[11.204s] -- Installing: /home/nagi/ros2_ws/install/system_msgs/share/system_msgs/environment/pythonpath.sh
[11.205s] -- Installing: /home/nagi/ros2_ws/install/system_msgs/share/system_msgs/environment/pythonpath.dsv
[11.205s] -- Installing: /home/nagi/ros2_ws/install/system_msgs/lib/python3.12/site-packages/system_msgs-0.0.0-py3.12.egg-info
[11.205s] -- Installing: /home/nagi/ros2_ws/install/system_msgs/lib/python3.12/site-packages/system_msgs-0.0.0-py3.12.egg-info/dependency_links.txt
[11.205s] -- Installing: /home/nagi/ros2_ws/install/system_msgs/lib/python3.12/site-packages/system_msgs-0.0.0-py3.12.egg-info/PKG-INFO
[11.205s] -- Installing: /home/nagi/ros2_ws/install/system_msgs/lib/python3.12/site-packages/system_msgs-0.0.0-py3.12.egg-info/top_level.txt
[11.205s] -- Installing: /home/nagi/ros2_ws/install/system_msgs/lib/python3.12/site-packages/system_msgs-0.0.0-py3.12.egg-info/SOURCES.txt
[11.205s] -- Installing: /home/nagi/ros2_ws/install/system_msgs/lib/python3.12/site-packages/system_msgs
[11.205s] -- Installing: /home/nagi/ros2_ws/install/system_msgs/lib/python3.12/site-packages/system_msgs/system_msgs_s__rosidl_typesupport_introspection_c.so
[11.205s] -- Installing: /home/nagi/ros2_ws/install/system_msgs/lib/python3.12/site-packages/system_msgs/_system_msgs_s.ep.rosidl_typesupport_fastrtps_c.c
[11.205s] -- Installing: /home/nagi/ros2_ws/install/system_msgs/lib/python3.12/site-packages/system_msgs/_system_msgs_s.ep.rosidl_typesupport_introspection_c.c
[11.205s] -- Installing: /home/nagi/ros2_ws/install/system_msgs/lib/python3.12/site-packages/system_msgs/system_msgs_s__rosidl_typesupport_fastrtps_c.so
[11.205s] -- Installing: /home/nagi/ros2_ws/install/system_msgs/lib/python3.12/site-packages/system_msgs/_system_msgs_s.ep.rosidl_typesupport_c.c
[11.205s] -- Installing: /home/nagi/ros2_ws/install/system_msgs/lib/python3.12/site-packages/system_msgs/msg
[11.205s] -- Installing: /home/nagi/ros2_ws/install/system_msgs/lib/python3.12/site-packages/system_msgs/msg/_response.py
[11.205s] -- Installing: /home/nagi/ros2_ws/install/system_msgs/lib/python3.12/site-packages/system_msgs/msg/_rm_status_s.c
[11.205s] -- Installing: /home/nagi/ros2_ws/install/system_msgs/lib/python3.12/site-packages/system_msgs/msg/_rm_event_s.c
[11.205s] -- Installing: /home/nagi/ros2_ws/install/system_msgs/lib/python3.12/site-packages/system_msgs/msg/_rm_event.py
[11.205s] -- Installing: /home/nagi/ros2_ws/install/system_msgs/lib/python3.12/site-packages/system_msgs/msg/_rm_notioncmd_s.c
[11.205s] -- Installing: /home/nagi/ros2_ws/install/system_msgs/lib/python3.12/site-packages/system_msgs/msg/_response_s.c
[11.205s] -- Installing: /home/nagi/ros2_ws/install/system_msgs/lib/python3.12/site-packages/system_msgs/msg/_rm_status.py
[11.205s] -- Installing: /home/nagi/ros2_ws/install/system_msgs/lib/python3.12/site-packages/system_msgs/msg/__init__.py
[11.205s] -- Installing: /home/nagi/ros2_ws/install/system_msgs/lib/python3.12/site-packages/system_msgs/msg/_rm_notioncmd.py
[11.205s] -- Installing: /home/nagi/ros2_ws/install/system_msgs/lib/python3.12/site-packages/system_msgs/system_msgs_s__rosidl_typesupport_c.so
[11.205s] -- Installing: /home/nagi/ros2_ws/install/system_msgs/lib/python3.12/site-packages/system_msgs/__init__.py
[11.246s] Listing '/home/nagi/ros2_ws/install/system_msgs/lib/python3.12/site-packages/system_msgs'...
[11.246s] Compiling '/home/nagi/ros2_ws/install/system_msgs/lib/python3.12/site-packages/system_msgs/__init__.py'...
[11.246s] Listing '/home/nagi/ros2_ws/install/system_msgs/lib/python3.12/site-packages/system_msgs/msg'...
[11.246s] Compiling '/home/nagi/ros2_ws/install/system_msgs/lib/python3.12/site-packages/system_msgs/msg/__init__.py'...
[11.246s] Compiling '/home/nagi/ros2_ws/install/system_msgs/lib/python3.12/site-packages/system_msgs/msg/_response.py'...
[11.246s] Compiling '/home/nagi/ros2_ws/install/system_msgs/lib/python3.12/site-packages/system_msgs/msg/_rm_event.py'...
[11.246s] Compiling '/home/nagi/ros2_ws/install/system_msgs/lib/python3.12/site-packages/system_msgs/msg/_rm_notioncmd.py'...
[11.246s] Compiling '/home/nagi/ros2_ws/install/system_msgs/lib/python3.12/site-packages/system_msgs/msg/_rm_status.py'...
[11.251s] -- Installing: /home/nagi/ros2_ws/install/system_msgs/lib/python3.12/site-packages/system_msgs/system_msgs_s__rosidl_typesupport_fastrtps_c.so
[11.251s] -- Set non-toolchain portion of runtime path of "/home/nagi/ros2_ws/install/system_msgs/lib/python3.12/site-packages/system_msgs/system_msgs_s__rosidl_typesupport_fastrtps_c.so" to ""
[11.251s] -- Installing: /home/nagi/ros2_ws/install/system_msgs/lib/python3.12/site-packages/system_msgs/system_msgs_s__rosidl_typesupport_introspection_c.so
[11.251s] -- Set non-toolchain portion of runtime path of "/home/nagi/ros2_ws/install/system_msgs/lib/python3.12/site-packages/system_msgs/system_msgs_s__rosidl_typesupport_introspection_c.so" to ""
[11.252s] -- Installing: /home/nagi/ros2_ws/install/system_msgs/lib/python3.12/site-packages/system_msgs/system_msgs_s__rosidl_typesupport_c.so
[11.252s] -- Set non-toolchain portion of runtime path of "/home/nagi/ros2_ws/install/system_msgs/lib/python3.12/site-packages/system_msgs/system_msgs_s__rosidl_typesupport_c.so" to ""
[11.252s] -- Installing: /home/nagi/ros2_ws/install/system_msgs/lib/libsystem_msgs__rosidl_generator_py.so
[11.252s] -- Set non-toolchain portion of runtime path of "/home/nagi/ros2_ws/install/system_msgs/lib/libsystem_msgs__rosidl_generator_py.so" to ""
[11.252s] -- Installing: /home/nagi/ros2_ws/install/system_msgs/share/system_msgs/msg/RmEvent.idl
[11.253s] -- Installing: /home/nagi/ros2_ws/install/system_msgs/share/system_msgs/msg/RmNotioncmd.idl
[11.253s] -- Installing: /home/nagi/ros2_ws/install/system_msgs/share/system_msgs/msg/RmStatus.idl
[11.253s] -- Installing: /home/nagi/ros2_ws/install/system_msgs/share/system_msgs/msg/Response.idl
[11.253s] -- Installing: /home/nagi/ros2_ws/install/system_msgs/share/system_msgs/msg/RmEvent.msg
[11.254s] -- Installing: /home/nagi/ros2_ws/install/system_msgs/share/system_msgs/msg/RmNotioncmd.msg
[11.254s] -- Installing: /home/nagi/ros2_ws/install/system_msgs/share/system_msgs/msg/RmStatus.msg
[11.254s] -- Installing: /home/nagi/ros2_ws/install/system_msgs/share/system_msgs/msg/Response.msg
[11.254s] -- Installing: /home/nagi/ros2_ws/install/system_msgs/share/ament_index/resource_index/package_run_dependencies/system_msgs
[11.254s] -- Installing: /home/nagi/ros2_ws/install/system_msgs/share/ament_index/resource_index/parent_prefix_path/system_msgs
[11.254s] -- Installing: /home/nagi/ros2_ws/install/system_msgs/share/system_msgs/environment/ament_prefix_path.sh
[11.255s] -- Installing: /home/nagi/ros2_ws/install/system_msgs/share/system_msgs/environment/ament_prefix_path.dsv
[11.255s] -- Installing: /home/nagi/ros2_ws/install/system_msgs/share/system_msgs/environment/path.sh
[11.255s] -- Installing: /home/nagi/ros2_ws/install/system_msgs/share/system_msgs/environment/path.dsv
[11.255s] -- Installing: /home/nagi/ros2_ws/install/system_msgs/share/system_msgs/local_setup.bash
[11.255s] -- Installing: /home/nagi/ros2_ws/install/system_msgs/share/system_msgs/local_setup.sh
[11.255s] -- Installing: /home/nagi/ros2_ws/install/system_msgs/share/system_msgs/local_setup.zsh
[11.255s] -- Installing: /home/nagi/ros2_ws/install/system_msgs/share/system_msgs/local_setup.dsv
[11.256s] -- Installing: /home/nagi/ros2_ws/install/system_msgs/share/system_msgs/package.dsv
[11.256s] -- Installing: /home/nagi/ros2_ws/install/system_msgs/share/ament_index/resource_index/packages/system_msgs
[11.256s] -- Installing: /home/nagi/ros2_ws/install/system_msgs/share/system_msgs/cmake/export_system_msgs__rosidl_generator_cExport.cmake
[11.256s] -- Installing: /home/nagi/ros2_ws/install/system_msgs/share/system_msgs/cmake/export_system_msgs__rosidl_generator_cExport-noconfig.cmake
[11.256s] -- Installing: /home/nagi/ros2_ws/install/system_msgs/share/system_msgs/cmake/export_system_msgs__rosidl_typesupport_fastrtps_cExport.cmake
[11.256s] -- Installing: /home/nagi/ros2_ws/install/system_msgs/share/system_msgs/cmake/export_system_msgs__rosidl_typesupport_fastrtps_cExport-noconfig.cmake
[11.256s] -- Installing: /home/nagi/ros2_ws/install/system_msgs/share/system_msgs/cmake/export_system_msgs__rosidl_generator_cppExport.cmake
[11.256s] -- Installing: /home/nagi/ros2_ws/install/system_msgs/share/system_msgs/cmake/export_system_msgs__rosidl_typesupport_fastrtps_cppExport.cmake
[11.257s] -- Installing: /home/nagi/ros2_ws/install/system_msgs/share/system_msgs/cmake/export_system_msgs__rosidl_typesupport_fastrtps_cppExport-noconfig.cmake
[11.257s] -- Installing: /home/nagi/ros2_ws/install/system_msgs/share/system_msgs/cmake/system_msgs__rosidl_typesupport_introspection_cExport.cmake
[11.257s] -- Installing: /home/nagi/ros2_ws/install/system_msgs/share/system_msgs/cmake/system_msgs__rosidl_typesupport_introspection_cExport-noconfig.cmake
[11.257s] -- Installing: /home/nagi/ros2_ws/install/system_msgs/share/system_msgs/cmake/system_msgs__rosidl_typesupport_cExport.cmake
[11.257s] -- Installing: /home/nagi/ros2_ws/install/system_msgs/share/system_msgs/cmake/system_msgs__rosidl_typesupport_cExport-noconfig.cmake
[11.257s] -- Installing: /home/nagi/ros2_ws/install/system_msgs/share/system_msgs/cmake/system_msgs__rosidl_typesupport_introspection_cppExport.cmake
[11.258s] -- Installing: /home/nagi/ros2_ws/install/system_msgs/share/system_msgs/cmake/system_msgs__rosidl_typesupport_introspection_cppExport-noconfig.cmake
[11.258s] -- Installing: /home/nagi/ros2_ws/install/system_msgs/share/system_msgs/cmake/system_msgs__rosidl_typesupport_cppExport.cmake
[11.258s] -- Installing: /home/nagi/ros2_ws/install/system_msgs/share/system_msgs/cmake/system_msgs__rosidl_typesupport_cppExport-noconfig.cmake
[11.258s] -- Installing: /home/nagi/ros2_ws/install/system_msgs/share/system_msgs/cmake/export_system_msgs__rosidl_generator_pyExport.cmake
[11.258s] -- Installing: /home/nagi/ros2_ws/install/system_msgs/share/system_msgs/cmake/export_system_msgs__rosidl_generator_pyExport-noconfig.cmake
[11.258s] -- Installing: /home/nagi/ros2_ws/install/system_msgs/share/system_msgs/cmake/rosidl_cmake-extras.cmake
[11.259s] -- Installing: /home/nagi/ros2_ws/install/system_msgs/share/system_msgs/cmake/ament_cmake_export_dependencies-extras.cmake
[11.259s] -- Installing: /home/nagi/ros2_ws/install/system_msgs/share/system_msgs/cmake/ament_cmake_export_include_directories-extras.cmake
[11.259s] -- Installing: /home/nagi/ros2_ws/install/system_msgs/share/system_msgs/cmake/ament_cmake_export_libraries-extras.cmake
[11.259s] -- Installing: /home/nagi/ros2_ws/install/system_msgs/share/system_msgs/cmake/ament_cmake_export_targets-extras.cmake
[11.259s] -- Installing: /home/nagi/ros2_ws/install/system_msgs/share/system_msgs/cmake/rosidl_cmake_export_typesupport_targets-extras.cmake
[11.259s] -- Installing: /home/nagi/ros2_ws/install/system_msgs/share/system_msgs/cmake/rosidl_cmake_export_typesupport_libraries-extras.cmake
[11.259s] -- Installing: /home/nagi/ros2_ws/install/system_msgs/share/system_msgs/cmake/system_msgsConfig.cmake
[11.259s] -- Installing: /home/nagi/ros2_ws/install/system_msgs/share/system_msgs/cmake/system_msgsConfig-version.cmake
[11.259s] -- Installing: /home/nagi/ros2_ws/install/system_msgs/share/system_msgs/package.xml
[11.261s] Invoked command in '/home/nagi/ros2_ws/build/system_msgs' returned '0': CMAKE_PREFIX_PATH=${CMAKE_PREFIX_PATH}:/home/nagi/ros2_ws/install/mypkg:/opt/ros/jazzy /usr/bin/cmake --install /home/nagi/ros2_ws/build/system_msgs
