[3.395s] Invoking command in '/home/nagi/ros2_ws/src/mypkg': PYTHONPATH=/home/nagi/ros2_ws/build/mypkg/prefix_override:/usr/lib/python3/dist-packages/colcon_core/task/python/colcon_distutils_commands:/home/nagi/ros2_ws/install/mypkg/lib/python3.12/site-packages:/home/nagi/ros2_ws/install/system_msgs/lib/python3.12/site-packages:/home/nagi/ros2_ws/install/mypkg/lib/python3.12/site-packages:/opt/ros/jazzy/lib/python3.12/site-packages /usr/bin/python3 -W ignore:setup.py install is deprecated -W ignore:easy_install command is deprecated setup.py egg_info --egg-base ../../build/mypkg build --build-base /home/nagi/ros2_ws/build/mypkg/build install --record /home/nagi/ros2_ws/build/mypkg/install.log --single-version-externally-managed install_data
[3.656s] running egg_info
[3.657s] creating ../../build/mypkg/mypkg.egg-info
[3.673s] writing ../../build/mypkg/mypkg.egg-info/PKG-INFO
[3.673s] writing dependency_links to ../../build/mypkg/mypkg.egg-info/dependency_links.txt
[3.673s] writing entry points to ../../build/mypkg/mypkg.egg-info/entry_points.txt
[3.673s] writing requirements to ../../build/mypkg/mypkg.egg-info/requires.txt
[3.674s] writing top-level names to ../../build/mypkg/mypkg.egg-info/top_level.txt
[3.674s] writing manifest file '../../build/mypkg/mypkg.egg-info/SOURCES.txt'
[3.706s] reading manifest file '../../build/mypkg/mypkg.egg-info/SOURCES.txt'
[3.707s] writing manifest file '../../build/mypkg/mypkg.egg-info/SOURCES.txt'
[3.707s] running build
[3.707s] running build_py
[3.708s] creating /home/nagi/ros2_ws/build/mypkg/build
[3.708s] creating /home/nagi/ros2_ws/build/mypkg/build/lib
[3.708s] creating /home/nagi/ros2_ws/build/mypkg/build/lib/mypkg
[3.709s] copying mypkg/event.py -> /home/nagi/ros2_ws/build/mypkg/build/lib/mypkg
[3.710s] copying mypkg/judge.py -> /home/nagi/ros2_ws/build/mypkg/build/lib/mypkg
[3.710s] copying mypkg/status.py -> /home/nagi/ros2_ws/build/mypkg/build/lib/mypkg
[3.711s] copying mypkg/response.py -> /home/nagi/ros2_ws/build/mypkg/build/lib/mypkg
[3.712s] copying mypkg/__init__.py -> /home/nagi/ros2_ws/build/mypkg/build/lib/mypkg
[3.713s] running install
[3.719s] running install_lib
[3.740s] creating /home/nagi/ros2_ws/install/mypkg/lib/python3.12/site-packages/mypkg
[3.741s] copying /home/nagi/ros2_ws/build/mypkg/build/lib/mypkg/event.py -> /home/nagi/ros2_ws/install/mypkg/lib/python3.12/site-packages/mypkg
[3.741s] copying /home/nagi/ros2_ws/build/mypkg/build/lib/mypkg/judge.py -> /home/nagi/ros2_ws/install/mypkg/lib/python3.12/site-packages/mypkg
[3.741s] copying /home/nagi/ros2_ws/build/mypkg/build/lib/mypkg/status.py -> /home/nagi/ros2_ws/install/mypkg/lib/python3.12/site-packages/mypkg
[3.742s] copying /home/nagi/ros2_ws/build/mypkg/build/lib/mypkg/response.py -> /home/nagi/ros2_ws/install/mypkg/lib/python3.12/site-packages/mypkg
[3.742s] copying /home/nagi/ros2_ws/build/mypkg/build/lib/mypkg/__init__.py -> /home/nagi/ros2_ws/install/mypkg/lib/python3.12/site-packages/mypkg
[3.743s] byte-compiling /home/nagi/ros2_ws/install/mypkg/lib/python3.12/site-packages/mypkg/event.py to event.cpython-312.pyc
[3.744s] byte-compiling /home/nagi/ros2_ws/install/mypkg/lib/python3.12/site-packages/mypkg/judge.py to judge.cpython-312.pyc
[3.745s] byte-compiling /home/nagi/ros2_ws/install/mypkg/lib/python3.12/site-packages/mypkg/status.py to status.cpython-312.pyc
[3.746s] byte-compiling /home/nagi/ros2_ws/install/mypkg/lib/python3.12/site-packages/mypkg/response.py to response.cpython-312.pyc
[3.747s] byte-compiling /home/nagi/ros2_ws/install/mypkg/lib/python3.12/site-packages/mypkg/__init__.py to __init__.cpython-312.pyc
[3.748s] running install_data
[3.748s] creating /home/nagi/ros2_ws/install/mypkg/share/ament_index
[3.749s] creating /home/nagi/ros2_ws/install/mypkg/share/ament_index/resource_index
[3.749s] creating /home/nagi/ros2_ws/install/mypkg/share/ament_index/resource_index/packages
[3.749s] copying resource/mypkg -> /home/nagi/ros2_ws/install/mypkg/share/ament_index/resource_index/packages
[3.750s] copying package.xml -> /home/nagi/ros2_ws/install/mypkg/share/mypkg
[3.750s] copying launch/medicine_rm.launch.py -> /home/nagi/ros2_ws/install/mypkg/share/mypkg
[3.751s] running install_egg_info
[3.772s] Copying ../../build/mypkg/mypkg.egg-info to /home/nagi/ros2_ws/install/mypkg/lib/python3.12/site-packages/mypkg-0.0.0-py3.12.egg-info
[3.773s] running install_scripts
[3.889s] Installing event script to /home/nagi/ros2_ws/install/mypkg/lib/mypkg
[3.890s] Installing judge script to /home/nagi/ros2_ws/install/mypkg/lib/mypkg
[3.890s] Installing response script to /home/nagi/ros2_ws/install/mypkg/lib/mypkg
[3.890s] Installing status script to /home/nagi/ros2_ws/install/mypkg/lib/mypkg
[3.891s] writing list of installed files to '/home/nagi/ros2_ws/build/mypkg/install.log'
[3.920s] Invoked command in '/home/nagi/ros2_ws/src/mypkg' returned '0': PYTHONPATH=/home/nagi/ros2_ws/build/mypkg/prefix_override:/usr/lib/python3/dist-packages/colcon_core/task/python/colcon_distutils_commands:/home/nagi/ros2_ws/install/mypkg/lib/python3.12/site-packages:/home/nagi/ros2_ws/install/system_msgs/lib/python3.12/site-packages:/home/nagi/ros2_ws/install/mypkg/lib/python3.12/site-packages:/opt/ros/jazzy/lib/python3.12/site-packages /usr/bin/python3 -W ignore:setup.py install is deprecated -W ignore:easy_install command is deprecated setup.py egg_info --egg-base ../../build/mypkg build --build-base /home/nagi/ros2_ws/build/mypkg/build install --record /home/nagi/ros2_ws/build/mypkg/install.log --single-version-externally-managed install_data
