[0.344s] DEBUG:colcon:Command line arguments: ['/usr/bin/colcon', 'build']
[0.344s] DEBUG:colcon:Parsed command line arguments: Namespace(log_base=None, log_level=None, verb_name='build', build_base='build', install_base='install', merge_install=False, symlink_install=False, test_result_base=None, continue_on_error=False, executor='parallel', parallel_workers=20, event_handlers=None, ignore_user_meta=False, metas=['./colcon.meta'], base_paths=['.'], packages_ignore=None, packages_ignore_regex=None, paths=None, packages_up_to=None, packages_up_to_regex=None, packages_above=None, packages_above_and_dependencies=None, packages_above_depth=None, packages_select_by_dep=None, packages_skip_by_dep=None, packages_skip_up_to=None, packages_select_build_failed=False, packages_skip_build_finished=False, packages_select_test_failures=False, packages_skip_test_passed=False, packages_select=None, packages_skip=None, packages_select_regex=None, packages_skip_regex=None, packages_start=None, packages_end=None, allow_overriding=[], cmake_args=None, cmake_target=None, cmake_target_skip_unavailable=False, cmake_clean_cache=False, cmake_clean_first=False, cmake_force_configure=False, ament_cmake_args=None, catkin_cmake_args=None, catkin_skip_building_tests=False, verb_parser=<colcon_defaults.argument_parser.defaults.DefaultArgumentsDecorator object at 0x761a50e625a0>, verb_extension=<colcon_core.verb.build.BuildVerb object at 0x761a50e61b80>, main=<bound method BuildVerb.main of <colcon_core.verb.build.BuildVerb object at 0x761a50e61b80>>)
[0.417s] Level 1:colcon.colcon_core.package_discovery:discover_packages(colcon_meta) check parameters
[0.417s] Level 1:colcon.colcon_core.package_discovery:discover_packages(recursive) check parameters
[0.417s] Level 1:colcon.colcon_core.package_discovery:discover_packages(ignore) check parameters
[0.417s] Level 1:colcon.colcon_core.package_discovery:discover_packages(path) check parameters
[0.417s] Level 1:colcon.colcon_core.package_discovery:discover_packages(colcon_meta) discover
[0.417s] Level 1:colcon.colcon_core.package_discovery:discover_packages(recursive) discover
[0.418s] INFO:colcon.colcon_core.package_discovery:Crawling recursively for packages in '/home/nagi/ros2_ws'
[0.418s] Level 1:colcon.colcon_core.package_identification:_identify(.) by extensions ['ignore', 'ignore_ament_install']
[0.418s] Level 1:colcon.colcon_core.package_identification:_identify(.) by extension 'ignore'
[0.418s] Level 1:colcon.colcon_core.package_identification:_identify(.) by extension 'ignore_ament_install'
[0.418s] Level 1:colcon.colcon_core.package_identification:_identify(.) by extensions ['colcon_pkg']
[0.418s] Level 1:colcon.colcon_core.package_identification:_identify(.) by extension 'colcon_pkg'
[0.418s] Level 1:colcon.colcon_core.package_identification:_identify(.) by extensions ['colcon_meta']
[0.418s] Level 1:colcon.colcon_core.package_identification:_identify(.) by extension 'colcon_meta'
[0.418s] Level 1:colcon.colcon_core.package_identification:_identify(.) by extensions ['ros']
[0.418s] Level 1:colcon.colcon_core.package_identification:_identify(.) by extension 'ros'
[0.455s] Level 1:colcon.colcon_core.package_identification:_identify(.) by extensions ['cmake', 'python']
[0.455s] Level 1:colcon.colcon_core.package_identification:_identify(.) by extension 'cmake'
[0.455s] Level 1:colcon.colcon_core.package_identification:_identify(.) by extension 'python'
[0.455s] Level 1:colcon.colcon_core.package_identification:_identify(.) by extensions ['python_setup_py']
[0.455s] Level 1:colcon.colcon_core.package_identification:_identify(.) by extension 'python_setup_py'
[0.455s] Level 1:colcon.colcon_core.package_identification:_identify(build) by extensions ['ignore', 'ignore_ament_install']
[0.455s] Level 1:colcon.colcon_core.package_identification:_identify(build) by extension 'ignore'
[0.455s] Level 1:colcon.colcon_core.package_identification:_identify(build) ignored
[0.455s] Level 1:colcon.colcon_core.package_identification:_identify(install) by extensions ['ignore', 'ignore_ament_install']
[0.455s] Level 1:colcon.colcon_core.package_identification:_identify(install) by extension 'ignore'
[0.455s] Level 1:colcon.colcon_core.package_identification:_identify(install) ignored
[0.455s] Level 1:colcon.colcon_core.package_identification:_identify(log) by extensions ['ignore', 'ignore_ament_install']
[0.455s] Level 1:colcon.colcon_core.package_identification:_identify(log) by extension 'ignore'
[0.455s] Level 1:colcon.colcon_core.package_identification:_identify(log) ignored
[0.456s] Level 1:colcon.colcon_core.package_identification:_identify(mypkg) by extensions ['ignore', 'ignore_ament_install']
[0.456s] Level 1:colcon.colcon_core.package_identification:_identify(mypkg) by extension 'ignore'
[0.456s] Level 1:colcon.colcon_core.package_identification:_identify(mypkg) by extension 'ignore_ament_install'
[0.456s] Level 1:colcon.colcon_core.package_identification:_identify(mypkg) by extensions ['colcon_pkg']
[0.456s] Level 1:colcon.colcon_core.package_identification:_identify(mypkg) by extension 'colcon_pkg'
[0.456s] Level 1:colcon.colcon_core.package_identification:_identify(mypkg) by extensions ['colcon_meta']
[0.456s] Level 1:colcon.colcon_core.package_identification:_identify(mypkg) by extension 'colcon_meta'
[0.456s] Level 1:colcon.colcon_core.package_identification:_identify(mypkg) by extensions ['ros']
[0.456s] Level 1:colcon.colcon_core.package_identification:_identify(mypkg) by extension 'ros'
[0.456s] Level 1:colcon.colcon_core.package_identification:_identify(mypkg) by extensions ['cmake', 'python']
[0.456s] Level 1:colcon.colcon_core.package_identification:_identify(mypkg) by extension 'cmake'
[0.456s] Level 1:colcon.colcon_core.package_identification:_identify(mypkg) by extension 'python'
[0.456s] Level 1:colcon.colcon_core.package_identification:_identify(mypkg) by extensions ['python_setup_py']
[0.456s] Level 1:colcon.colcon_core.package_identification:_identify(mypkg) by extension 'python_setup_py'
[0.456s] Level 1:colcon.colcon_core.package_identification:_identify(src) by extensions ['ignore', 'ignore_ament_install']
[0.456s] Level 1:colcon.colcon_core.package_identification:_identify(src) by extension 'ignore'
[0.457s] Level 1:colcon.colcon_core.package_identification:_identify(src) by extension 'ignore_ament_install'
[0.457s] Level 1:colcon.colcon_core.package_identification:_identify(src) by extensions ['colcon_pkg']
[0.457s] Level 1:colcon.colcon_core.package_identification:_identify(src) by extension 'colcon_pkg'
[0.457s] Level 1:colcon.colcon_core.package_identification:_identify(src) by extensions ['colcon_meta']
[0.457s] Level 1:colcon.colcon_core.package_identification:_identify(src) by extension 'colcon_meta'
[0.457s] Level 1:colcon.colcon_core.package_identification:_identify(src) by extensions ['ros']
[0.457s] Level 1:colcon.colcon_core.package_identification:_identify(src) by extension 'ros'
[0.457s] Level 1:colcon.colcon_core.package_identification:_identify(src) by extensions ['cmake', 'python']
[0.457s] Level 1:colcon.colcon_core.package_identification:_identify(src) by extension 'cmake'
[0.457s] Level 1:colcon.colcon_core.package_identification:_identify(src) by extension 'python'
[0.457s] Level 1:colcon.colcon_core.package_identification:_identify(src) by extensions ['python_setup_py']
[0.457s] Level 1:colcon.colcon_core.package_identification:_identify(src) by extension 'python_setup_py'
[0.458s] Level 1:colcon.colcon_core.package_identification:_identify(src/mypkg) by extensions ['ignore', 'ignore_ament_install']
[0.458s] Level 1:colcon.colcon_core.package_identification:_identify(src/mypkg) by extension 'ignore'
[0.458s] Level 1:colcon.colcon_core.package_identification:_identify(src/mypkg) by extension 'ignore_ament_install'
[0.458s] Level 1:colcon.colcon_core.package_identification:_identify(src/mypkg) by extensions ['colcon_pkg']
[0.458s] Level 1:colcon.colcon_core.package_identification:_identify(src/mypkg) by extension 'colcon_pkg'
[0.458s] Level 1:colcon.colcon_core.package_identification:_identify(src/mypkg) by extensions ['colcon_meta']
[0.458s] Level 1:colcon.colcon_core.package_identification:_identify(src/mypkg) by extension 'colcon_meta'
[0.458s] Level 1:colcon.colcon_core.package_identification:_identify(src/mypkg) by extensions ['ros']
[0.458s] Level 1:colcon.colcon_core.package_identification:_identify(src/mypkg) by extension 'ros'
[0.462s] DEBUG:colcon.colcon_core.package_identification:Package 'src/mypkg' with type 'ros.ament_python' and name 'mypkg'
[0.462s] Level 1:colcon.colcon_core.package_identification:_identify(src/system_msgs) by extensions ['ignore', 'ignore_ament_install']
[0.463s] Level 1:colcon.colcon_core.package_identification:_identify(src/system_msgs) by extension 'ignore'
[0.463s] Level 1:colcon.colcon_core.package_identification:_identify(src/system_msgs) by extension 'ignore_ament_install'
[0.463s] Level 1:colcon.colcon_core.package_identification:_identify(src/system_msgs) by extensions ['colcon_pkg']
[0.463s] Level 1:colcon.colcon_core.package_identification:_identify(src/system_msgs) by extension 'colcon_pkg'
[0.463s] Level 1:colcon.colcon_core.package_identification:_identify(src/system_msgs) by extensions ['colcon_meta']
[0.463s] Level 1:colcon.colcon_core.package_identification:_identify(src/system_msgs) by extension 'colcon_meta'
[0.463s] Level 1:colcon.colcon_core.package_identification:_identify(src/system_msgs) by extensions ['ros']
[0.463s] Level 1:colcon.colcon_core.package_identification:_identify(src/system_msgs) by extension 'ros'
[0.464s] DEBUG:colcon.colcon_core.package_identification:Package 'src/system_msgs' with type 'ros.ament_cmake' and name 'system_msgs'
[0.464s] Level 1:colcon.colcon_core.package_discovery:discover_packages(recursive) using defaults
[0.464s] Level 1:colcon.colcon_core.package_discovery:discover_packages(ignore) discover
[0.464s] Level 1:colcon.colcon_core.package_discovery:discover_packages(ignore) using defaults
[0.464s] Level 1:colcon.colcon_core.package_discovery:discover_packages(path) discover
[0.464s] Level 1:colcon.colcon_core.package_discovery:discover_packages(path) using defaults
[0.494s] Level 1:colcon.colcon_core.package_discovery:discover_packages(prefix_path) check parameters
[0.494s] Level 1:colcon.colcon_core.package_discovery:discover_packages(prefix_path) discover
[0.495s] WARNING:colcon.colcon_ros.prefix_path.ament:The path '/home/nagi/ros2_ws/install/system_msgs' in the environment variable AMENT_PREFIX_PATH doesn't exist
[0.496s] WARNING:colcon.colcon_ros.prefix_path.ament:The path '/home/nagi/ros2_ws/install/person_msgs' in the environment variable AMENT_PREFIX_PATH doesn't exist
[0.496s] WARNING:colcon.colcon_ros.prefix_path.ament:The path '/home/nagi/ros2_ws/install/mypkg' in the environment variable AMENT_PREFIX_PATH doesn't exist
[0.496s] WARNING:colcon.colcon_ros.prefix_path.catkin:The path '/home/nagi/ros2_ws/install/system_msgs' in the environment variable CMAKE_PREFIX_PATH doesn't exist
[0.496s] WARNING:colcon.colcon_ros.prefix_path.catkin:The path '/home/nagi/ros2_ws/install/person_msgs' in the environment variable CMAKE_PREFIX_PATH doesn't exist
[0.497s] DEBUG:colcon.colcon_installed_package_information.package_discovery:Found 0 installed packages in /home/nagi/ros2_ws/install
[0.499s] DEBUG:colcon.colcon_installed_package_information.package_discovery:Found 285 installed packages in /opt/ros/jazzy
[0.500s] Level 1:colcon.colcon_core.package_discovery:discover_packages(prefix_path) using defaults
[0.603s] Level 5:colcon.colcon_core.verb:set package 'system_msgs' build argument 'cmake_args' from command line to 'None'
[0.603s] Level 5:colcon.colcon_core.verb:set package 'system_msgs' build argument 'cmake_target' from command line to 'None'
[0.603s] Level 5:colcon.colcon_core.verb:set package 'system_msgs' build argument 'cmake_target_skip_unavailable' from command line to 'False'
[0.603s] Level 5:colcon.colcon_core.verb:set package 'system_msgs' build argument 'cmake_clean_cache' from command line to 'False'
[0.603s] Level 5:colcon.colcon_core.verb:set package 'system_msgs' build argument 'cmake_clean_first' from command line to 'False'
[0.603s] Level 5:colcon.colcon_core.verb:set package 'system_msgs' build argument 'cmake_force_configure' from command line to 'False'
[0.603s] Level 5:colcon.colcon_core.verb:set package 'system_msgs' build argument 'ament_cmake_args' from command line to 'None'
[0.603s] Level 5:colcon.colcon_core.verb:set package 'system_msgs' build argument 'catkin_cmake_args' from command line to 'None'
[0.603s] Level 5:colcon.colcon_core.verb:set package 'system_msgs' build argument 'catkin_skip_building_tests' from command line to 'False'
[0.603s] DEBUG:colcon.colcon_core.verb:Building package 'system_msgs' with the following arguments: {'ament_cmake_args': None, 'build_base': '/home/nagi/ros2_ws/build/system_msgs', 'catkin_cmake_args': None, 'catkin_skip_building_tests': False, 'cmake_args': None, 'cmake_clean_cache': False, 'cmake_clean_first': False, 'cmake_force_configure': False, 'cmake_target': None, 'cmake_target_skip_unavailable': False, 'install_base': '/home/nagi/ros2_ws/install/system_msgs', 'merge_install': False, 'path': '/home/nagi/ros2_ws/src/system_msgs', 'symlink_install': False, 'test_result_base': None}
[0.603s] Level 5:colcon.colcon_core.verb:set package 'mypkg' build argument 'cmake_args' from command line to 'None'
[0.603s] Level 5:colcon.colcon_core.verb:set package 'mypkg' build argument 'cmake_target' from command line to 'None'
[0.603s] Level 5:colcon.colcon_core.verb:set package 'mypkg' build argument 'cmake_target_skip_unavailable' from command line to 'False'
[0.603s] Level 5:colcon.colcon_core.verb:set package 'mypkg' build argument 'cmake_clean_cache' from command line to 'False'
[0.603s] Level 5:colcon.colcon_core.verb:set package 'mypkg' build argument 'cmake_clean_first' from command line to 'False'
[0.603s] Level 5:colcon.colcon_core.verb:set package 'mypkg' build argument 'cmake_force_configure' from command line to 'False'
[0.603s] Level 5:colcon.colcon_core.verb:set package 'mypkg' build argument 'ament_cmake_args' from command line to 'None'
[0.603s] Level 5:colcon.colcon_core.verb:set package 'mypkg' build argument 'catkin_cmake_args' from command line to 'None'
[0.603s] Level 5:colcon.colcon_core.verb:set package 'mypkg' build argument 'catkin_skip_building_tests' from command line to 'False'
[0.603s] DEBUG:colcon.colcon_core.verb:Building package 'mypkg' with the following arguments: {'ament_cmake_args': None, 'build_base': '/home/nagi/ros2_ws/build/mypkg', 'catkin_cmake_args': None, 'catkin_skip_building_tests': False, 'cmake_args': None, 'cmake_clean_cache': False, 'cmake_clean_first': False, 'cmake_force_configure': False, 'cmake_target': None, 'cmake_target_skip_unavailable': False, 'install_base': '/home/nagi/ros2_ws/install/mypkg', 'merge_install': False, 'path': '/home/nagi/ros2_ws/src/mypkg', 'symlink_install': False, 'test_result_base': None}
[0.603s] INFO:colcon.colcon_core.executor:Executing jobs using 'parallel' executor
[0.604s] DEBUG:colcon.colcon_parallel_executor.executor.parallel:run_until_complete
[0.605s] INFO:colcon.colcon_ros.task.ament_cmake.build:Building ROS package in '/home/nagi/ros2_ws/src/system_msgs' with build type 'ament_cmake'
[0.605s] INFO:colcon.colcon_cmake.task.cmake.build:Building CMake package in '/home/nagi/ros2_ws/src/system_msgs'
[0.612s] INFO:colcon.colcon_core.plugin_system:Skipping extension 'colcon_core.shell.bat': Not used on non-Windows systems
[0.612s] INFO:colcon.colcon_core.shell:Skip shell extension 'powershell' for command environment: Not usable outside of PowerShell
[0.612s] DEBUG:colcon.colcon_core.shell:Skip shell extension 'dsv' for command environment
[0.623s] DEBUG:colcon.colcon_core.event_handler.log_command:Invoking command in '/home/nagi/ros2_ws/build/system_msgs': CMAKE_PREFIX_PATH=${CMAKE_PREFIX_PATH}:/home/nagi/ros2_ws/install/mypkg:/opt/ros/jazzy /usr/bin/cmake /home/nagi/ros2_ws/src/system_msgs -DCMAKE_INSTALL_PREFIX=/home/nagi/ros2_ws/install/system_msgs
[7.715s] DEBUG:colcon.colcon_core.event_handler.log_command:Invoked command in '/home/nagi/ros2_ws/build/system_msgs' returned '0': CMAKE_PREFIX_PATH=${CMAKE_PREFIX_PATH}:/home/nagi/ros2_ws/install/mypkg:/opt/ros/jazzy /usr/bin/cmake /home/nagi/ros2_ws/src/system_msgs -DCMAKE_INSTALL_PREFIX=/home/nagi/ros2_ws/install/system_msgs
[7.717s] DEBUG:colcon.colcon_core.event_handler.log_command:Invoking command in '/home/nagi/ros2_ws/build/system_msgs': CMAKE_PREFIX_PATH=${CMAKE_PREFIX_PATH}:/home/nagi/ros2_ws/install/mypkg:/opt/ros/jazzy /usr/bin/cmake --build /home/nagi/ros2_ws/build/system_msgs -- -j20 -l20
[12.431s] DEBUG:colcon.colcon_core.event_handler.log_command:Invoked command in '/home/nagi/ros2_ws/build/system_msgs' returned '0': CMAKE_PREFIX_PATH=${CMAKE_PREFIX_PATH}:/home/nagi/ros2_ws/install/mypkg:/opt/ros/jazzy /usr/bin/cmake --build /home/nagi/ros2_ws/build/system_msgs -- -j20 -l20
[12.440s] DEBUG:colcon.colcon_core.event_handler.log_command:Invoking command in '/home/nagi/ros2_ws/build/system_msgs': CMAKE_PREFIX_PATH=${CMAKE_PREFIX_PATH}:/home/nagi/ros2_ws/install/mypkg:/opt/ros/jazzy /usr/bin/cmake --install /home/nagi/ros2_ws/build/system_msgs
[12.521s] Level 1:colcon.colcon_core.environment:create_environment_scripts_only(system_msgs)
[12.521s] DEBUG:colcon.colcon_core.event_handler.log_command:Invoked command in '/home/nagi/ros2_ws/build/system_msgs' returned '0': CMAKE_PREFIX_PATH=${CMAKE_PREFIX_PATH}:/home/nagi/ros2_ws/install/mypkg:/opt/ros/jazzy /usr/bin/cmake --install /home/nagi/ros2_ws/build/system_msgs
[12.528s] Level 1:colcon.colcon_core.environment:checking '/home/nagi/ros2_ws/install/system_msgs' for CMake module files
[12.529s] Level 1:colcon.colcon_core.environment:checking '/home/nagi/ros2_ws/install/system_msgs' for CMake config files
[12.529s] Level 1:colcon.colcon_core.shell:create_environment_hook('system_msgs', 'cmake_prefix_path')
[12.529s] INFO:colcon.colcon_core.shell:Creating environment hook '/home/nagi/ros2_ws/install/system_msgs/share/system_msgs/hook/cmake_prefix_path.ps1'
[12.531s] INFO:colcon.colcon_core.shell:Creating environment descriptor '/home/nagi/ros2_ws/install/system_msgs/share/system_msgs/hook/cmake_prefix_path.dsv'
[12.531s] INFO:colcon.colcon_core.shell:Creating environment hook '/home/nagi/ros2_ws/install/system_msgs/share/system_msgs/hook/cmake_prefix_path.sh'
[12.532s] Level 1:colcon.colcon_core.environment:checking '/home/nagi/ros2_ws/install/system_msgs/lib'
[12.532s] Level 1:colcon.colcon_core.shell:create_environment_hook('system_msgs', 'ld_library_path_lib')
[12.533s] INFO:colcon.colcon_core.shell:Creating environment hook '/home/nagi/ros2_ws/install/system_msgs/share/system_msgs/hook/ld_library_path_lib.ps1'
[12.533s] INFO:colcon.colcon_core.shell:Creating environment descriptor '/home/nagi/ros2_ws/install/system_msgs/share/system_msgs/hook/ld_library_path_lib.dsv'
[12.533s] INFO:colcon.colcon_core.shell:Creating environment hook '/home/nagi/ros2_ws/install/system_msgs/share/system_msgs/hook/ld_library_path_lib.sh'
[12.534s] Level 1:colcon.colcon_core.environment:checking '/home/nagi/ros2_ws/install/system_msgs/bin'
[12.534s] Level 1:colcon.colcon_core.environment:checking '/home/nagi/ros2_ws/install/system_msgs/lib/pkgconfig/system_msgs.pc'
[12.534s] Level 1:colcon.colcon_core.environment:checking '/home/nagi/ros2_ws/install/system_msgs/lib/python3.12/site-packages'
[12.534s] Level 1:colcon.colcon_core.shell:create_environment_hook('system_msgs', 'pythonpath')
[12.534s] INFO:colcon.colcon_core.shell:Creating environment hook '/home/nagi/ros2_ws/install/system_msgs/share/system_msgs/hook/pythonpath.ps1'
[12.535s] INFO:colcon.colcon_core.shell:Creating environment descriptor '/home/nagi/ros2_ws/install/system_msgs/share/system_msgs/hook/pythonpath.dsv'
[12.535s] INFO:colcon.colcon_core.shell:Creating environment hook '/home/nagi/ros2_ws/install/system_msgs/share/system_msgs/hook/pythonpath.sh'
[12.535s] Level 1:colcon.colcon_core.environment:checking '/home/nagi/ros2_ws/install/system_msgs/bin'
[12.536s] INFO:colcon.colcon_core.shell:Creating package script '/home/nagi/ros2_ws/install/system_msgs/share/system_msgs/package.ps1'
[12.536s] INFO:colcon.colcon_core.shell:Creating package descriptor '/home/nagi/ros2_ws/install/system_msgs/share/system_msgs/package.dsv'
[12.537s] INFO:colcon.colcon_core.shell:Creating package script '/home/nagi/ros2_ws/install/system_msgs/share/system_msgs/package.sh'
[12.538s] INFO:colcon.colcon_core.shell:Creating package script '/home/nagi/ros2_ws/install/system_msgs/share/system_msgs/package.bash'
[12.539s] INFO:colcon.colcon_core.shell:Creating package script '/home/nagi/ros2_ws/install/system_msgs/share/system_msgs/package.zsh'
[12.539s] Level 1:colcon.colcon_core.environment:create_file_with_runtime_dependencies(/home/nagi/ros2_ws/install/system_msgs/share/colcon-core/packages/system_msgs)
[12.540s] Level 1:colcon.colcon_core.environment:create_environment_scripts_only(system_msgs)
[12.540s] Level 1:colcon.colcon_core.environment:checking '/home/nagi/ros2_ws/install/system_msgs' for CMake module files
[12.541s] Level 1:colcon.colcon_core.environment:checking '/home/nagi/ros2_ws/install/system_msgs' for CMake config files
[12.541s] Level 1:colcon.colcon_core.shell:create_environment_hook('system_msgs', 'cmake_prefix_path')
[12.541s] INFO:colcon.colcon_core.shell:Creating environment hook '/home/nagi/ros2_ws/install/system_msgs/share/system_msgs/hook/cmake_prefix_path.ps1'
[12.541s] INFO:colcon.colcon_core.shell:Creating environment descriptor '/home/nagi/ros2_ws/install/system_msgs/share/system_msgs/hook/cmake_prefix_path.dsv'
[12.542s] INFO:colcon.colcon_core.shell:Creating environment hook '/home/nagi/ros2_ws/install/system_msgs/share/system_msgs/hook/cmake_prefix_path.sh'
[12.542s] Level 1:colcon.colcon_core.environment:checking '/home/nagi/ros2_ws/install/system_msgs/lib'
[12.542s] Level 1:colcon.colcon_core.shell:create_environment_hook('system_msgs', 'ld_library_path_lib')
[12.542s] INFO:colcon.colcon_core.shell:Creating environment hook '/home/nagi/ros2_ws/install/system_msgs/share/system_msgs/hook/ld_library_path_lib.ps1'
[12.543s] INFO:colcon.colcon_core.shell:Creating environment descriptor '/home/nagi/ros2_ws/install/system_msgs/share/system_msgs/hook/ld_library_path_lib.dsv'
[12.543s] INFO:colcon.colcon_core.shell:Creating environment hook '/home/nagi/ros2_ws/install/system_msgs/share/system_msgs/hook/ld_library_path_lib.sh'
[12.543s] Level 1:colcon.colcon_core.environment:checking '/home/nagi/ros2_ws/install/system_msgs/bin'
[12.543s] Level 1:colcon.colcon_core.environment:checking '/home/nagi/ros2_ws/install/system_msgs/lib/pkgconfig/system_msgs.pc'
[12.544s] Level 1:colcon.colcon_core.environment:checking '/home/nagi/ros2_ws/install/system_msgs/lib/python3.12/site-packages'
[12.544s] Level 1:colcon.colcon_core.shell:create_environment_hook('system_msgs', 'pythonpath')
[12.544s] INFO:colcon.colcon_core.shell:Creating environment hook '/home/nagi/ros2_ws/install/system_msgs/share/system_msgs/hook/pythonpath.ps1'
[12.544s] INFO:colcon.colcon_core.shell:Creating environment descriptor '/home/nagi/ros2_ws/install/system_msgs/share/system_msgs/hook/pythonpath.dsv'
[12.544s] INFO:colcon.colcon_core.shell:Creating environment hook '/home/nagi/ros2_ws/install/system_msgs/share/system_msgs/hook/pythonpath.sh'
[12.545s] Level 1:colcon.colcon_core.environment:checking '/home/nagi/ros2_ws/install/system_msgs/bin'
[12.545s] INFO:colcon.colcon_core.shell:Creating package script '/home/nagi/ros2_ws/install/system_msgs/share/system_msgs/package.ps1'
[12.546s] INFO:colcon.colcon_core.shell:Creating package descriptor '/home/nagi/ros2_ws/install/system_msgs/share/system_msgs/package.dsv'
[12.546s] INFO:colcon.colcon_core.shell:Creating package script '/home/nagi/ros2_ws/install/system_msgs/share/system_msgs/package.sh'
[12.546s] INFO:colcon.colcon_core.shell:Creating package script '/home/nagi/ros2_ws/install/system_msgs/share/system_msgs/package.bash'
[12.547s] INFO:colcon.colcon_core.shell:Creating package script '/home/nagi/ros2_ws/install/system_msgs/share/system_msgs/package.zsh'
[12.547s] Level 1:colcon.colcon_core.environment:create_file_with_runtime_dependencies(/home/nagi/ros2_ws/install/system_msgs/share/colcon-core/packages/system_msgs)
[12.547s] INFO:colcon.colcon_ros.task.ament_python.build:Building ROS package in '/home/nagi/ros2_ws/src/mypkg' with build type 'ament_python'
[12.548s] Level 1:colcon.colcon_core.shell:create_environment_hook('mypkg', 'ament_prefix_path')
[12.548s] INFO:colcon.colcon_core.shell:Creating environment hook '/home/nagi/ros2_ws/install/mypkg/share/mypkg/hook/ament_prefix_path.ps1'
[12.549s] INFO:colcon.colcon_core.shell:Creating environment descriptor '/home/nagi/ros2_ws/install/mypkg/share/mypkg/hook/ament_prefix_path.dsv'
[12.549s] INFO:colcon.colcon_core.shell:Creating environment hook '/home/nagi/ros2_ws/install/mypkg/share/mypkg/hook/ament_prefix_path.sh'
[12.550s] INFO:colcon.colcon_core.shell:Skip shell extension 'powershell' for command environment: Not usable outside of PowerShell
[12.550s] DEBUG:colcon.colcon_core.shell:Skip shell extension 'dsv' for command environment
[12.877s] INFO:colcon.colcon_core.task.python.build:Building Python package in '/home/nagi/ros2_ws/src/mypkg'
[12.877s] INFO:colcon.colcon_core.shell:Skip shell extension 'powershell' for command environment: Not usable outside of PowerShell
[12.877s] DEBUG:colcon.colcon_core.shell:Skip shell extension 'dsv' for command environment
[14.055s] DEBUG:colcon.colcon_core.event_handler.log_command:Invoking command in '/home/nagi/ros2_ws/src/mypkg': PYTHONPATH=/home/nagi/ros2_ws/build/mypkg/prefix_override:/usr/lib/python3/dist-packages/colcon_core/task/python/colcon_distutils_commands:/home/nagi/ros2_ws/install/mypkg/lib/python3.12/site-packages:${PYTHONPATH} /usr/bin/python3 -W ignore:setup.py install is deprecated -W ignore:easy_install command is deprecated setup.py egg_info --egg-base ../../build/mypkg build --build-base /home/nagi/ros2_ws/build/mypkg/build install --record /home/nagi/ros2_ws/build/mypkg/install.log --single-version-externally-managed install_data
[14.501s] Level 1:colcon.colcon_core.environment:checking '/home/nagi/ros2_ws/install/mypkg' for CMake module files
[14.501s] DEBUG:colcon.colcon_core.event_handler.log_command:Invoked command in '/home/nagi/ros2_ws/src/mypkg' returned '0': PYTHONPATH=/home/nagi/ros2_ws/build/mypkg/prefix_override:/usr/lib/python3/dist-packages/colcon_core/task/python/colcon_distutils_commands:/home/nagi/ros2_ws/install/mypkg/lib/python3.12/site-packages:${PYTHONPATH} /usr/bin/python3 -W ignore:setup.py install is deprecated -W ignore:easy_install command is deprecated setup.py egg_info --egg-base ../../build/mypkg build --build-base /home/nagi/ros2_ws/build/mypkg/build install --record /home/nagi/ros2_ws/build/mypkg/install.log --single-version-externally-managed install_data
[14.502s] Level 1:colcon.colcon_core.environment:checking '/home/nagi/ros2_ws/install/mypkg' for CMake config files
[14.502s] Level 1:colcon.colcon_core.environment:checking '/home/nagi/ros2_ws/install/mypkg/lib'
[14.502s] Level 1:colcon.colcon_core.environment:checking '/home/nagi/ros2_ws/install/mypkg/bin'
[14.502s] Level 1:colcon.colcon_core.environment:checking '/home/nagi/ros2_ws/install/mypkg/lib/pkgconfig/mypkg.pc'
[14.502s] Level 1:colcon.colcon_core.environment:checking '/home/nagi/ros2_ws/install/mypkg/lib/python3.12/site-packages'
[14.503s] Level 1:colcon.colcon_core.shell:create_environment_hook('mypkg', 'pythonpath')
[14.503s] INFO:colcon.colcon_core.shell:Creating environment hook '/home/nagi/ros2_ws/install/mypkg/share/mypkg/hook/pythonpath.ps1'
[14.503s] INFO:colcon.colcon_core.shell:Creating environment descriptor '/home/nagi/ros2_ws/install/mypkg/share/mypkg/hook/pythonpath.dsv'
[14.503s] INFO:colcon.colcon_core.shell:Creating environment hook '/home/nagi/ros2_ws/install/mypkg/share/mypkg/hook/pythonpath.sh'
[14.504s] Level 1:colcon.colcon_core.environment:checking '/home/nagi/ros2_ws/install/mypkg/bin'
[14.504s] Level 1:colcon.colcon_core.environment:create_environment_scripts_only(mypkg)
[14.504s] INFO:colcon.colcon_core.shell:Creating package script '/home/nagi/ros2_ws/install/mypkg/share/mypkg/package.ps1'
[14.504s] INFO:colcon.colcon_core.shell:Creating package descriptor '/home/nagi/ros2_ws/install/mypkg/share/mypkg/package.dsv'
[14.505s] INFO:colcon.colcon_core.shell:Creating package script '/home/nagi/ros2_ws/install/mypkg/share/mypkg/package.sh'
[14.505s] INFO:colcon.colcon_core.shell:Creating package script '/home/nagi/ros2_ws/install/mypkg/share/mypkg/package.bash'
[14.505s] INFO:colcon.colcon_core.shell:Creating package script '/home/nagi/ros2_ws/install/mypkg/share/mypkg/package.zsh'
[14.506s] Level 1:colcon.colcon_core.environment:create_file_with_runtime_dependencies(/home/nagi/ros2_ws/install/mypkg/share/colcon-core/packages/mypkg)
[14.506s] DEBUG:colcon.colcon_parallel_executor.executor.parallel:closing loop
[14.507s] DEBUG:colcon.colcon_parallel_executor.executor.parallel:loop closed
[14.507s] DEBUG:colcon.colcon_parallel_executor.executor.parallel:run_until_complete finished with '0'
[14.507s] DEBUG:colcon.colcon_core.event_reactor:joining thread
[14.546s] INFO:colcon.colcon_core.plugin_system:Skipping extension 'colcon_notification.desktop_notification.notify_send': Could not find 'notify-send'
[14.546s] INFO:colcon.colcon_core.plugin_system:Skipping extension 'colcon_notification.desktop_notification.terminal_notifier': Not used on non-Darwin systems
[14.546s] INFO:colcon.colcon_core.plugin_system:Skipping extension 'colcon_notification.desktop_notification.win32': Not used on non-Windows systems
[14.546s] INFO:colcon.colcon_notification.desktop_notification:Sending desktop notification using 'notify2'
[14.548s] DEBUG:colcon.colcon_notification.desktop_notification.notify2:Failed to initialize notify2: org.freedesktop.DBus.Error.ServiceUnknown: The name org.freedesktop.Notifications was not provided by any .service files
[14.549s] DEBUG:colcon.colcon_core.event_reactor:joined thread
[14.549s] INFO:colcon.colcon_core.shell:Creating prefix script '/home/nagi/ros2_ws/install/local_setup.ps1'
[14.551s] INFO:colcon.colcon_core.shell:Creating prefix util module '/home/nagi/ros2_ws/install/_local_setup_util_ps1.py'
[14.552s] INFO:colcon.colcon_core.shell:Creating prefix chain script '/home/nagi/ros2_ws/install/setup.ps1'
[14.554s] INFO:colcon.colcon_core.shell:Creating prefix script '/home/nagi/ros2_ws/install/local_setup.sh'
[14.555s] INFO:colcon.colcon_core.shell:Creating prefix util module '/home/nagi/ros2_ws/install/_local_setup_util_sh.py'
[14.556s] INFO:colcon.colcon_core.shell:Creating prefix chain script '/home/nagi/ros2_ws/install/setup.sh'
[14.558s] INFO:colcon.colcon_core.shell:Creating prefix script '/home/nagi/ros2_ws/install/local_setup.bash'
[14.559s] INFO:colcon.colcon_core.shell:Creating prefix chain script '/home/nagi/ros2_ws/install/setup.bash'
[14.560s] INFO:colcon.colcon_core.shell:Creating prefix script '/home/nagi/ros2_ws/install/local_setup.zsh'
[14.561s] INFO:colcon.colcon_core.shell:Creating prefix chain script '/home/nagi/ros2_ws/install/setup.zsh'
