[1.684s] Invoking command in '/home/nagi/ros2_ws/src/mypkg': PYTHONPATH=/home/nagi/ros2_ws/build/mypkg/prefix_override:/usr/lib/python3/dist-packages/colcon_core/task/python/colcon_distutils_commands:/home/nagi/ros2_ws/install/mypkg/lib/python3.12/site-packages:${PYTHONPATH} /usr/bin/python3 -W ignore:setup.py install is deprecated -W ignore:easy_install command is deprecated setup.py egg_info --egg-base ../../build/mypkg build --build-base /home/nagi/ros2_ws/build/mypkg/build install --record /home/nagi/ros2_ws/build/mypkg/install.log --single-version-externally-managed install_data
[1.915s] running egg_info
[1.915s] creating ../../build/mypkg/mypkg.egg-info
[1.930s] writing ../../build/mypkg/mypkg.egg-info/PKG-INFO
[1.931s] writing dependency_links to ../../build/mypkg/mypkg.egg-info/dependency_links.txt
[1.931s] writing entry points to ../../build/mypkg/mypkg.egg-info/entry_points.txt
[1.931s] writing requirements to ../../build/mypkg/mypkg.egg-info/requires.txt
[1.931s] writing top-level names to ../../build/mypkg/mypkg.egg-info/top_level.txt
[1.931s] writing manifest file '../../build/mypkg/mypkg.egg-info/SOURCES.txt'
[1.960s] reading manifest file '../../build/mypkg/mypkg.egg-info/SOURCES.txt'
[1.961s] writing manifest file '../../build/mypkg/mypkg.egg-info/SOURCES.txt'
[1.961s] running build
[1.961s] running build_py
[1.961s] creating /home/nagi/ros2_ws/build/mypkg/build
[1.962s] creating /home/nagi/ros2_ws/build/mypkg/build/lib
[1.962s] creating /home/nagi/ros2_ws/build/mypkg/build/lib/mypkg
[1.962s] copying mypkg/event.py -> /home/nagi/ros2_ws/build/mypkg/build/lib/mypkg
[1.963s] copying mypkg/judge.py -> /home/nagi/ros2_ws/build/mypkg/build/lib/mypkg
[1.963s] copying mypkg/status.py -> /home/nagi/ros2_ws/build/mypkg/build/lib/mypkg
[1.964s] copying mypkg/response.py -> /home/nagi/ros2_ws/build/mypkg/build/lib/mypkg
[1.965s] copying mypkg/__init__.py -> /home/nagi/ros2_ws/build/mypkg/build/lib/mypkg
[1.965s] running install
[1.970s] running install_lib
[1.986s] creating /home/nagi/ros2_ws/install/mypkg/lib/python3.12/site-packages/mypkg
[1.986s] copying /home/nagi/ros2_ws/build/mypkg/build/lib/mypkg/event.py -> /home/nagi/ros2_ws/install/mypkg/lib/python3.12/site-packages/mypkg
[1.986s] copying /home/nagi/ros2_ws/build/mypkg/build/lib/mypkg/judge.py -> /home/nagi/ros2_ws/install/mypkg/lib/python3.12/site-packages/mypkg
[1.987s] copying /home/nagi/ros2_ws/build/mypkg/build/lib/mypkg/status.py -> /home/nagi/ros2_ws/install/mypkg/lib/python3.12/site-packages/mypkg
[1.987s] copying /home/nagi/ros2_ws/build/mypkg/build/lib/mypkg/response.py -> /home/nagi/ros2_ws/install/mypkg/lib/python3.12/site-packages/mypkg
[1.987s] copying /home/nagi/ros2_ws/build/mypkg/build/lib/mypkg/__init__.py -> /home/nagi/ros2_ws/install/mypkg/lib/python3.12/site-packages/mypkg
[1.987s] byte-compiling /home/nagi/ros2_ws/install/mypkg/lib/python3.12/site-packages/mypkg/event.py to event.cpython-312.pyc
[1.988s] byte-compiling /home/nagi/ros2_ws/install/mypkg/lib/python3.12/site-packages/mypkg/judge.py to judge.cpython-312.pyc
[1.989s] byte-compiling /home/nagi/ros2_ws/install/mypkg/lib/python3.12/site-packages/mypkg/status.py to status.cpython-312.pyc
[1.989s] byte-compiling /home/nagi/ros2_ws/install/mypkg/lib/python3.12/site-packages/mypkg/response.py to response.cpython-312.pyc
[1.990s] byte-compiling /home/nagi/ros2_ws/install/mypkg/lib/python3.12/site-packages/mypkg/__init__.py to __init__.cpython-312.pyc
[1.990s] running install_data
[1.990s] creating /home/nagi/ros2_ws/install/mypkg/share/ament_index
[1.990s] creating /home/nagi/ros2_ws/install/mypkg/share/ament_index/resource_index
[1.990s] creating /home/nagi/ros2_ws/install/mypkg/share/ament_index/resource_index/packages
[1.991s] copying resource/mypkg -> /home/nagi/ros2_ws/install/mypkg/share/ament_index/resource_index/packages
[1.991s] copying package.xml -> /home/nagi/ros2_ws/install/mypkg/share/mypkg
[1.991s] copying launch/medicine_rm.launch.py -> /home/nagi/ros2_ws/install/mypkg/share/mypkg
[1.991s] running install_egg_info
[2.010s] Copying ../../build/mypkg/mypkg.egg-info to /home/nagi/ros2_ws/install/mypkg/lib/python3.12/site-packages/mypkg-0.0.0-py3.12.egg-info
[2.011s] running install_scripts
[2.112s] Installing event script to /home/nagi/ros2_ws/install/mypkg/lib/mypkg
[2.112s] Installing judge script to /home/nagi/ros2_ws/install/mypkg/lib/mypkg
[2.112s] Installing response script to /home/nagi/ros2_ws/install/mypkg/lib/mypkg
[2.112s] Installing status script to /home/nagi/ros2_ws/install/mypkg/lib/mypkg
[2.113s] writing list of installed files to '/home/nagi/ros2_ws/build/mypkg/install.log'
[2.141s] Invoked command in '/home/nagi/ros2_ws/src/mypkg' returned '0': PYTHONPATH=/home/nagi/ros2_ws/build/mypkg/prefix_override:/usr/lib/python3/dist-packages/colcon_core/task/python/colcon_distutils_commands:/home/nagi/ros2_ws/install/mypkg/lib/python3.12/site-packages:${PYTHONPATH} /usr/bin/python3 -W ignore:setup.py install is deprecated -W ignore:easy_install command is deprecated setup.py egg_info --egg-base ../../build/mypkg build --build-base /home/nagi/ros2_ws/build/mypkg/build install --record /home/nagi/ros2_ws/build/mypkg/install.log --single-version-externally-managed install_data
