-- The C compiler identification is GNU 13.3.0
-- The CXX compiler identification is GNU 13.3.0
-- Detecting C compiler ABI info
-- Detecting C compiler ABI info - done
-- Check for working C compiler: /usr/bin/cc - skipped
-- Detecting C compile features
-- Detecting C compile features - done
-- Detecting CXX compiler ABI info
-- Detecting CXX compiler ABI info - done
-- Check for working CXX compiler: /usr/bin/c++ - skipped
-- Detecting CXX compile features
-- Detecting CXX compile features - done
-- Found ament_cmake: 2.5.4 (/opt/ros/jazzy/share/ament_cmake/cmake)
-- Found Python3: /usr/bin/python3 (found version "3.12.3") found components: Interpreter 
-- Found std_msgs: 5.3.6 (/opt/ros/jazzy/share/std_msgs/cmake)
-- Found rosidl_generator_c: 4.6.6 (/opt/ros/jazzy/share/rosidl_generator_c/cmake)
-- Found rosidl_generator_cpp: 4.6.6 (/opt/ros/jazzy/share/rosidl_generator_cpp/cmake)
-- Using all available rosidl_typesupport_c: rosidl_typesupport_fastrtps_c;rosidl_typesupport_introspection_c
-- Using all available rosidl_typesupport_cpp: rosidl_typesupport_fastrtps_cpp;rosidl_typesupport_introspection_cpp
-- Found rosidl_default_generators: 1.6.0 (/opt/ros/jazzy/share/rosidl_default_generators/cmake)
-- Found rosidl_adapter: 4.6.6 (/opt/ros/jazzy/share/rosidl_adapter/cmake)
-- Found ament_cmake_ros: 0.12.0 (/opt/ros/jazzy/share/ament_cmake_ros/cmake)
-- Using all available rosidl_typesupport_c: rosidl_typesupport_fastrtps_c;rosidl_typesupport_introspection_c
-- Using all available rosidl_typesupport_cpp: rosidl_typesupport_fastrtps_cpp;rosidl_typesupport_introspection_cpp
-- Found python_cmake_module: 0.11.1 (/opt/ros/jazzy/share/python_cmake_module/cmake)
-- Found PythonExtra: /usr/bin/python3  
-- Found Python3: /usr/bin/python3 (found version "3.12.3") found components: Interpreter Development NumPy Development.Module Development.Embed 
-- Found ament_lint_auto: 0.17.3 (/opt/ros/jazzy/share/ament_lint_auto/cmake)
-- Added test 'lint_cmake' to check CMake code style
-- Added test 'xmllint' to check XML markup files
-- Configuring done (6.0s)
-- Generating done (0.0s)
-- Build files have been written to: /home/nagi/ros2_ws/build/system_msgs
[  1%] [34m[1mGenerating type hashes for ROS interfaces[0m
[  1%] Built target ament_cmake_python_copy_system_msgs
running egg_info
creating system_msgs.egg-info
writing system_msgs.egg-info/PKG-INFO
writing dependency_links to system_msgs.egg-info/dependency_links.txt
writing top-level names to system_msgs.egg-info/top_level.txt
writing manifest file 'system_msgs.egg-info/SOURCES.txt'
[  1%] Built target system_msgs__rosidl_generator_type_description
reading manifest file 'system_msgs.egg-info/SOURCES.txt'
writing manifest file 'system_msgs.egg-info/SOURCES.txt'
[  3%] [34m[1mGenerating C code for ROS interfaces[0m
[  4%] [34m[1mGenerating C++ code for ROS interfaces[0m
[  4%] Built target ament_cmake_python_build_system_msgs_egg
[  4%] Built target system_msgs__cpp
[  7%] [32mBuilding C object CMakeFiles/system_msgs__rosidl_generator_c.dir/rosidl_generator_c/system_msgs/msg/detail/rm_event__functions.c.o[0m
[  7%] [32mBuilding C object CMakeFiles/system_msgs__rosidl_generator_c.dir/rosidl_generator_c/system_msgs/msg/detail/rm_event__description.c.o[0m
[  9%] [32mBuilding C object CMakeFiles/system_msgs__rosidl_generator_c.dir/rosidl_generator_c/system_msgs/msg/detail/rm_notioncmd__description.c.o[0m
[ 10%] [32mBuilding C object CMakeFiles/system_msgs__rosidl_generator_c.dir/rosidl_generator_c/system_msgs/msg/detail/rm_event__type_support.c.o[0m
[ 12%] [32mBuilding C object CMakeFiles/system_msgs__rosidl_generator_c.dir/rosidl_generator_c/system_msgs/msg/detail/rm_status__functions.c.o[0m
[ 14%] [32mBuilding C object CMakeFiles/system_msgs__rosidl_generator_c.dir/rosidl_generator_c/system_msgs/msg/detail/rm_status__description.c.o[0m
[ 15%] [32mBuilding C object CMakeFiles/system_msgs__rosidl_generator_c.dir/rosidl_generator_c/system_msgs/msg/detail/rm_notioncmd__type_support.c.o[0m
[ 17%] [32mBuilding C object CMakeFiles/system_msgs__rosidl_generator_c.dir/rosidl_generator_c/system_msgs/msg/detail/rm_status__type_support.c.o[0m
[ 18%] [32mBuilding C object CMakeFiles/system_msgs__rosidl_generator_c.dir/rosidl_generator_c/system_msgs/msg/detail/rm_notioncmd__functions.c.o[0m
[ 20%] [32mBuilding C object CMakeFiles/system_msgs__rosidl_generator_c.dir/rosidl_generator_c/system_msgs/msg/detail/response__functions.c.o[0m
[ 21%] [32mBuilding C object CMakeFiles/system_msgs__rosidl_generator_c.dir/rosidl_generator_c/system_msgs/msg/detail/response__description.c.o[0m
[ 23%] [32mBuilding C object CMakeFiles/system_msgs__rosidl_generator_c.dir/rosidl_generator_c/system_msgs/msg/detail/response__type_support.c.o[0m
[ 25%] [32m[1mLinking C shared library libsystem_msgs__rosidl_generator_c.so[0m
[ 25%] Built target system_msgs__rosidl_generator_c
[ 26%] [34m[1mGenerating C++ type support for eProsima Fast-RTPS[0m
[ 28%] [34m[1mGenerating C type support for eProsima Fast-RTPS[0m
[ 32%] [34m[1mGenerating C type support dispatch for ROS interfaces[0m
[ 32%] [34m[1mGenerating C introspection for ROS interfaces[0m
[ 32%] [34m[1mGenerating C++ type support dispatch for ROS interfaces[0m
[ 34%] [34m[1mGenerating C++ introspection for ROS interfaces[0m
[ 37%] [32mBuilding CXX object CMakeFiles/system_msgs__rosidl_typesupport_cpp.dir/rosidl_typesupport_cpp/system_msgs/msg/rm_notioncmd__type_support.cpp.o[0m
[ 37%] [32mBuilding CXX object CMakeFiles/system_msgs__rosidl_typesupport_cpp.dir/rosidl_typesupport_cpp/system_msgs/msg/rm_event__type_support.cpp.o[0m
[ 39%] [32mBuilding CXX object CMakeFiles/system_msgs__rosidl_typesupport_cpp.dir/rosidl_typesupport_cpp/system_msgs/msg/rm_status__type_support.cpp.o[0m
[ 40%] [32mBuilding CXX object CMakeFiles/system_msgs__rosidl_typesupport_cpp.dir/rosidl_typesupport_cpp/system_msgs/msg/response__type_support.cpp.o[0m
[ 42%] [32mBuilding CXX object CMakeFiles/system_msgs__rosidl_typesupport_c.dir/rosidl_typesupport_c/system_msgs/msg/rm_notioncmd__type_support.cpp.o[0m
[ 43%] [32mBuilding CXX object CMakeFiles/system_msgs__rosidl_typesupport_c.dir/rosidl_typesupport_c/system_msgs/msg/rm_event__type_support.cpp.o[0m
[ 45%] [32mBuilding CXX object CMakeFiles/system_msgs__rosidl_typesupport_c.dir/rosidl_typesupport_c/system_msgs/msg/response__type_support.cpp.o[0m
[ 46%] [32mBuilding CXX object CMakeFiles/system_msgs__rosidl_typesupport_c.dir/rosidl_typesupport_c/system_msgs/msg/rm_status__type_support.cpp.o[0m
[ 48%] [32mBuilding CXX object CMakeFiles/system_msgs__rosidl_typesupport_introspection_cpp.dir/rosidl_typesupport_introspection_cpp/system_msgs/msg/detail/rm_notioncmd__type_support.cpp.o[0m
[ 50%] [32mBuilding CXX object CMakeFiles/system_msgs__rosidl_typesupport_introspection_cpp.dir/rosidl_typesupport_introspection_cpp/system_msgs/msg/detail/rm_status__type_support.cpp.o[0m
[ 51%] [32mBuilding CXX object CMakeFiles/system_msgs__rosidl_typesupport_introspection_cpp.dir/rosidl_typesupport_introspection_cpp/system_msgs/msg/detail/rm_event__type_support.cpp.o[0m
[ 53%] [32mBuilding CXX object CMakeFiles/system_msgs__rosidl_typesupport_introspection_cpp.dir/rosidl_typesupport_introspection_cpp/system_msgs/msg/detail/response__type_support.cpp.o[0m
[ 54%] [32mBuilding CXX object CMakeFiles/system_msgs__rosidl_typesupport_fastrtps_c.dir/rosidl_typesupport_fastrtps_c/system_msgs/msg/detail/rm_notioncmd__type_support_c.cpp.o[0m
[ 56%] [32mBuilding CXX object CMakeFiles/system_msgs__rosidl_typesupport_fastrtps_c.dir/rosidl_typesupport_fastrtps_c/system_msgs/msg/detail/rm_event__type_support_c.cpp.o[0m
[ 57%] [32mBuilding CXX object CMakeFiles/system_msgs__rosidl_typesupport_fastrtps_c.dir/rosidl_typesupport_fastrtps_c/system_msgs/msg/detail/response__type_support_c.cpp.o[0m
[ 59%] [32mBuilding C object CMakeFiles/system_msgs__rosidl_typesupport_introspection_c.dir/rosidl_typesupport_introspection_c/system_msgs/msg/detail/rm_event__type_support.c.o[0m
[ 60%] [32mBuilding CXX object CMakeFiles/system_msgs__rosidl_typesupport_fastrtps_c.dir/rosidl_typesupport_fastrtps_c/system_msgs/msg/detail/rm_status__type_support_c.cpp.o[0m
[ 62%] [32mBuilding C object CMakeFiles/system_msgs__rosidl_typesupport_introspection_c.dir/rosidl_typesupport_introspection_c/system_msgs/msg/detail/rm_status__type_support.c.o[0m
[ 64%] [32mBuilding C object CMakeFiles/system_msgs__rosidl_typesupport_introspection_c.dir/rosidl_typesupport_introspection_c/system_msgs/msg/detail/rm_notioncmd__type_support.c.o[0m
[ 65%] [32mBuilding C object CMakeFiles/system_msgs__rosidl_typesupport_introspection_c.dir/rosidl_typesupport_introspection_c/system_msgs/msg/detail/response__type_support.c.o[0m
[ 67%] [32m[1mLinking CXX shared library libsystem_msgs__rosidl_typesupport_c.so[0m
[ 68%] [32m[1mLinking C shared library libsystem_msgs__rosidl_typesupport_introspection_c.so[0m
[ 70%] [32mBuilding CXX object CMakeFiles/system_msgs__rosidl_typesupport_fastrtps_cpp.dir/rosidl_typesupport_fastrtps_cpp/system_msgs/msg/detail/dds_fastrtps/rm_notioncmd__type_support.cpp.o[0m
[ 71%] [32mBuilding CXX object CMakeFiles/system_msgs__rosidl_typesupport_fastrtps_cpp.dir/rosidl_typesupport_fastrtps_cpp/system_msgs/msg/detail/dds_fastrtps/rm_event__type_support.cpp.o[0m
[ 73%] [32mBuilding CXX object CMakeFiles/system_msgs__rosidl_typesupport_fastrtps_cpp.dir/rosidl_typesupport_fastrtps_cpp/system_msgs/msg/detail/dds_fastrtps/rm_status__type_support.cpp.o[0m
[ 75%] [32mBuilding CXX object CMakeFiles/system_msgs__rosidl_typesupport_fastrtps_cpp.dir/rosidl_typesupport_fastrtps_cpp/system_msgs/msg/detail/dds_fastrtps/response__type_support.cpp.o[0m
[ 75%] Built target system_msgs__rosidl_typesupport_c
[ 75%] Built target system_msgs__rosidl_typesupport_introspection_c
[ 76%] [32m[1mLinking CXX shared library libsystem_msgs__rosidl_typesupport_cpp.so[0m
[ 78%] [32m[1mLinking CXX shared library libsystem_msgs__rosidl_typesupport_introspection_cpp.so[0m
[ 78%] Built target system_msgs__rosidl_typesupport_cpp
[ 78%] Built target system_msgs__rosidl_typesupport_introspection_cpp
[ 79%] [32m[1mLinking CXX shared library libsystem_msgs__rosidl_typesupport_fastrtps_c.so[0m
[ 81%] [32m[1mLinking CXX shared library libsystem_msgs__rosidl_typesupport_fastrtps_cpp.so[0m
[ 81%] Built target system_msgs__rosidl_typesupport_fastrtps_c
[ 81%] Built target system_msgs__rosidl_typesupport_fastrtps_cpp
[ 81%] Built target system_msgs
[ 82%] [34m[1mGenerating Python code for ROS interfaces[0m
[ 82%] Built target system_msgs__py
[ 87%] [32mBuilding C object CMakeFiles/system_msgs__rosidl_generator_py.dir/rosidl_generator_py/system_msgs/msg/_rm_event_s.c.o[0m
[ 87%] [32mBuilding C object CMakeFiles/system_msgs__rosidl_generator_py.dir/rosidl_generator_py/system_msgs/msg/_rm_notioncmd_s.c.o[0m
[ 87%] [32mBuilding C object CMakeFiles/system_msgs__rosidl_generator_py.dir/rosidl_generator_py/system_msgs/msg/_response_s.c.o[0m
[ 89%] [32mBuilding C object CMakeFiles/system_msgs__rosidl_generator_py.dir/rosidl_generator_py/system_msgs/msg/_rm_status_s.c.o[0m
[ 90%] [32m[1mLinking C shared library libsystem_msgs__rosidl_generator_py.so[0m
[ 90%] Built target system_msgs__rosidl_generator_py
[ 92%] [32mBuilding C object CMakeFiles/system_msgs_s__rosidl_typesupport_c.dir/rosidl_generator_py/system_msgs/_system_msgs_s.ep.rosidl_typesupport_c.c.o[0m
[ 95%] [32mBuilding C object CMakeFiles/system_msgs_s__rosidl_typesupport_fastrtps_c.dir/rosidl_generator_py/system_msgs/_system_msgs_s.ep.rosidl_typesupport_fastrtps_c.c.o[0m
[ 95%] [32mBuilding C object CMakeFiles/system_msgs_s__rosidl_typesupport_introspection_c.dir/rosidl_generator_py/system_msgs/_system_msgs_s.ep.rosidl_typesupport_introspection_c.c.o[0m
[ 96%] [32m[1mLinking C shared module rosidl_generator_py/system_msgs/system_msgs_s__rosidl_typesupport_c.so[0m
[ 98%] [32m[1mLinking C shared module rosidl_generator_py/system_msgs/system_msgs_s__rosidl_typesupport_introspection_c.so[0m
[100%] [32m[1mLinking C shared module rosidl_generator_py/system_msgs/system_msgs_s__rosidl_typesupport_fastrtps_c.so[0m
[100%] Built target system_msgs_s__rosidl_typesupport_c
[100%] Built target system_msgs_s__rosidl_typesupport_introspection_c
[100%] Built target system_msgs_s__rosidl_typesupport_fastrtps_c
-- Install configuration: ""
-- Installing: /home/nagi/ros2_ws/install/system_msgs/share/ament_index/resource_index/rosidl_interfaces/system_msgs
-- Installing: /home/nagi/ros2_ws/install/system_msgs/share/system_msgs/msg/RmEvent.json
-- Installing: /home/nagi/ros2_ws/install/system_msgs/share/system_msgs/msg/RmNotioncmd.json
-- Installing: /home/nagi/ros2_ws/install/system_msgs/share/system_msgs/msg/RmStatus.json
-- Installing: /home/nagi/ros2_ws/install/system_msgs/share/system_msgs/msg/Response.json
-- Installing: /home/nagi/ros2_ws/install/system_msgs/include/system_msgs/system_msgs
-- Installing: /home/nagi/ros2_ws/install/system_msgs/include/system_msgs/system_msgs/msg
-- Installing: /home/nagi/ros2_ws/install/system_msgs/include/system_msgs/system_msgs/msg/rm_notioncmd.h
-- Installing: /home/nagi/ros2_ws/install/system_msgs/include/system_msgs/system_msgs/msg/rm_event.h
-- Installing: /home/nagi/ros2_ws/install/system_msgs/include/system_msgs/system_msgs/msg/rosidl_generator_c__visibility_control.h
-- Installing: /home/nagi/ros2_ws/install/system_msgs/include/system_msgs/system_msgs/msg/response.h
-- Installing: /home/nagi/ros2_ws/install/system_msgs/include/system_msgs/system_msgs/msg/rm_status.h
-- Installing: /home/nagi/ros2_ws/install/system_msgs/include/system_msgs/system_msgs/msg/detail
-- Installing: /home/nagi/ros2_ws/install/system_msgs/include/system_msgs/system_msgs/msg/detail/rm_notioncmd__type_support.c
-- Installing: /home/nagi/ros2_ws/install/system_msgs/include/system_msgs/system_msgs/msg/detail/response__functions.c
-- Installing: /home/nagi/ros2_ws/install/system_msgs/include/system_msgs/system_msgs/msg/detail/rm_notioncmd__description.c
-- Installing: /home/nagi/ros2_ws/install/system_msgs/include/system_msgs/system_msgs/msg/detail/rm_event__struct.h
-- Installing: /home/nagi/ros2_ws/install/system_msgs/include/system_msgs/system_msgs/msg/detail/rm_event__type_support.h
-- Installing: /home/nagi/ros2_ws/install/system_msgs/include/system_msgs/system_msgs/msg/detail/rm_notioncmd__functions.h
-- Installing: /home/nagi/ros2_ws/install/system_msgs/include/system_msgs/system_msgs/msg/detail/response__type_support.c
-- Installing: /home/nagi/ros2_ws/install/system_msgs/include/system_msgs/system_msgs/msg/detail/rm_event__type_support.c
-- Installing: /home/nagi/ros2_ws/install/system_msgs/include/system_msgs/system_msgs/msg/detail/rm_status__type_support.h
-- Installing: /home/nagi/ros2_ws/install/system_msgs/include/system_msgs/system_msgs/msg/detail/rm_status__type_support.c
-- Installing: /home/nagi/ros2_ws/install/system_msgs/include/system_msgs/system_msgs/msg/detail/rm_notioncmd__struct.h
-- Installing: /home/nagi/ros2_ws/install/system_msgs/include/system_msgs/system_msgs/msg/detail/rm_status__functions.h
-- Installing: /home/nagi/ros2_ws/install/system_msgs/include/system_msgs/system_msgs/msg/detail/response__struct.h
-- Installing: /home/nagi/ros2_ws/install/system_msgs/include/system_msgs/system_msgs/msg/detail/response__functions.h
-- Installing: /home/nagi/ros2_ws/install/system_msgs/include/system_msgs/system_msgs/msg/detail/rm_notioncmd__type_support.h
-- Installing: /home/nagi/ros2_ws/install/system_msgs/include/system_msgs/system_msgs/msg/detail/rm_event__functions.c
-- Installing: /home/nagi/ros2_ws/install/system_msgs/include/system_msgs/system_msgs/msg/detail/rm_status__functions.c
-- Installing: /home/nagi/ros2_ws/install/system_msgs/include/system_msgs/system_msgs/msg/detail/rm_status__struct.h
-- Installing: /home/nagi/ros2_ws/install/system_msgs/include/system_msgs/system_msgs/msg/detail/response__type_support.h
-- Installing: /home/nagi/ros2_ws/install/system_msgs/include/system_msgs/system_msgs/msg/detail/rm_notioncmd__functions.c
-- Installing: /home/nagi/ros2_ws/install/system_msgs/include/system_msgs/system_msgs/msg/detail/rm_status__description.c
-- Installing: /home/nagi/ros2_ws/install/system_msgs/include/system_msgs/system_msgs/msg/detail/rm_event__description.c
-- Installing: /home/nagi/ros2_ws/install/system_msgs/include/system_msgs/system_msgs/msg/detail/response__description.c
-- Installing: /home/nagi/ros2_ws/install/system_msgs/include/system_msgs/system_msgs/msg/detail/rm_event__functions.h
-- Installing: /home/nagi/ros2_ws/install/system_msgs/share/system_msgs/environment/library_path.sh
-- Installing: /home/nagi/ros2_ws/install/system_msgs/share/system_msgs/environment/library_path.dsv
-- Installing: /home/nagi/ros2_ws/install/system_msgs/lib/libsystem_msgs__rosidl_generator_c.so
-- Set non-toolchain portion of runtime path of "/home/nagi/ros2_ws/install/system_msgs/lib/libsystem_msgs__rosidl_generator_c.so" to ""
-- Up-to-date: /home/nagi/ros2_ws/install/system_msgs/include/system_msgs/system_msgs
-- Up-to-date: /home/nagi/ros2_ws/install/system_msgs/include/system_msgs/system_msgs/msg
-- Installing: /home/nagi/ros2_ws/install/system_msgs/include/system_msgs/system_msgs/msg/rosidl_typesupport_fastrtps_c__visibility_control.h
-- Up-to-date: /home/nagi/ros2_ws/install/system_msgs/include/system_msgs/system_msgs/msg/detail
-- Installing: /home/nagi/ros2_ws/install/system_msgs/include/system_msgs/system_msgs/msg/detail/rm_event__rosidl_typesupport_fastrtps_c.h
-- Installing: /home/nagi/ros2_ws/install/system_msgs/include/system_msgs/system_msgs/msg/detail/rm_notioncmd__rosidl_typesupport_fastrtps_c.h
-- Installing: /home/nagi/ros2_ws/install/system_msgs/include/system_msgs/system_msgs/msg/detail/response__rosidl_typesupport_fastrtps_c.h
-- Installing: /home/nagi/ros2_ws/install/system_msgs/include/system_msgs/system_msgs/msg/detail/rm_status__rosidl_typesupport_fastrtps_c.h
-- Installing: /home/nagi/ros2_ws/install/system_msgs/lib/libsystem_msgs__rosidl_typesupport_fastrtps_c.so
-- Set non-toolchain portion of runtime path of "/home/nagi/ros2_ws/install/system_msgs/lib/libsystem_msgs__rosidl_typesupport_fastrtps_c.so" to ""
-- Up-to-date: /home/nagi/ros2_ws/install/system_msgs/include/system_msgs/system_msgs
-- Up-to-date: /home/nagi/ros2_ws/install/system_msgs/include/system_msgs/system_msgs/msg
-- Installing: /home/nagi/ros2_ws/install/system_msgs/include/system_msgs/system_msgs/msg/rm_status.hpp
-- Installing: /home/nagi/ros2_ws/install/system_msgs/include/system_msgs/system_msgs/msg/rm_notioncmd.hpp
-- Installing: /home/nagi/ros2_ws/install/system_msgs/include/system_msgs/system_msgs/msg/response.hpp
-- Up-to-date: /home/nagi/ros2_ws/install/system_msgs/include/system_msgs/system_msgs/msg/detail
-- Installing: /home/nagi/ros2_ws/install/system_msgs/include/system_msgs/system_msgs/msg/detail/response__traits.hpp
-- Installing: /home/nagi/ros2_ws/install/system_msgs/include/system_msgs/system_msgs/msg/detail/rm_notioncmd__builder.hpp
-- Installing: /home/nagi/ros2_ws/install/system_msgs/include/system_msgs/system_msgs/msg/detail/rm_notioncmd__traits.hpp
-- Installing: /home/nagi/ros2_ws/install/system_msgs/include/system_msgs/system_msgs/msg/detail/response__struct.hpp
-- Installing: /home/nagi/ros2_ws/install/system_msgs/include/system_msgs/system_msgs/msg/detail/rm_status__traits.hpp
-- Installing: /home/nagi/ros2_ws/install/system_msgs/include/system_msgs/system_msgs/msg/detail/rm_event__type_support.hpp
-- Installing: /home/nagi/ros2_ws/install/system_msgs/include/system_msgs/system_msgs/msg/detail/rm_status__type_support.hpp
-- Installing: /home/nagi/ros2_ws/install/system_msgs/include/system_msgs/system_msgs/msg/detail/rm_notioncmd__type_support.hpp
-- Installing: /home/nagi/ros2_ws/install/system_msgs/include/system_msgs/system_msgs/msg/detail/rm_status__builder.hpp
-- Installing: /home/nagi/ros2_ws/install/system_msgs/include/system_msgs/system_msgs/msg/detail/rm_event__builder.hpp
-- Installing: /home/nagi/ros2_ws/install/system_msgs/include/system_msgs/system_msgs/msg/detail/rm_event__traits.hpp
-- Installing: /home/nagi/ros2_ws/install/system_msgs/include/system_msgs/system_msgs/msg/detail/rm_event__struct.hpp
-- Installing: /home/nagi/ros2_ws/install/system_msgs/include/system_msgs/system_msgs/msg/detail/rm_status__struct.hpp
-- Installing: /home/nagi/ros2_ws/install/system_msgs/include/system_msgs/system_msgs/msg/detail/rm_notioncmd__struct.hpp
-- Installing: /home/nagi/ros2_ws/install/system_msgs/include/system_msgs/system_msgs/msg/detail/response__builder.hpp
-- Installing: /home/nagi/ros2_ws/install/system_msgs/include/system_msgs/system_msgs/msg/detail/response__type_support.hpp
-- Installing: /home/nagi/ros2_ws/install/system_msgs/include/system_msgs/system_msgs/msg/rosidl_generator_cpp__visibility_control.hpp
-- Installing: /home/nagi/ros2_ws/install/system_msgs/include/system_msgs/system_msgs/msg/rm_event.hpp
-- Up-to-date: /home/nagi/ros2_ws/install/system_msgs/include/system_msgs/system_msgs
-- Up-to-date: /home/nagi/ros2_ws/install/system_msgs/include/system_msgs/system_msgs/msg
-- Installing: /home/nagi/ros2_ws/install/system_msgs/include/system_msgs/system_msgs/msg/rosidl_typesupport_fastrtps_cpp__visibility_control.h
-- Up-to-date: /home/nagi/ros2_ws/install/system_msgs/include/system_msgs/system_msgs/msg/detail
-- Installing: /home/nagi/ros2_ws/install/system_msgs/include/system_msgs/system_msgs/msg/detail/rm_status__rosidl_typesupport_fastrtps_cpp.hpp
-- Installing: /home/nagi/ros2_ws/install/system_msgs/include/system_msgs/system_msgs/msg/detail/dds_fastrtps
-- Installing: /home/nagi/ros2_ws/install/system_msgs/include/system_msgs/system_msgs/msg/detail/rm_notioncmd__rosidl_typesupport_fastrtps_cpp.hpp
-- Installing: /home/nagi/ros2_ws/install/system_msgs/include/system_msgs/system_msgs/msg/detail/rm_event__rosidl_typesupport_fastrtps_cpp.hpp
-- Installing: /home/nagi/ros2_ws/install/system_msgs/include/system_msgs/system_msgs/msg/detail/response__rosidl_typesupport_fastrtps_cpp.hpp
-- Installing: /home/nagi/ros2_ws/install/system_msgs/lib/libsystem_msgs__rosidl_typesupport_fastrtps_cpp.so
-- Set non-toolchain portion of runtime path of "/home/nagi/ros2_ws/install/system_msgs/lib/libsystem_msgs__rosidl_typesupport_fastrtps_cpp.so" to ""
-- Up-to-date: /home/nagi/ros2_ws/install/system_msgs/include/system_msgs/system_msgs
-- Up-to-date: /home/nagi/ros2_ws/install/system_msgs/include/system_msgs/system_msgs/msg
-- Installing: /home/nagi/ros2_ws/install/system_msgs/include/system_msgs/system_msgs/msg/rosidl_typesupport_introspection_c__visibility_control.h
-- Up-to-date: /home/nagi/ros2_ws/install/system_msgs/include/system_msgs/system_msgs/msg/detail
-- Installing: /home/nagi/ros2_ws/install/system_msgs/include/system_msgs/system_msgs/msg/detail/rm_notioncmd__type_support.c
-- Installing: /home/nagi/ros2_ws/install/system_msgs/include/system_msgs/system_msgs/msg/detail/rm_event__rosidl_typesupport_introspection_c.h
-- Installing: /home/nagi/ros2_ws/install/system_msgs/include/system_msgs/system_msgs/msg/detail/rm_status__rosidl_typesupport_introspection_c.h
-- Installing: /home/nagi/ros2_ws/install/system_msgs/include/system_msgs/system_msgs/msg/detail/response__type_support.c
-- Installing: /home/nagi/ros2_ws/install/system_msgs/include/system_msgs/system_msgs/msg/detail/rm_event__type_support.c
-- Installing: /home/nagi/ros2_ws/install/system_msgs/include/system_msgs/system_msgs/msg/detail/rm_notioncmd__rosidl_typesupport_introspection_c.h
-- Installing: /home/nagi/ros2_ws/install/system_msgs/include/system_msgs/system_msgs/msg/detail/rm_status__type_support.c
-- Installing: /home/nagi/ros2_ws/install/system_msgs/include/system_msgs/system_msgs/msg/detail/response__rosidl_typesupport_introspection_c.h
-- Installing: /home/nagi/ros2_ws/install/system_msgs/lib/libsystem_msgs__rosidl_typesupport_introspection_c.so
-- Set non-toolchain portion of runtime path of "/home/nagi/ros2_ws/install/system_msgs/lib/libsystem_msgs__rosidl_typesupport_introspection_c.so" to ""
-- Installing: /home/nagi/ros2_ws/install/system_msgs/lib/libsystem_msgs__rosidl_typesupport_c.so
-- Set non-toolchain portion of runtime path of "/home/nagi/ros2_ws/install/system_msgs/lib/libsystem_msgs__rosidl_typesupport_c.so" to ""
-- Up-to-date: /home/nagi/ros2_ws/install/system_msgs/include/system_msgs/system_msgs
-- Up-to-date: /home/nagi/ros2_ws/install/system_msgs/include/system_msgs/system_msgs/msg
-- Up-to-date: /home/nagi/ros2_ws/install/system_msgs/include/system_msgs/system_msgs/msg/detail
-- Installing: /home/nagi/ros2_ws/install/system_msgs/include/system_msgs/system_msgs/msg/detail/rm_notioncmd__rosidl_typesupport_introspection_cpp.hpp
-- Installing: /home/nagi/ros2_ws/install/system_msgs/include/system_msgs/system_msgs/msg/detail/rm_event__type_support.cpp
-- Installing: /home/nagi/ros2_ws/install/system_msgs/include/system_msgs/system_msgs/msg/detail/rm_notioncmd__type_support.cpp
-- Installing: /home/nagi/ros2_ws/install/system_msgs/include/system_msgs/system_msgs/msg/detail/rm_status__rosidl_typesupport_introspection_cpp.hpp
-- Installing: /home/nagi/ros2_ws/install/system_msgs/include/system_msgs/system_msgs/msg/detail/rm_event__rosidl_typesupport_introspection_cpp.hpp
-- Installing: /home/nagi/ros2_ws/install/system_msgs/include/system_msgs/system_msgs/msg/detail/response__rosidl_typesupport_introspection_cpp.hpp
-- Installing: /home/nagi/ros2_ws/install/system_msgs/include/system_msgs/system_msgs/msg/detail/response__type_support.cpp
-- Installing: /home/nagi/ros2_ws/install/system_msgs/include/system_msgs/system_msgs/msg/detail/rm_status__type_support.cpp
-- Installing: /home/nagi/ros2_ws/install/system_msgs/lib/libsystem_msgs__rosidl_typesupport_introspection_cpp.so
-- Set non-toolchain portion of runtime path of "/home/nagi/ros2_ws/install/system_msgs/lib/libsystem_msgs__rosidl_typesupport_introspection_cpp.so" to ""
-- Installing: /home/nagi/ros2_ws/install/system_msgs/lib/libsystem_msgs__rosidl_typesupport_cpp.so
-- Set non-toolchain portion of runtime path of "/home/nagi/ros2_ws/install/system_msgs/lib/libsystem_msgs__rosidl_typesupport_cpp.so" to ""
-- Installing: /home/nagi/ros2_ws/install/system_msgs/share/system_msgs/environment/pythonpath.sh
-- Installing: /home/nagi/ros2_ws/install/system_msgs/share/system_msgs/environment/pythonpath.dsv
-- Installing: /home/nagi/ros2_ws/install/system_msgs/lib/python3.12/site-packages/system_msgs-0.0.0-py3.12.egg-info
-- Installing: /home/nagi/ros2_ws/install/system_msgs/lib/python3.12/site-packages/system_msgs-0.0.0-py3.12.egg-info/dependency_links.txt
-- Installing: /home/nagi/ros2_ws/install/system_msgs/lib/python3.12/site-packages/system_msgs-0.0.0-py3.12.egg-info/PKG-INFO
-- Installing: /home/nagi/ros2_ws/install/system_msgs/lib/python3.12/site-packages/system_msgs-0.0.0-py3.12.egg-info/top_level.txt
-- Installing: /home/nagi/ros2_ws/install/system_msgs/lib/python3.12/site-packages/system_msgs-0.0.0-py3.12.egg-info/SOURCES.txt
-- Installing: /home/nagi/ros2_ws/install/system_msgs/lib/python3.12/site-packages/system_msgs
-- Installing: /home/nagi/ros2_ws/install/system_msgs/lib/python3.12/site-packages/system_msgs/system_msgs_s__rosidl_typesupport_introspection_c.so
-- Installing: /home/nagi/ros2_ws/install/system_msgs/lib/python3.12/site-packages/system_msgs/_system_msgs_s.ep.rosidl_typesupport_fastrtps_c.c
-- Installing: /home/nagi/ros2_ws/install/system_msgs/lib/python3.12/site-packages/system_msgs/_system_msgs_s.ep.rosidl_typesupport_introspection_c.c
-- Installing: /home/nagi/ros2_ws/install/system_msgs/lib/python3.12/site-packages/system_msgs/system_msgs_s__rosidl_typesupport_fastrtps_c.so
-- Installing: /home/nagi/ros2_ws/install/system_msgs/lib/python3.12/site-packages/system_msgs/_system_msgs_s.ep.rosidl_typesupport_c.c
-- Installing: /home/nagi/ros2_ws/install/system_msgs/lib/python3.12/site-packages/system_msgs/msg
-- Installing: /home/nagi/ros2_ws/install/system_msgs/lib/python3.12/site-packages/system_msgs/msg/_response.py
-- Installing: /home/nagi/ros2_ws/install/system_msgs/lib/python3.12/site-packages/system_msgs/msg/_rm_status_s.c
-- Installing: /home/nagi/ros2_ws/install/system_msgs/lib/python3.12/site-packages/system_msgs/msg/_rm_event_s.c
-- Installing: /home/nagi/ros2_ws/install/system_msgs/lib/python3.12/site-packages/system_msgs/msg/_rm_event.py
-- Installing: /home/nagi/ros2_ws/install/system_msgs/lib/python3.12/site-packages/system_msgs/msg/_rm_notioncmd_s.c
-- Installing: /home/nagi/ros2_ws/install/system_msgs/lib/python3.12/site-packages/system_msgs/msg/_response_s.c
-- Installing: /home/nagi/ros2_ws/install/system_msgs/lib/python3.12/site-packages/system_msgs/msg/_rm_status.py
-- Installing: /home/nagi/ros2_ws/install/system_msgs/lib/python3.12/site-packages/system_msgs/msg/__init__.py
-- Installing: /home/nagi/ros2_ws/install/system_msgs/lib/python3.12/site-packages/system_msgs/msg/_rm_notioncmd.py
-- Installing: /home/nagi/ros2_ws/install/system_msgs/lib/python3.12/site-packages/system_msgs/system_msgs_s__rosidl_typesupport_c.so
-- Installing: /home/nagi/ros2_ws/install/system_msgs/lib/python3.12/site-packages/system_msgs/__init__.py
Listing '/home/nagi/ros2_ws/install/system_msgs/lib/python3.12/site-packages/system_msgs'...
Compiling '/home/nagi/ros2_ws/install/system_msgs/lib/python3.12/site-packages/system_msgs/__init__.py'...
Listing '/home/nagi/ros2_ws/install/system_msgs/lib/python3.12/site-packages/system_msgs/msg'...
Compiling '/home/nagi/ros2_ws/install/system_msgs/lib/python3.12/site-packages/system_msgs/msg/__init__.py'...
Compiling '/home/nagi/ros2_ws/install/system_msgs/lib/python3.12/site-packages/system_msgs/msg/_response.py'...
Compiling '/home/nagi/ros2_ws/install/system_msgs/lib/python3.12/site-packages/system_msgs/msg/_rm_event.py'...
Compiling '/home/nagi/ros2_ws/install/system_msgs/lib/python3.12/site-packages/system_msgs/msg/_rm_notioncmd.py'...
Compiling '/home/nagi/ros2_ws/install/system_msgs/lib/python3.12/site-packages/system_msgs/msg/_rm_status.py'...
-- Installing: /home/nagi/ros2_ws/install/system_msgs/lib/python3.12/site-packages/system_msgs/system_msgs_s__rosidl_typesupport_fastrtps_c.so
-- Set non-toolchain portion of runtime path of "/home/nagi/ros2_ws/install/system_msgs/lib/python3.12/site-packages/system_msgs/system_msgs_s__rosidl_typesupport_fastrtps_c.so" to ""
-- Installing: /home/nagi/ros2_ws/install/system_msgs/lib/python3.12/site-packages/system_msgs/system_msgs_s__rosidl_typesupport_introspection_c.so
-- Set non-toolchain portion of runtime path of "/home/nagi/ros2_ws/install/system_msgs/lib/python3.12/site-packages/system_msgs/system_msgs_s__rosidl_typesupport_introspection_c.so" to ""
-- Installing: /home/nagi/ros2_ws/install/system_msgs/lib/python3.12/site-packages/system_msgs/system_msgs_s__rosidl_typesupport_c.so
-- Set non-toolchain portion of runtime path of "/home/nagi/ros2_ws/install/system_msgs/lib/python3.12/site-packages/system_msgs/system_msgs_s__rosidl_typesupport_c.so" to ""
-- Installing: /home/nagi/ros2_ws/install/system_msgs/lib/libsystem_msgs__rosidl_generator_py.so
-- Set non-toolchain portion of runtime path of "/home/nagi/ros2_ws/install/system_msgs/lib/libsystem_msgs__rosidl_generator_py.so" to ""
-- Installing: /home/nagi/ros2_ws/install/system_msgs/share/system_msgs/msg/RmEvent.idl
-- Installing: /home/nagi/ros2_ws/install/system_msgs/share/system_msgs/msg/RmNotioncmd.idl
-- Installing: /home/nagi/ros2_ws/install/system_msgs/share/system_msgs/msg/RmStatus.idl
-- Installing: /home/nagi/ros2_ws/install/system_msgs/share/system_msgs/msg/Response.idl
-- Installing: /home/nagi/ros2_ws/install/system_msgs/share/system_msgs/msg/RmEvent.msg
-- Installing: /home/nagi/ros2_ws/install/system_msgs/share/system_msgs/msg/RmNotioncmd.msg
-- Installing: /home/nagi/ros2_ws/install/system_msgs/share/system_msgs/msg/RmStatus.msg
-- Installing: /home/nagi/ros2_ws/install/system_msgs/share/system_msgs/msg/Response.msg
-- Installing: /home/nagi/ros2_ws/install/system_msgs/share/ament_index/resource_index/package_run_dependencies/system_msgs
-- Installing: /home/nagi/ros2_ws/install/system_msgs/share/ament_index/resource_index/parent_prefix_path/system_msgs
-- Installing: /home/nagi/ros2_ws/install/system_msgs/share/system_msgs/environment/ament_prefix_path.sh
-- Installing: /home/nagi/ros2_ws/install/system_msgs/share/system_msgs/environment/ament_prefix_path.dsv
-- Installing: /home/nagi/ros2_ws/install/system_msgs/share/system_msgs/environment/path.sh
-- Installing: /home/nagi/ros2_ws/install/system_msgs/share/system_msgs/environment/path.dsv
-- Installing: /home/nagi/ros2_ws/install/system_msgs/share/system_msgs/local_setup.bash
-- Installing: /home/nagi/ros2_ws/install/system_msgs/share/system_msgs/local_setup.sh
-- Installing: /home/nagi/ros2_ws/install/system_msgs/share/system_msgs/local_setup.zsh
-- Installing: /home/nagi/ros2_ws/install/system_msgs/share/system_msgs/local_setup.dsv
-- Installing: /home/nagi/ros2_ws/install/system_msgs/share/system_msgs/package.dsv
-- Installing: /home/nagi/ros2_ws/install/system_msgs/share/ament_index/resource_index/packages/system_msgs
-- Installing: /home/nagi/ros2_ws/install/system_msgs/share/system_msgs/cmake/export_system_msgs__rosidl_generator_cExport.cmake
-- Installing: /home/nagi/ros2_ws/install/system_msgs/share/system_msgs/cmake/export_system_msgs__rosidl_generator_cExport-noconfig.cmake
-- Installing: /home/nagi/ros2_ws/install/system_msgs/share/system_msgs/cmake/export_system_msgs__rosidl_typesupport_fastrtps_cExport.cmake
-- Installing: /home/nagi/ros2_ws/install/system_msgs/share/system_msgs/cmake/export_system_msgs__rosidl_typesupport_fastrtps_cExport-noconfig.cmake
-- Installing: /home/nagi/ros2_ws/install/system_msgs/share/system_msgs/cmake/export_system_msgs__rosidl_generator_cppExport.cmake
-- Installing: /home/nagi/ros2_ws/install/system_msgs/share/system_msgs/cmake/export_system_msgs__rosidl_typesupport_fastrtps_cppExport.cmake
-- Installing: /home/nagi/ros2_ws/install/system_msgs/share/system_msgs/cmake/export_system_msgs__rosidl_typesupport_fastrtps_cppExport-noconfig.cmake
-- Installing: /home/nagi/ros2_ws/install/system_msgs/share/system_msgs/cmake/system_msgs__rosidl_typesupport_introspection_cExport.cmake
-- Installing: /home/nagi/ros2_ws/install/system_msgs/share/system_msgs/cmake/system_msgs__rosidl_typesupport_introspection_cExport-noconfig.cmake
-- Installing: /home/nagi/ros2_ws/install/system_msgs/share/system_msgs/cmake/system_msgs__rosidl_typesupport_cExport.cmake
-- Installing: /home/nagi/ros2_ws/install/system_msgs/share/system_msgs/cmake/system_msgs__rosidl_typesupport_cExport-noconfig.cmake
-- Installing: /home/nagi/ros2_ws/install/system_msgs/share/system_msgs/cmake/system_msgs__rosidl_typesupport_introspection_cppExport.cmake
-- Installing: /home/nagi/ros2_ws/install/system_msgs/share/system_msgs/cmake/system_msgs__rosidl_typesupport_introspection_cppExport-noconfig.cmake
-- Installing: /home/nagi/ros2_ws/install/system_msgs/share/system_msgs/cmake/system_msgs__rosidl_typesupport_cppExport.cmake
-- Installing: /home/nagi/ros2_ws/install/system_msgs/share/system_msgs/cmake/system_msgs__rosidl_typesupport_cppExport-noconfig.cmake
-- Installing: /home/nagi/ros2_ws/install/system_msgs/share/system_msgs/cmake/export_system_msgs__rosidl_generator_pyExport.cmake
-- Installing: /home/nagi/ros2_ws/install/system_msgs/share/system_msgs/cmake/export_system_msgs__rosidl_generator_pyExport-noconfig.cmake
-- Installing: /home/nagi/ros2_ws/install/system_msgs/share/system_msgs/cmake/rosidl_cmake-extras.cmake
-- Installing: /home/nagi/ros2_ws/install/system_msgs/share/system_msgs/cmake/ament_cmake_export_dependencies-extras.cmake
-- Installing: /home/nagi/ros2_ws/install/system_msgs/share/system_msgs/cmake/ament_cmake_export_include_directories-extras.cmake
-- Installing: /home/nagi/ros2_ws/install/system_msgs/share/system_msgs/cmake/ament_cmake_export_libraries-extras.cmake
-- Installing: /home/nagi/ros2_ws/install/system_msgs/share/system_msgs/cmake/ament_cmake_export_targets-extras.cmake
-- Installing: /home/nagi/ros2_ws/install/system_msgs/share/system_msgs/cmake/rosidl_cmake_export_typesupport_targets-extras.cmake
-- Installing: /home/nagi/ros2_ws/install/system_msgs/share/system_msgs/cmake/rosidl_cmake_export_typesupport_libraries-extras.cmake
-- Installing: /home/nagi/ros2_ws/install/system_msgs/share/system_msgs/cmake/system_msgsConfig.cmake
-- Installing: /home/nagi/ros2_ws/install/system_msgs/share/system_msgs/cmake/system_msgsConfig-version.cmake
-- Installing: /home/nagi/ros2_ws/install/system_msgs/share/system_msgs/package.xml
