[0.014s] Invoking command in '/home/nagi/ros2_ws/build/system_msgs': CMAKE_PREFIX_PATH=${CMAKE_PREFIX_PATH}:/home/nagi/ros2_ws/install/mypkg:/opt/ros/jazzy /usr/bin/cmake /home/nagi/ros2_ws/src/system_msgs -DCMAKE_INSTALL_PREFIX=/home/nagi/ros2_ws/install/system_msgs
[0.364s] -- The C compiler identification is GNU 13.3.0
[0.998s] -- The CXX compiler identification is GNU 13.3.0
[1.695s] -- Detecting C compiler ABI info
[2.040s] -- Detecting C compiler ABI info - done
[2.051s] -- Check for working C compiler: /usr/bin/cc - skipped
[2.051s] -- Detecting C compile features
[2.052s] -- Detecting C compile features - done
[2.126s] -- Detecting CXX compiler ABI info
[2.765s] -- Detecting CXX compiler ABI info - done
[2.773s] -- Check for working CXX compiler: /usr/bin/c++ - skipped
[2.774s] -- Detecting CXX compile features
[2.774s] -- Detecting CXX compile features - done
[2.791s] -- Found ament_cmake: 2.5.4 (/opt/ros/jazzy/share/ament_cmake/cmake)
[2.947s] -- Found Python3: /usr/bin/python3 (found version "3.12.3") found components: Interpreter 
[3.075s] -- Found std_msgs: 5.3.6 (/opt/ros/jazzy/share/std_msgs/cmake)
[3.581s] -- Found rosidl_generator_c: 4.6.6 (/opt/ros/jazzy/share/rosidl_generator_c/cmake)
[3.605s] -- Found rosidl_generator_cpp: 4.6.6 (/opt/ros/jazzy/share/rosidl_generator_cpp/cmake)
[3.636s] -- Using all available rosidl_typesupport_c: rosidl_typesupport_fastrtps_c;rosidl_typesupport_introspection_c
[3.664s] -- Using all available rosidl_typesupport_cpp: rosidl_typesupport_fastrtps_cpp;rosidl_typesupport_introspection_cpp
[3.708s] -- Found rosidl_default_generators: 1.6.0 (/opt/ros/jazzy/share/rosidl_default_generators/cmake)
[3.728s] -- Found rosidl_adapter: 4.6.6 (/opt/ros/jazzy/share/rosidl_adapter/cmake)
[4.383s] -- Found ament_cmake_ros: 0.12.0 (/opt/ros/jazzy/share/ament_cmake_ros/cmake)
[5.183s] -- Using all available rosidl_typesupport_c: rosidl_typesupport_fastrtps_c;rosidl_typesupport_introspection_c
[5.496s] -- Using all available rosidl_typesupport_cpp: rosidl_typesupport_fastrtps_cpp;rosidl_typesupport_introspection_cpp
[5.500s] -- Found python_cmake_module: 0.11.1 (/opt/ros/jazzy/share/python_cmake_module/cmake)
[5.641s] -- Found PythonExtra: /usr/bin/python3  
[6.154s] -- Found Python3: /usr/bin/python3 (found version "3.12.3") found components: Interpreter Development NumPy Development.Module Development.Embed 
[6.202s] -- Found ament_lint_auto: 0.17.3 (/opt/ros/jazzy/share/ament_lint_auto/cmake)
[6.249s] -- Added test 'lint_cmake' to check CMake code style
[6.251s] -- Added test 'xmllint' to check XML markup files
[6.255s] -- Configuring done (6.2s)
[6.313s] -- Generating done (0.0s)
[6.325s] -- Build files have been written to: /home/nagi/ros2_ws/build/system_msgs
[6.336s] Invoked command in '/home/nagi/ros2_ws/build/system_msgs' returned '0': CMAKE_PREFIX_PATH=${CMAKE_PREFIX_PATH}:/home/nagi/ros2_ws/install/mypkg:/opt/ros/jazzy /usr/bin/cmake /home/nagi/ros2_ws/src/system_msgs -DCMAKE_INSTALL_PREFIX=/home/nagi/ros2_ws/install/system_msgs
[6.338s] Invoking command in '/home/nagi/ros2_ws/build/system_msgs': CMAKE_PREFIX_PATH=${CMAKE_PREFIX_PATH}:/home/nagi/ros2_ws/install/mypkg:/opt/ros/jazzy /usr/bin/cmake --build /home/nagi/ros2_ws/build/system_msgs -- -j20 -l20
[6.390s] [  1%] [34m[1mGenerating type hashes for ROS interfaces[0m
[6.398s] [  1%] Built target ament_cmake_python_copy_system_msgs
[6.590s] running egg_info
[6.591s] creating system_msgs.egg-info
[6.605s] writing system_msgs.egg-info/PKG-INFO
[6.605s] writing dependency_links to system_msgs.egg-info/dependency_links.txt
[6.605s] writing top-level names to system_msgs.egg-info/top_level.txt
[6.605s] writing manifest file 'system_msgs.egg-info/SOURCES.txt'
[6.650s] reading manifest file 'system_msgs.egg-info/SOURCES.txt'
[6.651s] writing manifest file 'system_msgs.egg-info/SOURCES.txt'
[6.652s] [  1%] Built target system_msgs__rosidl_generator_type_description
[6.662s] [  3%] [34m[1mGenerating C code for ROS interfaces[0m
[6.672s] [  4%] [34m[1mGenerating C++ code for ROS interfaces[0m
[6.675s] [  4%] Built target ament_cmake_python_build_system_msgs_egg
[7.002s] [  4%] Built target system_msgs__cpp
[7.060s] [  6%] [32mBuilding C object CMakeFiles/system_msgs__rosidl_generator_c.dir/rosidl_generator_c/system_msgs/msg/detail/rm_event__functions.c.o[0m
[7.060s] [  7%] [32mBuilding C object CMakeFiles/system_msgs__rosidl_generator_c.dir/rosidl_generator_c/system_msgs/msg/detail/rm_event__description.c.o[0m
[7.060s] [  9%] [32mBuilding C object CMakeFiles/system_msgs__rosidl_generator_c.dir/rosidl_generator_c/system_msgs/msg/detail/rm_event__type_support.c.o[0m
[7.063s] [ 10%] [32mBuilding C object CMakeFiles/system_msgs__rosidl_generator_c.dir/rosidl_generator_c/system_msgs/msg/detail/rm_notioncmd__description.c.o[0m
[7.063s] [ 12%] [32mBuilding C object CMakeFiles/system_msgs__rosidl_generator_c.dir/rosidl_generator_c/system_msgs/msg/detail/rm_notioncmd__type_support.c.o[0m
[7.064s] [ 14%] [32mBuilding C object CMakeFiles/system_msgs__rosidl_generator_c.dir/rosidl_generator_c/system_msgs/msg/detail/rm_status__description.c.o[0m
[7.065s] [ 15%] [32mBuilding C object CMakeFiles/system_msgs__rosidl_generator_c.dir/rosidl_generator_c/system_msgs/msg/detail/response__functions.c.o[0m
[7.065s] [ 17%] [32mBuilding C object CMakeFiles/system_msgs__rosidl_generator_c.dir/rosidl_generator_c/system_msgs/msg/detail/response__description.c.o[0m
[7.066s] [ 20%] [32mBuilding C object CMakeFiles/system_msgs__rosidl_generator_c.dir/rosidl_generator_c/system_msgs/msg/detail/rm_notioncmd__functions.c.o[0m
[7.067s] [ 20%] [32mBuilding C object CMakeFiles/system_msgs__rosidl_generator_c.dir/rosidl_generator_c/system_msgs/msg/detail/response__type_support.c.o[0m
[7.067s] [ 21%] [32mBuilding C object CMakeFiles/system_msgs__rosidl_generator_c.dir/rosidl_generator_c/system_msgs/msg/detail/rm_status__functions.c.o[0m
[7.069s] [ 23%] [32mBuilding C object CMakeFiles/system_msgs__rosidl_generator_c.dir/rosidl_generator_c/system_msgs/msg/detail/rm_status__type_support.c.o[0m
[7.166s] [ 25%] [32m[1mLinking C shared library libsystem_msgs__rosidl_generator_c.so[0m
[7.535s] [ 25%] Built target system_msgs__rosidl_generator_c
[7.571s] [ 26%] [34m[1mGenerating C type support for eProsima Fast-RTPS[0m
[7.572s] [ 28%] [34m[1mGenerating C++ type support dispatch for ROS interfaces[0m
[7.573s] [ 29%] [34m[1mGenerating C introspection for ROS interfaces[0m
[7.575s] [ 31%] [34m[1mGenerating C++ type support for eProsima Fast-RTPS[0m
[7.577s] [ 32%] [34m[1mGenerating C++ introspection for ROS interfaces[0m
[7.578s] [ 34%] [34m[1mGenerating C type support dispatch for ROS interfaces[0m
[7.968s] [ 35%] [32mBuilding CXX object CMakeFiles/system_msgs__rosidl_typesupport_c.dir/rosidl_typesupport_c/system_msgs/msg/rm_event__type_support.cpp.o[0m
[7.970s] [ 37%] [32mBuilding CXX object CMakeFiles/system_msgs__rosidl_typesupport_c.dir/rosidl_typesupport_c/system_msgs/msg/response__type_support.cpp.o[0m
[7.970s] [ 40%] [32mBuilding CXX object CMakeFiles/system_msgs__rosidl_typesupport_c.dir/rosidl_typesupport_c/system_msgs/msg/rm_status__type_support.cpp.o[0m
[7.970s] [ 40%] [32mBuilding CXX object CMakeFiles/system_msgs__rosidl_typesupport_c.dir/rosidl_typesupport_c/system_msgs/msg/rm_notioncmd__type_support.cpp.o[0m
[8.059s] [ 43%] [32mBuilding CXX object CMakeFiles/system_msgs__rosidl_typesupport_introspection_cpp.dir/rosidl_typesupport_introspection_cpp/system_msgs/msg/detail/rm_notioncmd__type_support.cpp.o[0m
[8.060s] [ 43%] [32mBuilding CXX object CMakeFiles/system_msgs__rosidl_typesupport_introspection_cpp.dir/rosidl_typesupport_introspection_cpp/system_msgs/msg/detail/rm_event__type_support.cpp.o[0m
[8.064s] [ 45%] [32mBuilding CXX object CMakeFiles/system_msgs__rosidl_typesupport_introspection_cpp.dir/rosidl_typesupport_introspection_cpp/system_msgs/msg/detail/response__type_support.cpp.o[0m
[8.067s] [ 48%] [32mBuilding CXX object CMakeFiles/system_msgs__rosidl_typesupport_cpp.dir/rosidl_typesupport_cpp/system_msgs/msg/response__type_support.cpp.o[0m
[8.067s] [ 48%] [32mBuilding CXX object CMakeFiles/system_msgs__rosidl_typesupport_cpp.dir/rosidl_typesupport_cpp/system_msgs/msg/rm_event__type_support.cpp.o[0m
[8.068s] [ 50%] [32mBuilding CXX object CMakeFiles/system_msgs__rosidl_typesupport_cpp.dir/rosidl_typesupport_cpp/system_msgs/msg/rm_status__type_support.cpp.o[0m
[8.070s] [ 51%] [32mBuilding CXX object CMakeFiles/system_msgs__rosidl_typesupport_cpp.dir/rosidl_typesupport_cpp/system_msgs/msg/rm_notioncmd__type_support.cpp.o[0m
[8.080s] [ 53%] [32mBuilding CXX object CMakeFiles/system_msgs__rosidl_typesupport_introspection_cpp.dir/rosidl_typesupport_introspection_cpp/system_msgs/msg/detail/rm_status__type_support.cpp.o[0m
[8.102s] [ 54%] [32m[1mLinking CXX shared library libsystem_msgs__rosidl_typesupport_c.so[0m
[8.126s] [ 56%] [32mBuilding C object CMakeFiles/system_msgs__rosidl_typesupport_introspection_c.dir/rosidl_typesupport_introspection_c/system_msgs/msg/detail/rm_notioncmd__type_support.c.o[0m
[8.134s] [ 57%] [32mBuilding C object CMakeFiles/system_msgs__rosidl_typesupport_introspection_c.dir/rosidl_typesupport_introspection_c/system_msgs/msg/detail/rm_status__type_support.c.o[0m
[8.140s] [ 59%] [32mBuilding C object CMakeFiles/system_msgs__rosidl_typesupport_introspection_c.dir/rosidl_typesupport_introspection_c/system_msgs/msg/detail/rm_event__type_support.c.o[0m
[8.149s] [ 60%] [32mBuilding C object CMakeFiles/system_msgs__rosidl_typesupport_introspection_c.dir/rosidl_typesupport_introspection_c/system_msgs/msg/detail/response__type_support.c.o[0m
[8.213s] [ 62%] [32mBuilding CXX object CMakeFiles/system_msgs__rosidl_typesupport_fastrtps_c.dir/rosidl_typesupport_fastrtps_c/system_msgs/msg/detail/rm_event__type_support_c.cpp.o[0m
[8.228s] [ 64%] [32mBuilding CXX object CMakeFiles/system_msgs__rosidl_typesupport_fastrtps_c.dir/rosidl_typesupport_fastrtps_c/system_msgs/msg/detail/rm_notioncmd__type_support_c.cpp.o[0m
[8.228s] [ 65%] [32mBuilding CXX object CMakeFiles/system_msgs__rosidl_typesupport_fastrtps_c.dir/rosidl_typesupport_fastrtps_c/system_msgs/msg/detail/rm_status__type_support_c.cpp.o[0m
[8.229s] [ 67%] [32mBuilding CXX object CMakeFiles/system_msgs__rosidl_typesupport_fastrtps_c.dir/rosidl_typesupport_fastrtps_c/system_msgs/msg/detail/response__type_support_c.cpp.o[0m
[8.277s] [ 68%] [32mBuilding CXX object CMakeFiles/system_msgs__rosidl_typesupport_fastrtps_cpp.dir/rosidl_typesupport_fastrtps_cpp/system_msgs/msg/detail/dds_fastrtps/rm_event__type_support.cpp.o[0m
[8.285s] [ 70%] [32mBuilding CXX object CMakeFiles/system_msgs__rosidl_typesupport_fastrtps_cpp.dir/rosidl_typesupport_fastrtps_cpp/system_msgs/msg/detail/dds_fastrtps/rm_notioncmd__type_support.cpp.o[0m
[8.295s] [ 71%] [32mBuilding CXX object CMakeFiles/system_msgs__rosidl_typesupport_fastrtps_cpp.dir/rosidl_typesupport_fastrtps_cpp/system_msgs/msg/detail/dds_fastrtps/response__type_support.cpp.o[0m
[8.334s] [ 73%] [32mBuilding CXX object CMakeFiles/system_msgs__rosidl_typesupport_fastrtps_cpp.dir/rosidl_typesupport_fastrtps_cpp/system_msgs/msg/detail/dds_fastrtps/rm_status__type_support.cpp.o[0m
[8.409s] [ 75%] [32m[1mLinking C shared library libsystem_msgs__rosidl_typesupport_introspection_c.so[0m
[8.697s] [ 75%] Built target system_msgs__rosidl_typesupport_c
[8.799s] [ 75%] Built target system_msgs__rosidl_typesupport_introspection_c
[9.574s] [ 76%] [32m[1mLinking CXX shared library libsystem_msgs__rosidl_typesupport_introspection_cpp.so[0m
[9.598s] [ 78%] [32m[1mLinking CXX shared library libsystem_msgs__rosidl_typesupport_cpp.so[0m
[9.811s] [ 78%] Built target system_msgs__rosidl_typesupport_cpp
[9.903s] [ 78%] Built target system_msgs__rosidl_typesupport_introspection_cpp
[9.977s] [ 79%] [32m[1mLinking CXX shared library libsystem_msgs__rosidl_typesupport_fastrtps_c.so[0m
[10.026s] [ 81%] [32m[1mLinking CXX shared library libsystem_msgs__rosidl_typesupport_fastrtps_cpp.so[0m
[10.222s] [ 81%] Built target system_msgs__rosidl_typesupport_fastrtps_c
[10.264s] [ 81%] Built target system_msgs__rosidl_typesupport_fastrtps_cpp
[10.292s] [ 81%] Built target system_msgs
[10.316s] [ 82%] [34m[1mGenerating Python code for ROS interfaces[0m
[10.799s] [ 82%] Built target system_msgs__py
[10.818s] [ 89%] [32mBuilding C object CMakeFiles/system_msgs__rosidl_generator_py.dir/rosidl_generator_py/system_msgs/msg/_rm_status_s.c.o[0m
[10.818s] [ 89%] [32mBuilding C object CMakeFiles/system_msgs__rosidl_generator_py.dir/rosidl_generator_py/system_msgs/msg/_response_s.c.o[0m
[10.818s] [ 89%] [32mBuilding C object CMakeFiles/system_msgs__rosidl_generator_py.dir/rosidl_generator_py/system_msgs/msg/_rm_notioncmd_s.c.o[0m
[10.818s] [ 89%] [32mBuilding C object CMakeFiles/system_msgs__rosidl_generator_py.dir/rosidl_generator_py/system_msgs/msg/_rm_event_s.c.o[0m
[10.968s] [ 90%] [32m[1mLinking C shared library libsystem_msgs__rosidl_generator_py.so[0m
[11.113s] [ 90%] Built target system_msgs__rosidl_generator_py
[11.134s] [ 95%] [32mBuilding C object CMakeFiles/system_msgs_s__rosidl_typesupport_fastrtps_c.dir/rosidl_generator_py/system_msgs/_system_msgs_s.ep.rosidl_typesupport_fastrtps_c.c.o[0m
[11.134s] [ 95%] [32mBuilding C object CMakeFiles/system_msgs_s__rosidl_typesupport_c.dir/rosidl_generator_py/system_msgs/_system_msgs_s.ep.rosidl_typesupport_c.c.o[0m
[11.134s] [ 95%] [32mBuilding C object CMakeFiles/system_msgs_s__rosidl_typesupport_introspection_c.dir/rosidl_generator_py/system_msgs/_system_msgs_s.ep.rosidl_typesupport_introspection_c.c.o[0m
[11.225s] [ 96%] [32m[1mLinking C shared module rosidl_generator_py/system_msgs/system_msgs_s__rosidl_typesupport_c.so[0m
[11.225s] [ 98%] [32m[1mLinking C shared module rosidl_generator_py/system_msgs/system_msgs_s__rosidl_typesupport_introspection_c.so[0m
[11.228s] [100%] [32m[1mLinking C shared module rosidl_generator_py/system_msgs/system_msgs_s__rosidl_typesupport_fastrtps_c.so[0m
[11.299s] [100%] Built target system_msgs_s__rosidl_typesupport_introspection_c
[11.305s] [100%] Built target system_msgs_s__rosidl_typesupport_c
[11.335s] [100%] Built target system_msgs_s__rosidl_typesupport_fastrtps_c
[11.346s] Invoked command in '/home/nagi/ros2_ws/build/system_msgs' returned '0': CMAKE_PREFIX_PATH=${CMAKE_PREFIX_PATH}:/home/nagi/ros2_ws/install/mypkg:/opt/ros/jazzy /usr/bin/cmake --build /home/nagi/ros2_ws/build/system_msgs -- -j20 -l20
[11.356s] Invoking command in '/home/nagi/ros2_ws/build/system_msgs': CMAKE_PREFIX_PATH=${CMAKE_PREFIX_PATH}:/home/nagi/ros2_ws/install/mypkg:/opt/ros/jazzy /usr/bin/cmake --install /home/nagi/ros2_ws/build/system_msgs
[11.364s] -- Install configuration: ""
[11.365s] -- Installing: /home/nagi/ros2_ws/install/system_msgs/share/ament_index/resource_index/rosidl_interfaces/system_msgs
[11.365s] -- Installing: /home/nagi/ros2_ws/install/system_msgs/share/system_msgs/msg/RmEvent.json
[11.365s] -- Installing: /home/nagi/ros2_ws/install/system_msgs/share/system_msgs/msg/RmNotioncmd.json
[11.365s] -- Installing: /home/nagi/ros2_ws/install/system_msgs/share/system_msgs/msg/RmStatus.json
[11.366s] -- Installing: /home/nagi/ros2_ws/install/system_msgs/share/system_msgs/msg/Response.json
[11.366s] -- Installing: /home/nagi/ros2_ws/install/system_msgs/include/system_msgs/system_msgs
[11.366s] -- Installing: /home/nagi/ros2_ws/install/system_msgs/include/system_msgs/system_msgs/msg
[11.366s] -- Installing: /home/nagi/ros2_ws/install/system_msgs/include/system_msgs/system_msgs/msg/rm_notioncmd.h
[11.367s] -- Installing: /home/nagi/ros2_ws/install/system_msgs/include/system_msgs/system_msgs/msg/rm_event.h
[11.367s] -- Installing: /home/nagi/ros2_ws/install/system_msgs/include/system_msgs/system_msgs/msg/rosidl_generator_c__visibility_control.h
[11.367s] -- Installing: /home/nagi/ros2_ws/install/system_msgs/include/system_msgs/system_msgs/msg/response.h
[11.367s] -- Installing: /home/nagi/ros2_ws/install/system_msgs/include/system_msgs/system_msgs/msg/rm_status.h
[11.367s] -- Installing: /home/nagi/ros2_ws/install/system_msgs/include/system_msgs/system_msgs/msg/detail
[11.368s] -- Installing: /home/nagi/ros2_ws/install/system_msgs/include/system_msgs/system_msgs/msg/detail/rm_notioncmd__type_support.c
[11.368s] -- Installing: /home/nagi/ros2_ws/install/system_msgs/include/system_msgs/system_msgs/msg/detail/response__functions.c
[11.368s] -- Installing: /home/nagi/ros2_ws/install/system_msgs/include/system_msgs/system_msgs/msg/detail/rm_notioncmd__description.c
[11.368s] -- Installing: /home/nagi/ros2_ws/install/system_msgs/include/system_msgs/system_msgs/msg/detail/rm_event__struct.h
[11.369s] -- Installing: /home/nagi/ros2_ws/install/system_msgs/include/system_msgs/system_msgs/msg/detail/rm_event__type_support.h
[11.369s] -- Installing: /home/nagi/ros2_ws/install/system_msgs/include/system_msgs/system_msgs/msg/detail/rm_notioncmd__functions.h
[11.369s] -- Installing: /home/nagi/ros2_ws/install/system_msgs/include/system_msgs/system_msgs/msg/detail/response__type_support.c
[11.369s] -- Installing: /home/nagi/ros2_ws/install/system_msgs/include/system_msgs/system_msgs/msg/detail/rm_event__type_support.c
[11.369s] -- Installing: /home/nagi/ros2_ws/install/system_msgs/include/system_msgs/system_msgs/msg/detail/rm_status__type_support.h
[11.369s] -- Installing: /home/nagi/ros2_ws/install/system_msgs/include/system_msgs/system_msgs/msg/detail/rm_status__type_support.c
[11.369s] -- Installing: /home/nagi/ros2_ws/install/system_msgs/include/system_msgs/system_msgs/msg/detail/rm_notioncmd__struct.h
[11.370s] -- Installing: /home/nagi/ros2_ws/install/system_msgs/include/system_msgs/system_msgs/msg/detail/rm_status__functions.h
[11.370s] -- Installing: /home/nagi/ros2_ws/install/system_msgs/include/system_msgs/system_msgs/msg/detail/response__struct.h
[11.370s] -- Installing: /home/nagi/ros2_ws/install/system_msgs/include/system_msgs/system_msgs/msg/detail/response__functions.h
[11.370s] -- Installing: /home/nagi/ros2_ws/install/system_msgs/include/system_msgs/system_msgs/msg/detail/rm_notioncmd__type_support.h
[11.370s] -- Installing: /home/nagi/ros2_ws/install/system_msgs/include/system_msgs/system_msgs/msg/detail/rm_event__functions.c
[11.371s] -- Installing: /home/nagi/ros2_ws/install/system_msgs/include/system_msgs/system_msgs/msg/detail/rm_status__functions.c
[11.371s] -- Installing: /home/nagi/ros2_ws/install/system_msgs/include/system_msgs/system_msgs/msg/detail/rm_status__struct.h
[11.371s] -- Installing: /home/nagi/ros2_ws/install/system_msgs/include/system_msgs/system_msgs/msg/detail/response__type_support.h
[11.371s] -- Installing: /home/nagi/ros2_ws/install/system_msgs/include/system_msgs/system_msgs/msg/detail/rm_notioncmd__functions.c
[11.371s] -- Installing: /home/nagi/ros2_ws/install/system_msgs/include/system_msgs/system_msgs/msg/detail/rm_status__description.c
[11.371s] -- Installing: /home/nagi/ros2_ws/install/system_msgs/include/system_msgs/system_msgs/msg/detail/rm_event__description.c
[11.371s] -- Installing: /home/nagi/ros2_ws/install/system_msgs/include/system_msgs/system_msgs/msg/detail/response__description.c
[11.371s] -- Installing: /home/nagi/ros2_ws/install/system_msgs/include/system_msgs/system_msgs/msg/detail/rm_event__functions.h
[11.371s] -- Installing: /home/nagi/ros2_ws/install/system_msgs/share/system_msgs/environment/library_path.sh
[11.371s] -- Installing: /home/nagi/ros2_ws/install/system_msgs/share/system_msgs/environment/library_path.dsv
[11.372s] -- Installing: /home/nagi/ros2_ws/install/system_msgs/lib/libsystem_msgs__rosidl_generator_c.so
[11.372s] -- Set non-toolchain portion of runtime path of "/home/nagi/ros2_ws/install/system_msgs/lib/libsystem_msgs__rosidl_generator_c.so" to ""
[11.372s] -- Up-to-date: /home/nagi/ros2_ws/install/system_msgs/include/system_msgs/system_msgs
[11.372s] -- Up-to-date: /home/nagi/ros2_ws/install/system_msgs/include/system_msgs/system_msgs/msg
[11.372s] -- Installing: /home/nagi/ros2_ws/install/system_msgs/include/system_msgs/system_msgs/msg/rosidl_typesupport_fastrtps_c__visibility_control.h
[11.372s] -- Up-to-date: /home/nagi/ros2_ws/install/system_msgs/include/system_msgs/system_msgs/msg/detail
[11.372s] -- Installing: /home/nagi/ros2_ws/install/system_msgs/include/system_msgs/system_msgs/msg/detail/rm_event__rosidl_typesupport_fastrtps_c.h
[11.373s] -- Installing: /home/nagi/ros2_ws/install/system_msgs/include/system_msgs/system_msgs/msg/detail/rm_notioncmd__rosidl_typesupport_fastrtps_c.h
[11.373s] -- Installing: /home/nagi/ros2_ws/install/system_msgs/include/system_msgs/system_msgs/msg/detail/response__rosidl_typesupport_fastrtps_c.h
[11.373s] -- Installing: /home/nagi/ros2_ws/install/system_msgs/include/system_msgs/system_msgs/msg/detail/rm_status__rosidl_typesupport_fastrtps_c.h
[11.373s] -- Installing: /home/nagi/ros2_ws/install/system_msgs/lib/libsystem_msgs__rosidl_typesupport_fastrtps_c.so
[11.373s] -- Set non-toolchain portion of runtime path of "/home/nagi/ros2_ws/install/system_msgs/lib/libsystem_msgs__rosidl_typesupport_fastrtps_c.so" to ""
[11.373s] -- Up-to-date: /home/nagi/ros2_ws/install/system_msgs/include/system_msgs/system_msgs
[11.373s] -- Up-to-date: /home/nagi/ros2_ws/install/system_msgs/include/system_msgs/system_msgs/msg
[11.373s] -- Installing: /home/nagi/ros2_ws/install/system_msgs/include/system_msgs/system_msgs/msg/rm_status.hpp
[11.374s] -- Installing: /home/nagi/ros2_ws/install/system_msgs/include/system_msgs/system_msgs/msg/rm_notioncmd.hpp
[11.374s] -- Installing: /home/nagi/ros2_ws/install/system_msgs/include/system_msgs/system_msgs/msg/response.hpp
[11.374s] -- Up-to-date: /home/nagi/ros2_ws/install/system_msgs/include/system_msgs/system_msgs/msg/detail
[11.374s] -- Installing: /home/nagi/ros2_ws/install/system_msgs/include/system_msgs/system_msgs/msg/detail/response__traits.hpp
[11.374s] -- Installing: /home/nagi/ros2_ws/install/system_msgs/include/system_msgs/system_msgs/msg/detail/rm_notioncmd__builder.hpp
[11.375s] -- Installing: /home/nagi/ros2_ws/install/system_msgs/include/system_msgs/system_msgs/msg/detail/rm_notioncmd__traits.hpp
[11.375s] -- Installing: /home/nagi/ros2_ws/install/system_msgs/include/system_msgs/system_msgs/msg/detail/response__struct.hpp
[11.375s] -- Installing: /home/nagi/ros2_ws/install/system_msgs/include/system_msgs/system_msgs/msg/detail/rm_status__traits.hpp
[11.375s] -- Installing: /home/nagi/ros2_ws/install/system_msgs/include/system_msgs/system_msgs/msg/detail/rm_event__type_support.hpp
[11.375s] -- Installing: /home/nagi/ros2_ws/install/system_msgs/include/system_msgs/system_msgs/msg/detail/rm_status__type_support.hpp
[11.376s] -- Installing: /home/nagi/ros2_ws/install/system_msgs/include/system_msgs/system_msgs/msg/detail/rm_notioncmd__type_support.hpp
[11.376s] -- Installing: /home/nagi/ros2_ws/install/system_msgs/include/system_msgs/system_msgs/msg/detail/rm_status__builder.hpp
[11.376s] -- Installing: /home/nagi/ros2_ws/install/system_msgs/include/system_msgs/system_msgs/msg/detail/rm_event__builder.hpp
[11.376s] -- Installing: /home/nagi/ros2_ws/install/system_msgs/include/system_msgs/system_msgs/msg/detail/rm_event__traits.hpp
[11.376s] -- Installing: /home/nagi/ros2_ws/install/system_msgs/include/system_msgs/system_msgs/msg/detail/rm_event__struct.hpp
[11.376s] -- Installing: /home/nagi/ros2_ws/install/system_msgs/include/system_msgs/system_msgs/msg/detail/rm_status__struct.hpp
[11.376s] -- Installing: /home/nagi/ros2_ws/install/system_msgs/include/system_msgs/system_msgs/msg/detail/rm_notioncmd__struct.hpp
[11.376s] -- Installing: /home/nagi/ros2_ws/install/system_msgs/include/system_msgs/system_msgs/msg/detail/response__builder.hpp
[11.377s] -- Installing: /home/nagi/ros2_ws/install/system_msgs/include/system_msgs/system_msgs/msg/detail/response__type_support.hpp
[11.377s] -- Installing: /home/nagi/ros2_ws/install/system_msgs/include/system_msgs/system_msgs/msg/rosidl_generator_cpp__visibility_control.hpp
[11.377s] -- Installing: /home/nagi/ros2_ws/install/system_msgs/include/system_msgs/system_msgs/msg/rm_event.hpp
[11.377s] -- Up-to-date: /home/nagi/ros2_ws/install/system_msgs/include/system_msgs/system_msgs
[11.377s] -- Up-to-date: /home/nagi/ros2_ws/install/system_msgs/include/system_msgs/system_msgs/msg
[11.377s] -- Installing: /home/nagi/ros2_ws/install/system_msgs/include/system_msgs/system_msgs/msg/rosidl_typesupport_fastrtps_cpp__visibility_control.h
[11.377s] -- Up-to-date: /home/nagi/ros2_ws/install/system_msgs/include/system_msgs/system_msgs/msg/detail
[11.377s] -- Installing: /home/nagi/ros2_ws/install/system_msgs/include/system_msgs/system_msgs/msg/detail/rm_status__rosidl_typesupport_fastrtps_cpp.hpp
[11.378s] -- Installing: /home/nagi/ros2_ws/install/system_msgs/include/system_msgs/system_msgs/msg/detail/dds_fastrtps
[11.378s] -- Installing: /home/nagi/ros2_ws/install/system_msgs/include/system_msgs/system_msgs/msg/detail/rm_notioncmd__rosidl_typesupport_fastrtps_cpp.hpp
[11.378s] -- Installing: /home/nagi/ros2_ws/install/system_msgs/include/system_msgs/system_msgs/msg/detail/rm_event__rosidl_typesupport_fastrtps_cpp.hpp
[11.378s] -- Installing: /home/nagi/ros2_ws/install/system_msgs/include/system_msgs/system_msgs/msg/detail/response__rosidl_typesupport_fastrtps_cpp.hpp
[11.378s] -- Installing: /home/nagi/ros2_ws/install/system_msgs/lib/libsystem_msgs__rosidl_typesupport_fastrtps_cpp.so
[11.378s] -- Set non-toolchain portion of runtime path of "/home/nagi/ros2_ws/install/system_msgs/lib/libsystem_msgs__rosidl_typesupport_fastrtps_cpp.so" to ""
[11.378s] -- Up-to-date: /home/nagi/ros2_ws/install/system_msgs/include/system_msgs/system_msgs
[11.379s] -- Up-to-date: /home/nagi/ros2_ws/install/system_msgs/include/system_msgs/system_msgs/msg
[11.379s] -- Installing: /home/nagi/ros2_ws/install/system_msgs/include/system_msgs/system_msgs/msg/rosidl_typesupport_introspection_c__visibility_control.h
[11.379s] -- Up-to-date: /home/nagi/ros2_ws/install/system_msgs/include/system_msgs/system_msgs/msg/detail
[11.379s] -- Installing: /home/nagi/ros2_ws/install/system_msgs/include/system_msgs/system_msgs/msg/detail/rm_notioncmd__type_support.c
[11.379s] -- Installing: /home/nagi/ros2_ws/install/system_msgs/include/system_msgs/system_msgs/msg/detail/rm_event__rosidl_typesupport_introspection_c.h
[11.379s] -- Installing: /home/nagi/ros2_ws/install/system_msgs/include/system_msgs/system_msgs/msg/detail/rm_status__rosidl_typesupport_introspection_c.h
[11.379s] -- Installing: /home/nagi/ros2_ws/install/system_msgs/include/system_msgs/system_msgs/msg/detail/response__type_support.c
[11.380s] -- Installing: /home/nagi/ros2_ws/install/system_msgs/include/system_msgs/system_msgs/msg/detail/rm_event__type_support.c
[11.380s] -- Installing: /home/nagi/ros2_ws/install/system_msgs/include/system_msgs/system_msgs/msg/detail/rm_notioncmd__rosidl_typesupport_introspection_c.h
[11.380s] -- Installing: /home/nagi/ros2_ws/install/system_msgs/include/system_msgs/system_msgs/msg/detail/rm_status__type_support.c
[11.380s] -- Installing: /home/nagi/ros2_ws/install/system_msgs/include/system_msgs/system_msgs/msg/detail/response__rosidl_typesupport_introspection_c.h
[11.380s] -- Installing: /home/nagi/ros2_ws/install/system_msgs/lib/libsystem_msgs__rosidl_typesupport_introspection_c.so
[11.380s] -- Set non-toolchain portion of runtime path of "/home/nagi/ros2_ws/install/system_msgs/lib/libsystem_msgs__rosidl_typesupport_introspection_c.so" to ""
[11.380s] -- Installing: /home/nagi/ros2_ws/install/system_msgs/lib/libsystem_msgs__rosidl_typesupport_c.so
[11.380s] -- Set non-toolchain portion of runtime path of "/home/nagi/ros2_ws/install/system_msgs/lib/libsystem_msgs__rosidl_typesupport_c.so" to ""
[11.381s] -- Up-to-date: /home/nagi/ros2_ws/install/system_msgs/include/system_msgs/system_msgs
[11.381s] -- Up-to-date: /home/nagi/ros2_ws/install/system_msgs/include/system_msgs/system_msgs/msg
[11.381s] -- Up-to-date: /home/nagi/ros2_ws/install/system_msgs/include/system_msgs/system_msgs/msg/detail
[11.381s] -- Installing: /home/nagi/ros2_ws/install/system_msgs/include/system_msgs/system_msgs/msg/detail/rm_notioncmd__rosidl_typesupport_introspection_cpp.hpp
[11.381s] -- Installing: /home/nagi/ros2_ws/install/system_msgs/include/system_msgs/system_msgs/msg/detail/rm_event__type_support.cpp
[11.381s] -- Installing: /home/nagi/ros2_ws/install/system_msgs/include/system_msgs/system_msgs/msg/detail/rm_notioncmd__type_support.cpp
[11.381s] -- Installing: /home/nagi/ros2_ws/install/system_msgs/include/system_msgs/system_msgs/msg/detail/rm_status__rosidl_typesupport_introspection_cpp.hpp
[11.381s] -- Installing: /home/nagi/ros2_ws/install/system_msgs/include/system_msgs/system_msgs/msg/detail/rm_event__rosidl_typesupport_introspection_cpp.hpp
[11.381s] -- Installing: /home/nagi/ros2_ws/install/system_msgs/include/system_msgs/system_msgs/msg/detail/response__rosidl_typesupport_introspection_cpp.hpp
[11.381s] -- Installing: /home/nagi/ros2_ws/install/system_msgs/include/system_msgs/system_msgs/msg/detail/response__type_support.cpp
[11.381s] -- Installing: /home/nagi/ros2_ws/install/system_msgs/include/system_msgs/system_msgs/msg/detail/rm_status__type_support.cpp
[11.381s] -- Installing: /home/nagi/ros2_ws/install/system_msgs/lib/libsystem_msgs__rosidl_typesupport_introspection_cpp.so
[11.381s] -- Set non-toolchain portion of runtime path of "/home/nagi/ros2_ws/install/system_msgs/lib/libsystem_msgs__rosidl_typesupport_introspection_cpp.so" to ""
[11.381s] -- Installing: /home/nagi/ros2_ws/install/system_msgs/lib/libsystem_msgs__rosidl_typesupport_cpp.so
[11.381s] -- Set non-toolchain portion of runtime path of "/home/nagi/ros2_ws/install/system_msgs/lib/libsystem_msgs__rosidl_typesupport_cpp.so" to ""
[11.382s] -- Installing: /home/nagi/ros2_ws/install/system_msgs/share/system_msgs/environment/pythonpath.sh
[11.382s] -- Installing: /home/nagi/ros2_ws/install/system_msgs/share/system_msgs/environment/pythonpath.dsv
[11.382s] -- Installing: /home/nagi/ros2_ws/install/system_msgs/lib/python3.12/site-packages/system_msgs-0.0.0-py3.12.egg-info
[11.382s] -- Installing: /home/nagi/ros2_ws/install/system_msgs/lib/python3.12/site-packages/system_msgs-0.0.0-py3.12.egg-info/dependency_links.txt
[11.382s] -- Installing: /home/nagi/ros2_ws/install/system_msgs/lib/python3.12/site-packages/system_msgs-0.0.0-py3.12.egg-info/PKG-INFO
[11.382s] -- Installing: /home/nagi/ros2_ws/install/system_msgs/lib/python3.12/site-packages/system_msgs-0.0.0-py3.12.egg-info/top_level.txt
[11.382s] -- Installing: /home/nagi/ros2_ws/install/system_msgs/lib/python3.12/site-packages/system_msgs-0.0.0-py3.12.egg-info/SOURCES.txt
[11.382s] -- Installing: /home/nagi/ros2_ws/install/system_msgs/lib/python3.12/site-packages/system_msgs
[11.382s] -- Installing: /home/nagi/ros2_ws/install/system_msgs/lib/python3.12/site-packages/system_msgs/system_msgs_s__rosidl_typesupport_introspection_c.so
[11.382s] -- Installing: /home/nagi/ros2_ws/install/system_msgs/lib/python3.12/site-packages/system_msgs/_system_msgs_s.ep.rosidl_typesupport_fastrtps_c.c
[11.382s] -- Installing: /home/nagi/ros2_ws/install/system_msgs/lib/python3.12/site-packages/system_msgs/_system_msgs_s.ep.rosidl_typesupport_introspection_c.c
[11.382s] -- Installing: /home/nagi/ros2_ws/install/system_msgs/lib/python3.12/site-packages/system_msgs/system_msgs_s__rosidl_typesupport_fastrtps_c.so
[11.382s] -- Installing: /home/nagi/ros2_ws/install/system_msgs/lib/python3.12/site-packages/system_msgs/_system_msgs_s.ep.rosidl_typesupport_c.c
[11.382s] -- Installing: /home/nagi/ros2_ws/install/system_msgs/lib/python3.12/site-packages/system_msgs/msg
[11.382s] -- Installing: /home/nagi/ros2_ws/install/system_msgs/lib/python3.12/site-packages/system_msgs/msg/_response.py
[11.382s] -- Installing: /home/nagi/ros2_ws/install/system_msgs/lib/python3.12/site-packages/system_msgs/msg/_rm_status_s.c
[11.382s] -- Installing: /home/nagi/ros2_ws/install/system_msgs/lib/python3.12/site-packages/system_msgs/msg/_rm_event_s.c
[11.383s] -- Installing: /home/nagi/ros2_ws/install/system_msgs/lib/python3.12/site-packages/system_msgs/msg/_rm_event.py
[11.383s] -- Installing: /home/nagi/ros2_ws/install/system_msgs/lib/python3.12/site-packages/system_msgs/msg/_rm_notioncmd_s.c
[11.383s] -- Installing: /home/nagi/ros2_ws/install/system_msgs/lib/python3.12/site-packages/system_msgs/msg/_response_s.c
[11.383s] -- Installing: /home/nagi/ros2_ws/install/system_msgs/lib/python3.12/site-packages/system_msgs/msg/_rm_status.py
[11.383s] -- Installing: /home/nagi/ros2_ws/install/system_msgs/lib/python3.12/site-packages/system_msgs/msg/__init__.py
[11.383s] -- Installing: /home/nagi/ros2_ws/install/system_msgs/lib/python3.12/site-packages/system_msgs/msg/_rm_notioncmd.py
[11.383s] -- Installing: /home/nagi/ros2_ws/install/system_msgs/lib/python3.12/site-packages/system_msgs/system_msgs_s__rosidl_typesupport_c.so
[11.383s] -- Installing: /home/nagi/ros2_ws/install/system_msgs/lib/python3.12/site-packages/system_msgs/__init__.py
[11.422s] Listing '/home/nagi/ros2_ws/install/system_msgs/lib/python3.12/site-packages/system_msgs'...
[11.422s] Compiling '/home/nagi/ros2_ws/install/system_msgs/lib/python3.12/site-packages/system_msgs/__init__.py'...
[11.422s] Listing '/home/nagi/ros2_ws/install/system_msgs/lib/python3.12/site-packages/system_msgs/msg'...
[11.422s] Compiling '/home/nagi/ros2_ws/install/system_msgs/lib/python3.12/site-packages/system_msgs/msg/__init__.py'...
[11.422s] Compiling '/home/nagi/ros2_ws/install/system_msgs/lib/python3.12/site-packages/system_msgs/msg/_response.py'...
[11.422s] Compiling '/home/nagi/ros2_ws/install/system_msgs/lib/python3.12/site-packages/system_msgs/msg/_rm_event.py'...
[11.422s] Compiling '/home/nagi/ros2_ws/install/system_msgs/lib/python3.12/site-packages/system_msgs/msg/_rm_notioncmd.py'...
[11.422s] Compiling '/home/nagi/ros2_ws/install/system_msgs/lib/python3.12/site-packages/system_msgs/msg/_rm_status.py'...
[11.427s] -- Installing: /home/nagi/ros2_ws/install/system_msgs/lib/python3.12/site-packages/system_msgs/system_msgs_s__rosidl_typesupport_fastrtps_c.so
[11.427s] -- Set non-toolchain portion of runtime path of "/home/nagi/ros2_ws/install/system_msgs/lib/python3.12/site-packages/system_msgs/system_msgs_s__rosidl_typesupport_fastrtps_c.so" to ""
[11.428s] -- Installing: /home/nagi/ros2_ws/install/system_msgs/lib/python3.12/site-packages/system_msgs/system_msgs_s__rosidl_typesupport_introspection_c.so
[11.428s] -- Set non-toolchain portion of runtime path of "/home/nagi/ros2_ws/install/system_msgs/lib/python3.12/site-packages/system_msgs/system_msgs_s__rosidl_typesupport_introspection_c.so" to ""
[11.428s] -- Installing: /home/nagi/ros2_ws/install/system_msgs/lib/python3.12/site-packages/system_msgs/system_msgs_s__rosidl_typesupport_c.so
[11.428s] -- Set non-toolchain portion of runtime path of "/home/nagi/ros2_ws/install/system_msgs/lib/python3.12/site-packages/system_msgs/system_msgs_s__rosidl_typesupport_c.so" to ""
[11.428s] -- Installing: /home/nagi/ros2_ws/install/system_msgs/lib/libsystem_msgs__rosidl_generator_py.so
[11.429s] -- Set non-toolchain portion of runtime path of "/home/nagi/ros2_ws/install/system_msgs/lib/libsystem_msgs__rosidl_generator_py.so" to ""
[11.429s] -- Installing: /home/nagi/ros2_ws/install/system_msgs/share/system_msgs/msg/RmEvent.idl
[11.429s] -- Installing: /home/nagi/ros2_ws/install/system_msgs/share/system_msgs/msg/RmNotioncmd.idl
[11.429s] -- Installing: /home/nagi/ros2_ws/install/system_msgs/share/system_msgs/msg/RmStatus.idl
[11.429s] -- Installing: /home/nagi/ros2_ws/install/system_msgs/share/system_msgs/msg/Response.idl
[11.430s] -- Installing: /home/nagi/ros2_ws/install/system_msgs/share/system_msgs/msg/RmEvent.msg
[11.430s] -- Installing: /home/nagi/ros2_ws/install/system_msgs/share/system_msgs/msg/RmNotioncmd.msg
[11.430s] -- Installing: /home/nagi/ros2_ws/install/system_msgs/share/system_msgs/msg/RmStatus.msg
[11.430s] -- Installing: /home/nagi/ros2_ws/install/system_msgs/share/system_msgs/msg/Response.msg
[11.430s] -- Installing: /home/nagi/ros2_ws/install/system_msgs/share/ament_index/resource_index/package_run_dependencies/system_msgs
[11.430s] -- Installing: /home/nagi/ros2_ws/install/system_msgs/share/ament_index/resource_index/parent_prefix_path/system_msgs
[11.431s] -- Installing: /home/nagi/ros2_ws/install/system_msgs/share/system_msgs/environment/ament_prefix_path.sh
[11.431s] -- Installing: /home/nagi/ros2_ws/install/system_msgs/share/system_msgs/environment/ament_prefix_path.dsv
[11.431s] -- Installing: /home/nagi/ros2_ws/install/system_msgs/share/system_msgs/environment/path.sh
[11.431s] -- Installing: /home/nagi/ros2_ws/install/system_msgs/share/system_msgs/environment/path.dsv
[11.431s] -- Installing: /home/nagi/ros2_ws/install/system_msgs/share/system_msgs/local_setup.bash
[11.431s] -- Installing: /home/nagi/ros2_ws/install/system_msgs/share/system_msgs/local_setup.sh
[11.431s] -- Installing: /home/nagi/ros2_ws/install/system_msgs/share/system_msgs/local_setup.zsh
[11.431s] -- Installing: /home/nagi/ros2_ws/install/system_msgs/share/system_msgs/local_setup.dsv
[11.432s] -- Installing: /home/nagi/ros2_ws/install/system_msgs/share/system_msgs/package.dsv
[11.432s] -- Installing: /home/nagi/ros2_ws/install/system_msgs/share/ament_index/resource_index/packages/system_msgs
[11.432s] -- Installing: /home/nagi/ros2_ws/install/system_msgs/share/system_msgs/cmake/export_system_msgs__rosidl_generator_cExport.cmake
[11.432s] -- Installing: /home/nagi/ros2_ws/install/system_msgs/share/system_msgs/cmake/export_system_msgs__rosidl_generator_cExport-noconfig.cmake
[11.432s] -- Installing: /home/nagi/ros2_ws/install/system_msgs/share/system_msgs/cmake/export_system_msgs__rosidl_typesupport_fastrtps_cExport.cmake
[11.432s] -- Installing: /home/nagi/ros2_ws/install/system_msgs/share/system_msgs/cmake/export_system_msgs__rosidl_typesupport_fastrtps_cExport-noconfig.cmake
[11.432s] -- Installing: /home/nagi/ros2_ws/install/system_msgs/share/system_msgs/cmake/export_system_msgs__rosidl_generator_cppExport.cmake
[11.432s] -- Installing: /home/nagi/ros2_ws/install/system_msgs/share/system_msgs/cmake/export_system_msgs__rosidl_typesupport_fastrtps_cppExport.cmake
[11.433s] -- Installing: /home/nagi/ros2_ws/install/system_msgs/share/system_msgs/cmake/export_system_msgs__rosidl_typesupport_fastrtps_cppExport-noconfig.cmake
[11.433s] -- Installing: /home/nagi/ros2_ws/install/system_msgs/share/system_msgs/cmake/system_msgs__rosidl_typesupport_introspection_cExport.cmake
[11.433s] -- Installing: /home/nagi/ros2_ws/install/system_msgs/share/system_msgs/cmake/system_msgs__rosidl_typesupport_introspection_cExport-noconfig.cmake
[11.433s] -- Installing: /home/nagi/ros2_ws/install/system_msgs/share/system_msgs/cmake/system_msgs__rosidl_typesupport_cExport.cmake
[11.433s] -- Installing: /home/nagi/ros2_ws/install/system_msgs/share/system_msgs/cmake/system_msgs__rosidl_typesupport_cExport-noconfig.cmake
[11.433s] -- Installing: /home/nagi/ros2_ws/install/system_msgs/share/system_msgs/cmake/system_msgs__rosidl_typesupport_introspection_cppExport.cmake
[11.433s] -- Installing: /home/nagi/ros2_ws/install/system_msgs/share/system_msgs/cmake/system_msgs__rosidl_typesupport_introspection_cppExport-noconfig.cmake
[11.434s] -- Installing: /home/nagi/ros2_ws/install/system_msgs/share/system_msgs/cmake/system_msgs__rosidl_typesupport_cppExport.cmake
[11.434s] -- Installing: /home/nagi/ros2_ws/install/system_msgs/share/system_msgs/cmake/system_msgs__rosidl_typesupport_cppExport-noconfig.cmake
[11.434s] -- Installing: /home/nagi/ros2_ws/install/system_msgs/share/system_msgs/cmake/export_system_msgs__rosidl_generator_pyExport.cmake
[11.434s] -- Installing: /home/nagi/ros2_ws/install/system_msgs/share/system_msgs/cmake/export_system_msgs__rosidl_generator_pyExport-noconfig.cmake
[11.434s] -- Installing: /home/nagi/ros2_ws/install/system_msgs/share/system_msgs/cmake/rosidl_cmake-extras.cmake
[11.434s] -- Installing: /home/nagi/ros2_ws/install/system_msgs/share/system_msgs/cmake/ament_cmake_export_dependencies-extras.cmake
[11.434s] -- Installing: /home/nagi/ros2_ws/install/system_msgs/share/system_msgs/cmake/ament_cmake_export_include_directories-extras.cmake
[11.434s] -- Installing: /home/nagi/ros2_ws/install/system_msgs/share/system_msgs/cmake/ament_cmake_export_libraries-extras.cmake
[11.434s] -- Installing: /home/nagi/ros2_ws/install/system_msgs/share/system_msgs/cmake/ament_cmake_export_targets-extras.cmake
[11.435s] -- Installing: /home/nagi/ros2_ws/install/system_msgs/share/system_msgs/cmake/rosidl_cmake_export_typesupport_targets-extras.cmake
[11.435s] -- Installing: /home/nagi/ros2_ws/install/system_msgs/share/system_msgs/cmake/rosidl_cmake_export_typesupport_libraries-extras.cmake
[11.435s] -- Installing: /home/nagi/ros2_ws/install/system_msgs/share/system_msgs/cmake/system_msgsConfig.cmake
[11.435s] -- Installing: /home/nagi/ros2_ws/install/system_msgs/share/system_msgs/cmake/system_msgsConfig-version.cmake
[11.435s] -- Installing: /home/nagi/ros2_ws/install/system_msgs/share/system_msgs/package.xml
[11.436s] Invoked command in '/home/nagi/ros2_ws/build/system_msgs' returned '0': CMAKE_PREFIX_PATH=${CMAKE_PREFIX_PATH}:/home/nagi/ros2_ws/install/mypkg:/opt/ros/jazzy /usr/bin/cmake --install /home/nagi/ros2_ws/build/system_msgs
