[3.311s] Invoking command in '/home/nagi/ros2_ws/src/mypkg': PYTHONPATH=/home/nagi/ros2_ws/build/mypkg/prefix_override:/usr/lib/python3/dist-packages/colcon_core/task/python/colcon_distutils_commands:/home/nagi/ros2_ws/install/mypkg/lib/python3.12/site-packages:${PYTHONPATH} /usr/bin/python3 -W ignore:setup.py install is deprecated -W ignore:easy_install command is deprecated setup.py egg_info --egg-base ../../build/mypkg build --build-base /home/nagi/ros2_ws/build/mypkg/build install --record /home/nagi/ros2_ws/build/mypkg/install.log --single-version-externally-managed install_data
[3.580s] running egg_info
[3.580s] creating ../../build/mypkg/mypkg.egg-info
[3.597s] writing ../../build/mypkg/mypkg.egg-info/PKG-INFO
[3.597s] writing dependency_links to ../../build/mypkg/mypkg.egg-info/dependency_links.txt
[3.598s] writing entry points to ../../build/mypkg/mypkg.egg-info/entry_points.txt
[3.598s] writing requirements to ../../build/mypkg/mypkg.egg-info/requires.txt
[3.598s] writing top-level names to ../../build/mypkg/mypkg.egg-info/top_level.txt
[3.598s] writing manifest file '../../build/mypkg/mypkg.egg-info/SOURCES.txt'
[3.631s] reading manifest file '../../build/mypkg/mypkg.egg-info/SOURCES.txt'
[3.632s] writing manifest file '../../build/mypkg/mypkg.egg-info/SOURCES.txt'
[3.632s] running build
[3.632s] running build_py
[3.632s] creating /home/nagi/ros2_ws/build/mypkg/build
[3.633s] creating /home/nagi/ros2_ws/build/mypkg/build/lib
[3.633s] creating /home/nagi/ros2_ws/build/mypkg/build/lib/mypkg
[3.633s] copying mypkg/event.py -> /home/nagi/ros2_ws/build/mypkg/build/lib/mypkg
[3.634s] copying mypkg/judge.py -> /home/nagi/ros2_ws/build/mypkg/build/lib/mypkg
[3.635s] copying mypkg/status.py -> /home/nagi/ros2_ws/build/mypkg/build/lib/mypkg
[3.635s] copying mypkg/response.py -> /home/nagi/ros2_ws/build/mypkg/build/lib/mypkg
[3.637s] copying mypkg/__init__.py -> /home/nagi/ros2_ws/build/mypkg/build/lib/mypkg
[3.637s] running install
[3.644s] running install_lib
[3.660s] creating /home/nagi/ros2_ws/install/mypkg/lib/python3.12/site-packages/mypkg
[3.660s] copying /home/nagi/ros2_ws/build/mypkg/build/lib/mypkg/event.py -> /home/nagi/ros2_ws/install/mypkg/lib/python3.12/site-packages/mypkg
[3.660s] copying /home/nagi/ros2_ws/build/mypkg/build/lib/mypkg/judge.py -> /home/nagi/ros2_ws/install/mypkg/lib/python3.12/site-packages/mypkg
[3.660s] copying /home/nagi/ros2_ws/build/mypkg/build/lib/mypkg/status.py -> /home/nagi/ros2_ws/install/mypkg/lib/python3.12/site-packages/mypkg
[3.661s] copying /home/nagi/ros2_ws/build/mypkg/build/lib/mypkg/response.py -> /home/nagi/ros2_ws/install/mypkg/lib/python3.12/site-packages/mypkg
[3.661s] copying /home/nagi/ros2_ws/build/mypkg/build/lib/mypkg/__init__.py -> /home/nagi/ros2_ws/install/mypkg/lib/python3.12/site-packages/mypkg
[3.661s] byte-compiling /home/nagi/ros2_ws/install/mypkg/lib/python3.12/site-packages/mypkg/event.py to event.cpython-312.pyc
[3.662s] byte-compiling /home/nagi/ros2_ws/install/mypkg/lib/python3.12/site-packages/mypkg/judge.py to judge.cpython-312.pyc
[3.663s] byte-compiling /home/nagi/ros2_ws/install/mypkg/lib/python3.12/site-packages/mypkg/status.py to status.cpython-312.pyc
[3.663s] byte-compiling /home/nagi/ros2_ws/install/mypkg/lib/python3.12/site-packages/mypkg/response.py to response.cpython-312.pyc
[3.664s] byte-compiling /home/nagi/ros2_ws/install/mypkg/lib/python3.12/site-packages/mypkg/__init__.py to __init__.cpython-312.pyc
[3.664s] running install_data
[3.664s] creating /home/nagi/ros2_ws/install/mypkg/share/ament_index
[3.665s] creating /home/nagi/ros2_ws/install/mypkg/share/ament_index/resource_index
[3.665s] creating /home/nagi/ros2_ws/install/mypkg/share/ament_index/resource_index/packages
[3.665s] copying resource/mypkg -> /home/nagi/ros2_ws/install/mypkg/share/ament_index/resource_index/packages
[3.665s] copying package.xml -> /home/nagi/ros2_ws/install/mypkg/share/mypkg
[3.665s] copying launch/medicine_rm.launch.py -> /home/nagi/ros2_ws/install/mypkg/share/mypkg
[3.666s] running install_egg_info
[3.684s] Copying ../../build/mypkg/mypkg.egg-info to /home/nagi/ros2_ws/install/mypkg/lib/python3.12/site-packages/mypkg-0.0.0-py3.12.egg-info
[3.685s] running install_scripts
[3.822s] Installing event script to /home/nagi/ros2_ws/install/mypkg/lib/mypkg
[3.823s] Installing judge script to /home/nagi/ros2_ws/install/mypkg/lib/mypkg
[3.823s] Installing response script to /home/nagi/ros2_ws/install/mypkg/lib/mypkg
[3.823s] Installing status script to /home/nagi/ros2_ws/install/mypkg/lib/mypkg
[3.824s] writing list of installed files to '/home/nagi/ros2_ws/build/mypkg/install.log'
[3.853s] Invoked command in '/home/nagi/ros2_ws/src/mypkg' returned '0': PYTHONPATH=/home/nagi/ros2_ws/build/mypkg/prefix_override:/usr/lib/python3/dist-packages/colcon_core/task/python/colcon_distutils_commands:/home/nagi/ros2_ws/install/mypkg/lib/python3.12/site-packages:${PYTHONPATH} /usr/bin/python3 -W ignore:setup.py install is deprecated -W ignore:easy_install command is deprecated setup.py egg_info --egg-base ../../build/mypkg build --build-base /home/nagi/ros2_ws/build/mypkg/build install --record /home/nagi/ros2_ws/build/mypkg/install.log --single-version-externally-managed install_data
