[1.678s] Invoking command in '/home/nagi/ros2_ws/src/mypkg': PYTHONPATH=/home/nagi/ros2_ws/build/mypkg/prefix_override:/usr/lib/python3/dist-packages/colcon_core/task/python/colcon_distutils_commands:/home/nagi/ros2_ws/install/mypkg/lib/python3.12/site-packages:${PYTHONPATH} /usr/bin/python3 -W ignore:setup.py install is deprecated -W ignore:easy_install command is deprecated setup.py egg_info --egg-base ../../build/mypkg build --build-base /home/nagi/ros2_ws/build/mypkg/build install --record /home/nagi/ros2_ws/build/mypkg/install.log --single-version-externally-managed install_data
[1.889s] running egg_info
[1.889s] creating ../../build/mypkg/mypkg.egg-info
[1.903s] writing ../../build/mypkg/mypkg.egg-info/PKG-INFO
[1.903s] writing dependency_links to ../../build/mypkg/mypkg.egg-info/dependency_links.txt
[1.903s] writing entry points to ../../build/mypkg/mypkg.egg-info/entry_points.txt
[1.903s] writing requirements to ../../build/mypkg/mypkg.egg-info/requires.txt
[1.903s] writing top-level names to ../../build/mypkg/mypkg.egg-info/top_level.txt
[1.903s] writing manifest file '../../build/mypkg/mypkg.egg-info/SOURCES.txt'
[1.931s] reading manifest file '../../build/mypkg/mypkg.egg-info/SOURCES.txt'
[1.931s] writing manifest file '../../build/mypkg/mypkg.egg-info/SOURCES.txt'
[1.932s] running build
[1.932s] running build_py
[1.932s] creating /home/nagi/ros2_ws/build/mypkg/build
[1.932s] creating /home/nagi/ros2_ws/build/mypkg/build/lib
[1.932s] creating /home/nagi/ros2_ws/build/mypkg/build/lib/mypkg
[1.932s] copying mypkg/event.py -> /home/nagi/ros2_ws/build/mypkg/build/lib/mypkg
[1.932s] copying mypkg/judge.py -> /home/nagi/ros2_ws/build/mypkg/build/lib/mypkg
[1.933s] copying mypkg/status.py -> /home/nagi/ros2_ws/build/mypkg/build/lib/mypkg
[1.933s] copying mypkg/response.py -> /home/nagi/ros2_ws/build/mypkg/build/lib/mypkg
[1.933s] copying mypkg/__init__.py -> /home/nagi/ros2_ws/build/mypkg/build/lib/mypkg
[1.933s] running install
[1.938s] running install_lib
[1.951s] creating /home/nagi/ros2_ws/install/mypkg/lib/python3.12/site-packages/mypkg
[1.952s] copying /home/nagi/ros2_ws/build/mypkg/build/lib/mypkg/event.py -> /home/nagi/ros2_ws/install/mypkg/lib/python3.12/site-packages/mypkg
[1.952s] copying /home/nagi/ros2_ws/build/mypkg/build/lib/mypkg/judge.py -> /home/nagi/ros2_ws/install/mypkg/lib/python3.12/site-packages/mypkg
[1.952s] copying /home/nagi/ros2_ws/build/mypkg/build/lib/mypkg/status.py -> /home/nagi/ros2_ws/install/mypkg/lib/python3.12/site-packages/mypkg
[1.952s] copying /home/nagi/ros2_ws/build/mypkg/build/lib/mypkg/response.py -> /home/nagi/ros2_ws/install/mypkg/lib/python3.12/site-packages/mypkg
[1.952s] copying /home/nagi/ros2_ws/build/mypkg/build/lib/mypkg/__init__.py -> /home/nagi/ros2_ws/install/mypkg/lib/python3.12/site-packages/mypkg
[1.952s] byte-compiling /home/nagi/ros2_ws/install/mypkg/lib/python3.12/site-packages/mypkg/event.py to event.cpython-312.pyc
[1.953s] byte-compiling /home/nagi/ros2_ws/install/mypkg/lib/python3.12/site-packages/mypkg/judge.py to judge.cpython-312.pyc
[1.955s] byte-compiling /home/nagi/ros2_ws/install/mypkg/lib/python3.12/site-packages/mypkg/status.py to status.cpython-312.pyc
[1.955s] byte-compiling /home/nagi/ros2_ws/install/mypkg/lib/python3.12/site-packages/mypkg/response.py to response.cpython-312.pyc
[1.955s] byte-compiling /home/nagi/ros2_ws/install/mypkg/lib/python3.12/site-packages/mypkg/__init__.py to __init__.cpython-312.pyc
[1.956s] running install_data
[1.956s] creating /home/nagi/ros2_ws/install/mypkg/share/ament_index
[1.956s] creating /home/nagi/ros2_ws/install/mypkg/share/ament_index/resource_index
[1.957s] creating /home/nagi/ros2_ws/install/mypkg/share/ament_index/resource_index/packages
[1.957s] copying resource/mypkg -> /home/nagi/ros2_ws/install/mypkg/share/ament_index/resource_index/packages
[1.957s] copying package.xml -> /home/nagi/ros2_ws/install/mypkg/share/mypkg
[1.957s] copying launch/medicine_rm.launch.py -> /home/nagi/ros2_ws/install/mypkg/share/mypkg
[1.958s] running install_egg_info
[1.973s] Copying ../../build/mypkg/mypkg.egg-info to /home/nagi/ros2_ws/install/mypkg/lib/python3.12/site-packages/mypkg-0.0.0-py3.12.egg-info
[1.974s] running install_scripts
[2.074s] Installing event script to /home/nagi/ros2_ws/install/mypkg/lib/mypkg
[2.074s] Installing judge script to /home/nagi/ros2_ws/install/mypkg/lib/mypkg
[2.074s] Installing response script to /home/nagi/ros2_ws/install/mypkg/lib/mypkg
[2.074s] Installing status script to /home/nagi/ros2_ws/install/mypkg/lib/mypkg
[2.075s] writing list of installed files to '/home/nagi/ros2_ws/build/mypkg/install.log'
[2.103s] Invoked command in '/home/nagi/ros2_ws/src/mypkg' returned '0': PYTHONPATH=/home/nagi/ros2_ws/build/mypkg/prefix_override:/usr/lib/python3/dist-packages/colcon_core/task/python/colcon_distutils_commands:/home/nagi/ros2_ws/install/mypkg/lib/python3.12/site-packages:${PYTHONPATH} /usr/bin/python3 -W ignore:setup.py install is deprecated -W ignore:easy_install command is deprecated setup.py egg_info --egg-base ../../build/mypkg build --build-base /home/nagi/ros2_ws/build/mypkg/build install --record /home/nagi/ros2_ws/build/mypkg/install.log --single-version-externally-managed install_data
