/home/nagi/ros2_ws/install/mypkg/lib/python3.12/site-packages/mypkg/event.py
/home/nagi/ros2_ws/install/mypkg/lib/python3.12/site-packages/mypkg/judge.py
/home/nagi/ros2_ws/install/mypkg/lib/python3.12/site-packages/mypkg/status.py
/home/nagi/ros2_ws/install/mypkg/lib/python3.12/site-packages/mypkg/response.py
/home/nagi/ros2_ws/install/mypkg/lib/python3.12/site-packages/mypkg/__init__.py
/home/nagi/ros2_ws/install/mypkg/lib/python3.12/site-packages/mypkg/__pycache__/event.cpython-312.pyc
/home/nagi/ros2_ws/install/mypkg/lib/python3.12/site-packages/mypkg/__pycache__/judge.cpython-312.pyc
/home/nagi/ros2_ws/install/mypkg/lib/python3.12/site-packages/mypkg/__pycache__/status.cpython-312.pyc
/home/nagi/ros2_ws/install/mypkg/lib/python3.12/site-packages/mypkg/__pycache__/response.cpython-312.pyc
/home/nagi/ros2_ws/install/mypkg/lib/python3.12/site-packages/mypkg/__pycache__/__init__.cpython-312.pyc
/home/nagi/ros2_ws/install/mypkg/share/ament_index/resource_index/packages/mypkg
/home/nagi/ros2_ws/install/mypkg/share/mypkg/package.xml
/home/nagi/ros2_ws/install/mypkg/share/mypkg/medicine_rm.launch.py
/home/nagi/ros2_ws/install/mypkg/lib/python3.12/site-packages/mypkg-0.0.0-py3.12.egg-info/dependency_links.txt
/home/nagi/ros2_ws/install/mypkg/lib/python3.12/site-packages/mypkg-0.0.0-py3.12.egg-info/PKG-INFO
/home/nagi/ros2_ws/install/mypkg/lib/python3.12/site-packages/mypkg-0.0.0-py3.12.egg-info/zip-safe
/home/nagi/ros2_ws/install/mypkg/lib/python3.12/site-packages/mypkg-0.0.0-py3.12.egg-info/top_level.txt
/home/nagi/ros2_ws/install/mypkg/lib/python3.12/site-packages/mypkg-0.0.0-py3.12.egg-info/SOURCES.txt
/home/nagi/ros2_ws/install/mypkg/lib/python3.12/site-packages/mypkg-0.0.0-py3.12.egg-info/entry_points.txt
/home/nagi/ros2_ws/install/mypkg/lib/python3.12/site-packages/mypkg-0.0.0-py3.12.egg-info/requires.txt
/home/nagi/ros2_ws/install/mypkg/lib/mypkg/event
/home/nagi/ros2_ws/install/mypkg/lib/mypkg/judge
/home/nagi/ros2_ws/install/mypkg/lib/mypkg/response
/home/nagi/ros2_ws/install/mypkg/lib/mypkg/status
