[0.022s] Invoking command in '/home/nagi/ros2_ws/build/system_msgs': CMAKE_PREFIX_PATH=${CMAKE_PREFIX_PATH}:/home/nagi/ros2_ws/install/mypkg:/opt/ros/jazzy /usr/bin/cmake /home/nagi/ros2_ws/src/system_msgs -DCMAKE_INSTALL_PREFIX=/home/nagi/ros2_ws/install/system_msgs
[0.522s] -- The C compiler identification is GNU 13.3.0
[1.746s] -- The CXX compiler identification is GNU 13.3.0
[3.472s] -- Detecting C compiler ABI info
[4.459s] -- Detecting C compiler ABI info - done
[4.480s] -- Check for working C compiler: /usr/bin/cc - skipped
[4.483s] -- Detecting C compile features
[4.485s] -- Detecting C compile features - done
[5.131s] -- Detecting CXX compiler ABI info
[5.838s] -- Detecting CXX compiler ABI info - done
[5.857s] -- Check for working CXX compiler: /usr/bin/c++ - skipped
[5.857s] -- Detecting CXX compile features
[5.858s] -- Detecting CXX compile features - done
[5.890s] -- Found ament_cmake: 2.5.4 (/opt/ros/jazzy/share/ament_cmake/cmake)
[6.170s] -- Found Python3: /usr/bin/python3 (found version "3.12.3") found components: Interpreter 
[6.388s] -- Found std_msgs: 5.3.6 (/opt/ros/jazzy/share/std_msgs/cmake)
[7.005s] -- Found rosidl_generator_c: 4.6.6 (/opt/ros/jazzy/share/rosidl_generator_c/cmake)
[7.030s] -- Found rosidl_generator_cpp: 4.6.6 (/opt/ros/jazzy/share/rosidl_generator_cpp/cmake)
[7.067s] -- Using all available rosidl_typesupport_c: rosidl_typesupport_fastrtps_c;rosidl_typesupport_introspection_c
[7.106s] -- Using all available rosidl_typesupport_cpp: rosidl_typesupport_fastrtps_cpp;rosidl_typesupport_introspection_cpp
[7.170s] -- Found rosidl_default_generators: 1.6.0 (/opt/ros/jazzy/share/rosidl_default_generators/cmake)
[7.193s] -- Found rosidl_adapter: 4.6.6 (/opt/ros/jazzy/share/rosidl_adapter/cmake)
[7.970s] -- Found ament_cmake_ros: 0.12.0 (/opt/ros/jazzy/share/ament_cmake_ros/cmake)
[9.081s] -- Using all available rosidl_typesupport_c: rosidl_typesupport_fastrtps_c;rosidl_typesupport_introspection_c
[9.541s] -- Using all available rosidl_typesupport_cpp: rosidl_typesupport_fastrtps_cpp;rosidl_typesupport_introspection_cpp
[9.548s] -- Found python_cmake_module: 0.11.1 (/opt/ros/jazzy/share/python_cmake_module/cmake)
[9.775s] -- Found PythonExtra: /usr/bin/python3  
[10.575s] -- Found Python3: /usr/bin/python3 (found version "3.12.3") found components: Interpreter Development NumPy Development.Module Development.Embed 
[10.657s] -- Found ament_lint_auto: 0.17.3 (/opt/ros/jazzy/share/ament_lint_auto/cmake)
[10.739s] -- Added test 'lint_cmake' to check CMake code style
[10.743s] -- Added test 'xmllint' to check XML markup files
[10.747s] -- Configuring done (10.6s)
[10.818s] -- Generating done (0.1s)
[10.832s] -- Build files have been written to: /home/nagi/ros2_ws/build/system_msgs
[10.841s] Invoked command in '/home/nagi/ros2_ws/build/system_msgs' returned '0': CMAKE_PREFIX_PATH=${CMAKE_PREFIX_PATH}:/home/nagi/ros2_ws/install/mypkg:/opt/ros/jazzy /usr/bin/cmake /home/nagi/ros2_ws/src/system_msgs -DCMAKE_INSTALL_PREFIX=/home/nagi/ros2_ws/install/system_msgs
[10.842s] Invoking command in '/home/nagi/ros2_ws/build/system_msgs': CMAKE_PREFIX_PATH=${CMAKE_PREFIX_PATH}:/home/nagi/ros2_ws/install/mypkg:/opt/ros/jazzy /usr/bin/cmake --build /home/nagi/ros2_ws/build/system_msgs -- -j20 -l20
[10.901s] [  1%] [34m[1mGenerating type hashes for ROS interfaces[0m
[10.911s] [  1%] Built target ament_cmake_python_copy_system_msgs
[11.140s] running egg_info
[11.141s] creating system_msgs.egg-info
[11.157s] writing system_msgs.egg-info/PKG-INFO
[11.158s] writing dependency_links to system_msgs.egg-info/dependency_links.txt
[11.159s] writing top-level names to system_msgs.egg-info/top_level.txt
[11.159s] writing manifest file 'system_msgs.egg-info/SOURCES.txt'
[11.219s] [  1%] Built target system_msgs__rosidl_generator_type_description
[11.223s] reading manifest file 'system_msgs.egg-info/SOURCES.txt'
[11.224s] writing manifest file 'system_msgs.egg-info/SOURCES.txt'
[11.231s] [  3%] [34m[1mGenerating C code for ROS interfaces[0m
[11.243s] [  4%] [34m[1mGenerating C++ code for ROS interfaces[0m
[11.254s] [  4%] Built target ament_cmake_python_build_system_msgs_egg
[11.755s] [  4%] Built target system_msgs__cpp
[11.841s] [  6%] [32mBuilding C object CMakeFiles/system_msgs__rosidl_generator_c.dir/rosidl_generator_c/system_msgs/msg/detail/rm_event__type_support.c.o[0m
[11.842s] [  7%] [32mBuilding C object CMakeFiles/system_msgs__rosidl_generator_c.dir/rosidl_generator_c/system_msgs/msg/detail/rm_event__description.c.o[0m
[11.843s] [  9%] [32mBuilding C object CMakeFiles/system_msgs__rosidl_generator_c.dir/rosidl_generator_c/system_msgs/msg/detail/rm_event__functions.c.o[0m
[11.844s] [ 10%] [32mBuilding C object CMakeFiles/system_msgs__rosidl_generator_c.dir/rosidl_generator_c/system_msgs/msg/detail/rm_notioncmd__description.c.o[0m
[11.845s] [ 12%] [32mBuilding C object CMakeFiles/system_msgs__rosidl_generator_c.dir/rosidl_generator_c/system_msgs/msg/detail/rm_notioncmd__functions.c.o[0m
[11.851s] [ 14%] [32mBuilding C object CMakeFiles/system_msgs__rosidl_generator_c.dir/rosidl_generator_c/system_msgs/msg/detail/rm_notioncmd__type_support.c.o[0m
[11.853s] [ 15%] [32mBuilding C object CMakeFiles/system_msgs__rosidl_generator_c.dir/rosidl_generator_c/system_msgs/msg/detail/rm_status__description.c.o[0m
[11.853s] [ 17%] [32mBuilding C object CMakeFiles/system_msgs__rosidl_generator_c.dir/rosidl_generator_c/system_msgs/msg/detail/rm_status__type_support.c.o[0m
[11.854s] [ 20%] [32mBuilding C object CMakeFiles/system_msgs__rosidl_generator_c.dir/rosidl_generator_c/system_msgs/msg/detail/rm_status__functions.c.o[0m
[11.855s] [ 20%] [32mBuilding C object CMakeFiles/system_msgs__rosidl_generator_c.dir/rosidl_generator_c/system_msgs/msg/detail/response__description.c.o[0m
[11.857s] [ 21%] [32mBuilding C object CMakeFiles/system_msgs__rosidl_generator_c.dir/rosidl_generator_c/system_msgs/msg/detail/response__type_support.c.o[0m
[11.860s] [ 23%] [32mBuilding C object CMakeFiles/system_msgs__rosidl_generator_c.dir/rosidl_generator_c/system_msgs/msg/detail/response__functions.c.o[0m
[11.952s] [ 25%] [32m[1mLinking C shared library libsystem_msgs__rosidl_generator_c.so[0m
[12.251s] [ 25%] Built target system_msgs__rosidl_generator_c
[12.263s] [ 26%] [34m[1mGenerating C++ type support for eProsima Fast-RTPS[0m
[12.265s] [ 28%] [34m[1mGenerating C++ type support dispatch for ROS interfaces[0m
[12.266s] [ 29%] [34m[1mGenerating C type support for eProsima Fast-RTPS[0m
[12.266s] [ 31%] [34m[1mGenerating C introspection for ROS interfaces[0m
[12.271s] [ 32%] [34m[1mGenerating C++ introspection for ROS interfaces[0m
[12.271s] [ 34%] [34m[1mGenerating C type support dispatch for ROS interfaces[0m
[12.700s] [ 35%] [32mBuilding CXX object CMakeFiles/system_msgs__rosidl_typesupport_c.dir/rosidl_typesupport_c/system_msgs/msg/rm_notioncmd__type_support.cpp.o[0m
[12.701s] [ 37%] [32mBuilding CXX object CMakeFiles/system_msgs__rosidl_typesupport_c.dir/rosidl_typesupport_c/system_msgs/msg/rm_status__type_support.cpp.o[0m
[12.701s] [ 39%] [32mBuilding CXX object CMakeFiles/system_msgs__rosidl_typesupport_c.dir/rosidl_typesupport_c/system_msgs/msg/rm_event__type_support.cpp.o[0m
[12.702s] [ 40%] [32mBuilding CXX object CMakeFiles/system_msgs__rosidl_typesupport_cpp.dir/rosidl_typesupport_cpp/system_msgs/msg/rm_event__type_support.cpp.o[0m
[12.703s] [ 43%] [32mBuilding CXX object CMakeFiles/system_msgs__rosidl_typesupport_c.dir/rosidl_typesupport_c/system_msgs/msg/response__type_support.cpp.o[0m
[12.703s] [ 43%] [32mBuilding CXX object CMakeFiles/system_msgs__rosidl_typesupport_cpp.dir/rosidl_typesupport_cpp/system_msgs/msg/rm_notioncmd__type_support.cpp.o[0m
[12.704s] [ 45%] [32mBuilding CXX object CMakeFiles/system_msgs__rosidl_typesupport_cpp.dir/rosidl_typesupport_cpp/system_msgs/msg/response__type_support.cpp.o[0m
[12.706s] [ 46%] [32mBuilding CXX object CMakeFiles/system_msgs__rosidl_typesupport_cpp.dir/rosidl_typesupport_cpp/system_msgs/msg/rm_status__type_support.cpp.o[0m
[12.719s] [ 48%] [32mBuilding CXX object CMakeFiles/system_msgs__rosidl_typesupport_introspection_cpp.dir/rosidl_typesupport_introspection_cpp/system_msgs/msg/detail/rm_event__type_support.cpp.o[0m
[12.721s] [ 51%] [32mBuilding CXX object CMakeFiles/system_msgs__rosidl_typesupport_introspection_cpp.dir/rosidl_typesupport_introspection_cpp/system_msgs/msg/detail/rm_notioncmd__type_support.cpp.o[0m
[12.721s] [ 51%] [32mBuilding CXX object CMakeFiles/system_msgs__rosidl_typesupport_introspection_cpp.dir/rosidl_typesupport_introspection_cpp/system_msgs/msg/detail/rm_status__type_support.cpp.o[0m
[12.725s] [ 53%] [32mBuilding CXX object CMakeFiles/system_msgs__rosidl_typesupport_introspection_cpp.dir/rosidl_typesupport_introspection_cpp/system_msgs/msg/detail/response__type_support.cpp.o[0m
[12.778s] [ 54%] [32m[1mLinking CXX shared library libsystem_msgs__rosidl_typesupport_c.so[0m
[12.800s] [ 56%] [32mBuilding C object CMakeFiles/system_msgs__rosidl_typesupport_introspection_c.dir/rosidl_typesupport_introspection_c/system_msgs/msg/detail/rm_event__type_support.c.o[0m
[12.801s] [ 57%] [32mBuilding C object CMakeFiles/system_msgs__rosidl_typesupport_introspection_c.dir/rosidl_typesupport_introspection_c/system_msgs/msg/detail/response__type_support.c.o[0m
[12.801s] [ 59%] [32mBuilding C object CMakeFiles/system_msgs__rosidl_typesupport_introspection_c.dir/rosidl_typesupport_introspection_c/system_msgs/msg/detail/rm_notioncmd__type_support.c.o[0m
[12.802s] [ 60%] [32mBuilding C object CMakeFiles/system_msgs__rosidl_typesupport_introspection_c.dir/rosidl_typesupport_introspection_c/system_msgs/msg/detail/rm_status__type_support.c.o[0m
[12.857s] [ 64%] [32mBuilding CXX object CMakeFiles/system_msgs__rosidl_typesupport_fastrtps_cpp.dir/rosidl_typesupport_fastrtps_cpp/system_msgs/msg/detail/dds_fastrtps/rm_notioncmd__type_support.cpp.o[0m
[12.857s] [ 64%] [32mBuilding CXX object CMakeFiles/system_msgs__rosidl_typesupport_fastrtps_cpp.dir/rosidl_typesupport_fastrtps_cpp/system_msgs/msg/detail/dds_fastrtps/rm_event__type_support.cpp.o[0m
[12.858s] [ 65%] [32mBuilding CXX object CMakeFiles/system_msgs__rosidl_typesupport_fastrtps_cpp.dir/rosidl_typesupport_fastrtps_cpp/system_msgs/msg/detail/dds_fastrtps/response__type_support.cpp.o[0m
[12.861s] [ 67%] [32mBuilding CXX object CMakeFiles/system_msgs__rosidl_typesupport_fastrtps_cpp.dir/rosidl_typesupport_fastrtps_cpp/system_msgs/msg/detail/dds_fastrtps/rm_status__type_support.cpp.o[0m
[12.866s] [ 68%] [32m[1mLinking C shared library libsystem_msgs__rosidl_typesupport_introspection_c.so[0m
[12.911s] [ 70%] [32mBuilding CXX object CMakeFiles/system_msgs__rosidl_typesupport_fastrtps_c.dir/rosidl_typesupport_fastrtps_c/system_msgs/msg/detail/rm_event__type_support_c.cpp.o[0m
[12.913s] [ 71%] [32mBuilding CXX object CMakeFiles/system_msgs__rosidl_typesupport_fastrtps_c.dir/rosidl_typesupport_fastrtps_c/system_msgs/msg/detail/rm_notioncmd__type_support_c.cpp.o[0m
[12.917s] [ 73%] [32mBuilding CXX object CMakeFiles/system_msgs__rosidl_typesupport_fastrtps_c.dir/rosidl_typesupport_fastrtps_c/system_msgs/msg/detail/response__type_support_c.cpp.o[0m
[12.918s] [ 75%] [32mBuilding CXX object CMakeFiles/system_msgs__rosidl_typesupport_fastrtps_c.dir/rosidl_typesupport_fastrtps_c/system_msgs/msg/detail/rm_status__type_support_c.cpp.o[0m
[13.008s] [ 75%] Built target system_msgs__rosidl_typesupport_c
[13.046s] [ 75%] Built target system_msgs__rosidl_typesupport_introspection_c
[13.334s] [ 76%] [32m[1mLinking CXX shared library libsystem_msgs__rosidl_typesupport_introspection_cpp.so[0m
[13.334s] [ 78%] [32m[1mLinking CXX shared library libsystem_msgs__rosidl_typesupport_cpp.so[0m
[13.439s] [ 78%] Built target system_msgs__rosidl_typesupport_cpp
[13.472s] [ 78%] Built target system_msgs__rosidl_typesupport_introspection_cpp
[13.653s] [ 79%] [32m[1mLinking CXX shared library libsystem_msgs__rosidl_typesupport_fastrtps_cpp.so[0m
[13.674s] [ 81%] [32m[1mLinking CXX shared library libsystem_msgs__rosidl_typesupport_fastrtps_c.so[0m
[13.775s] [ 81%] Built target system_msgs__rosidl_typesupport_fastrtps_cpp
[13.888s] [ 81%] Built target system_msgs__rosidl_typesupport_fastrtps_c
[13.911s] [ 81%] Built target system_msgs
[13.934s] [ 82%] [34m[1mGenerating Python code for ROS interfaces[0m
[14.525s] [ 82%] Built target system_msgs__py
[14.555s] [ 84%] [32mBuilding C object CMakeFiles/system_msgs__rosidl_generator_py.dir/rosidl_generator_py/system_msgs/msg/_rm_event_s.c.o[0m
[14.556s] [ 85%] [32mBuilding C object CMakeFiles/system_msgs__rosidl_generator_py.dir/rosidl_generator_py/system_msgs/msg/_rm_notioncmd_s.c.o[0m
[14.556s] [ 87%] [32mBuilding C object CMakeFiles/system_msgs__rosidl_generator_py.dir/rosidl_generator_py/system_msgs/msg/_rm_status_s.c.o[0m
[14.557s] [ 89%] [32mBuilding C object CMakeFiles/system_msgs__rosidl_generator_py.dir/rosidl_generator_py/system_msgs/msg/_response_s.c.o[0m
[14.755s] [ 90%] [32m[1mLinking C shared library libsystem_msgs__rosidl_generator_py.so[0m
[15.323s] [ 90%] Built target system_msgs__rosidl_generator_py
[15.349s] [ 92%] [32mBuilding C object CMakeFiles/system_msgs_s__rosidl_typesupport_introspection_c.dir/rosidl_generator_py/system_msgs/_system_msgs_s.ep.rosidl_typesupport_introspection_c.c.o[0m
[15.352s] [ 93%] [32mBuilding C object CMakeFiles/system_msgs_s__rosidl_typesupport_c.dir/rosidl_generator_py/system_msgs/_system_msgs_s.ep.rosidl_typesupport_c.c.o[0m
[15.352s] [ 95%] [32mBuilding C object CMakeFiles/system_msgs_s__rosidl_typesupport_fastrtps_c.dir/rosidl_generator_py/system_msgs/_system_msgs_s.ep.rosidl_typesupport_fastrtps_c.c.o[0m
[15.478s] [ 96%] [32m[1mLinking C shared module rosidl_generator_py/system_msgs/system_msgs_s__rosidl_typesupport_introspection_c.so[0m
[15.493s] [ 98%] [32m[1mLinking C shared module rosidl_generator_py/system_msgs/system_msgs_s__rosidl_typesupport_c.so[0m
[15.502s] [100%] [32m[1mLinking C shared module rosidl_generator_py/system_msgs/system_msgs_s__rosidl_typesupport_fastrtps_c.so[0m
[15.567s] [100%] Built target system_msgs_s__rosidl_typesupport_introspection_c
[15.569s] [100%] Built target system_msgs_s__rosidl_typesupport_c
[15.588s] [100%] Built target system_msgs_s__rosidl_typesupport_fastrtps_c
[15.601s] Invoked command in '/home/nagi/ros2_ws/build/system_msgs' returned '0': CMAKE_PREFIX_PATH=${CMAKE_PREFIX_PATH}:/home/nagi/ros2_ws/install/mypkg:/opt/ros/jazzy /usr/bin/cmake --build /home/nagi/ros2_ws/build/system_msgs -- -j20 -l20
[15.613s] Invoking command in '/home/nagi/ros2_ws/build/system_msgs': CMAKE_PREFIX_PATH=${CMAKE_PREFIX_PATH}:/home/nagi/ros2_ws/install/mypkg:/opt/ros/jazzy /usr/bin/cmake --install /home/nagi/ros2_ws/build/system_msgs
[15.621s] -- Install configuration: ""
[15.622s] -- Installing: /home/nagi/ros2_ws/install/system_msgs/share/ament_index/resource_index/rosidl_interfaces/system_msgs
[15.623s] -- Installing: /home/nagi/ros2_ws/install/system_msgs/share/system_msgs/msg/RmEvent.json
[15.623s] -- Installing: /home/nagi/ros2_ws/install/system_msgs/share/system_msgs/msg/RmNotioncmd.json
[15.623s] -- Installing: /home/nagi/ros2_ws/install/system_msgs/share/system_msgs/msg/RmStatus.json
[15.624s] -- Installing: /home/nagi/ros2_ws/install/system_msgs/share/system_msgs/msg/Response.json
[15.624s] -- Installing: /home/nagi/ros2_ws/install/system_msgs/include/system_msgs/system_msgs
[15.624s] -- Installing: /home/nagi/ros2_ws/install/system_msgs/include/system_msgs/system_msgs/msg
[15.624s] -- Installing: /home/nagi/ros2_ws/install/system_msgs/include/system_msgs/system_msgs/msg/rm_notioncmd.h
[15.625s] -- Installing: /home/nagi/ros2_ws/install/system_msgs/include/system_msgs/system_msgs/msg/rm_event.h
[15.625s] -- Installing: /home/nagi/ros2_ws/install/system_msgs/include/system_msgs/system_msgs/msg/rosidl_generator_c__visibility_control.h
[15.625s] -- Installing: /home/nagi/ros2_ws/install/system_msgs/include/system_msgs/system_msgs/msg/response.h
[15.626s] -- Installing: /home/nagi/ros2_ws/install/system_msgs/include/system_msgs/system_msgs/msg/rm_status.h
[15.626s] -- Installing: /home/nagi/ros2_ws/install/system_msgs/include/system_msgs/system_msgs/msg/detail
[15.626s] -- Installing: /home/nagi/ros2_ws/install/system_msgs/include/system_msgs/system_msgs/msg/detail/rm_notioncmd__type_support.c
[15.626s] -- Installing: /home/nagi/ros2_ws/install/system_msgs/include/system_msgs/system_msgs/msg/detail/response__functions.c
[15.627s] -- Installing: /home/nagi/ros2_ws/install/system_msgs/include/system_msgs/system_msgs/msg/detail/rm_notioncmd__description.c
[15.627s] -- Installing: /home/nagi/ros2_ws/install/system_msgs/include/system_msgs/system_msgs/msg/detail/rm_event__struct.h
[15.627s] -- Installing: /home/nagi/ros2_ws/install/system_msgs/include/system_msgs/system_msgs/msg/detail/rm_event__type_support.h
[15.627s] -- Installing: /home/nagi/ros2_ws/install/system_msgs/include/system_msgs/system_msgs/msg/detail/rm_notioncmd__functions.h
[15.628s] -- Installing: /home/nagi/ros2_ws/install/system_msgs/include/system_msgs/system_msgs/msg/detail/response__type_support.c
[15.628s] -- Installing: /home/nagi/ros2_ws/install/system_msgs/include/system_msgs/system_msgs/msg/detail/rm_event__type_support.c
[15.628s] -- Installing: /home/nagi/ros2_ws/install/system_msgs/include/system_msgs/system_msgs/msg/detail/rm_status__type_support.h
[15.628s] -- Installing: /home/nagi/ros2_ws/install/system_msgs/include/system_msgs/system_msgs/msg/detail/rm_status__type_support.c
[15.628s] -- Installing: /home/nagi/ros2_ws/install/system_msgs/include/system_msgs/system_msgs/msg/detail/rm_notioncmd__struct.h
[15.628s] -- Installing: /home/nagi/ros2_ws/install/system_msgs/include/system_msgs/system_msgs/msg/detail/rm_status__functions.h
[15.629s] -- Installing: /home/nagi/ros2_ws/install/system_msgs/include/system_msgs/system_msgs/msg/detail/response__struct.h
[15.629s] -- Installing: /home/nagi/ros2_ws/install/system_msgs/include/system_msgs/system_msgs/msg/detail/response__functions.h
[15.629s] -- Installing: /home/nagi/ros2_ws/install/system_msgs/include/system_msgs/system_msgs/msg/detail/rm_notioncmd__type_support.h
[15.629s] -- Installing: /home/nagi/ros2_ws/install/system_msgs/include/system_msgs/system_msgs/msg/detail/rm_event__functions.c
[15.630s] -- Installing: /home/nagi/ros2_ws/install/system_msgs/include/system_msgs/system_msgs/msg/detail/rm_status__functions.c
[15.630s] -- Installing: /home/nagi/ros2_ws/install/system_msgs/include/system_msgs/system_msgs/msg/detail/rm_status__struct.h
[15.630s] -- Installing: /home/nagi/ros2_ws/install/system_msgs/include/system_msgs/system_msgs/msg/detail/response__type_support.h
[15.630s] -- Installing: /home/nagi/ros2_ws/install/system_msgs/include/system_msgs/system_msgs/msg/detail/rm_notioncmd__functions.c
[15.630s] -- Installing: /home/nagi/ros2_ws/install/system_msgs/include/system_msgs/system_msgs/msg/detail/rm_status__description.c
[15.630s] -- Installing: /home/nagi/ros2_ws/install/system_msgs/include/system_msgs/system_msgs/msg/detail/rm_event__description.c
[15.631s] -- Installing: /home/nagi/ros2_ws/install/system_msgs/include/system_msgs/system_msgs/msg/detail/response__description.c
[15.631s] -- Installing: /home/nagi/ros2_ws/install/system_msgs/include/system_msgs/system_msgs/msg/detail/rm_event__functions.h
[15.631s] -- Installing: /home/nagi/ros2_ws/install/system_msgs/share/system_msgs/environment/library_path.sh
[15.631s] -- Installing: /home/nagi/ros2_ws/install/system_msgs/share/system_msgs/environment/library_path.dsv
[15.631s] -- Installing: /home/nagi/ros2_ws/install/system_msgs/lib/libsystem_msgs__rosidl_generator_c.so
[15.632s] -- Set non-toolchain portion of runtime path of "/home/nagi/ros2_ws/install/system_msgs/lib/libsystem_msgs__rosidl_generator_c.so" to ""
[15.632s] -- Up-to-date: /home/nagi/ros2_ws/install/system_msgs/include/system_msgs/system_msgs
[15.632s] -- Up-to-date: /home/nagi/ros2_ws/install/system_msgs/include/system_msgs/system_msgs/msg
[15.632s] -- Installing: /home/nagi/ros2_ws/install/system_msgs/include/system_msgs/system_msgs/msg/rosidl_typesupport_fastrtps_c__visibility_control.h
[15.633s] -- Up-to-date: /home/nagi/ros2_ws/install/system_msgs/include/system_msgs/system_msgs/msg/detail
[15.633s] -- Installing: /home/nagi/ros2_ws/install/system_msgs/include/system_msgs/system_msgs/msg/detail/rm_event__rosidl_typesupport_fastrtps_c.h
[15.633s] -- Installing: /home/nagi/ros2_ws/install/system_msgs/include/system_msgs/system_msgs/msg/detail/rm_notioncmd__rosidl_typesupport_fastrtps_c.h
[15.633s] -- Installing: /home/nagi/ros2_ws/install/system_msgs/include/system_msgs/system_msgs/msg/detail/response__rosidl_typesupport_fastrtps_c.h
[15.633s] -- Installing: /home/nagi/ros2_ws/install/system_msgs/include/system_msgs/system_msgs/msg/detail/rm_status__rosidl_typesupport_fastrtps_c.h
[15.634s] -- Installing: /home/nagi/ros2_ws/install/system_msgs/lib/libsystem_msgs__rosidl_typesupport_fastrtps_c.so
[15.634s] -- Set non-toolchain portion of runtime path of "/home/nagi/ros2_ws/install/system_msgs/lib/libsystem_msgs__rosidl_typesupport_fastrtps_c.so" to ""
[15.634s] -- Up-to-date: /home/nagi/ros2_ws/install/system_msgs/include/system_msgs/system_msgs
[15.634s] -- Up-to-date: /home/nagi/ros2_ws/install/system_msgs/include/system_msgs/system_msgs/msg
[15.634s] -- Installing: /home/nagi/ros2_ws/install/system_msgs/include/system_msgs/system_msgs/msg/rm_status.hpp
[15.634s] -- Installing: /home/nagi/ros2_ws/install/system_msgs/include/system_msgs/system_msgs/msg/rm_notioncmd.hpp
[15.635s] -- Installing: /home/nagi/ros2_ws/install/system_msgs/include/system_msgs/system_msgs/msg/response.hpp
[15.635s] -- Up-to-date: /home/nagi/ros2_ws/install/system_msgs/include/system_msgs/system_msgs/msg/detail
[15.635s] -- Installing: /home/nagi/ros2_ws/install/system_msgs/include/system_msgs/system_msgs/msg/detail/response__traits.hpp
[15.635s] -- Installing: /home/nagi/ros2_ws/install/system_msgs/include/system_msgs/system_msgs/msg/detail/rm_notioncmd__builder.hpp
[15.635s] -- Installing: /home/nagi/ros2_ws/install/system_msgs/include/system_msgs/system_msgs/msg/detail/rm_notioncmd__traits.hpp
[15.636s] -- Installing: /home/nagi/ros2_ws/install/system_msgs/include/system_msgs/system_msgs/msg/detail/response__struct.hpp
[15.636s] -- Installing: /home/nagi/ros2_ws/install/system_msgs/include/system_msgs/system_msgs/msg/detail/rm_status__traits.hpp
[15.636s] -- Installing: /home/nagi/ros2_ws/install/system_msgs/include/system_msgs/system_msgs/msg/detail/rm_event__type_support.hpp
[15.636s] -- Installing: /home/nagi/ros2_ws/install/system_msgs/include/system_msgs/system_msgs/msg/detail/rm_status__type_support.hpp
[15.636s] -- Installing: /home/nagi/ros2_ws/install/system_msgs/include/system_msgs/system_msgs/msg/detail/rm_notioncmd__type_support.hpp
[15.637s] -- Installing: /home/nagi/ros2_ws/install/system_msgs/include/system_msgs/system_msgs/msg/detail/rm_status__builder.hpp
[15.637s] -- Installing: /home/nagi/ros2_ws/install/system_msgs/include/system_msgs/system_msgs/msg/detail/rm_event__builder.hpp
[15.637s] -- Installing: /home/nagi/ros2_ws/install/system_msgs/include/system_msgs/system_msgs/msg/detail/rm_event__traits.hpp
[15.637s] -- Installing: /home/nagi/ros2_ws/install/system_msgs/include/system_msgs/system_msgs/msg/detail/rm_event__struct.hpp
[15.637s] -- Installing: /home/nagi/ros2_ws/install/system_msgs/include/system_msgs/system_msgs/msg/detail/rm_status__struct.hpp
[15.637s] -- Installing: /home/nagi/ros2_ws/install/system_msgs/include/system_msgs/system_msgs/msg/detail/rm_notioncmd__struct.hpp
[15.638s] -- Installing: /home/nagi/ros2_ws/install/system_msgs/include/system_msgs/system_msgs/msg/detail/response__builder.hpp
[15.638s] -- Installing: /home/nagi/ros2_ws/install/system_msgs/include/system_msgs/system_msgs/msg/detail/response__type_support.hpp
[15.638s] -- Installing: /home/nagi/ros2_ws/install/system_msgs/include/system_msgs/system_msgs/msg/rosidl_generator_cpp__visibility_control.hpp
[15.638s] -- Installing: /home/nagi/ros2_ws/install/system_msgs/include/system_msgs/system_msgs/msg/rm_event.hpp
[15.638s] -- Up-to-date: /home/nagi/ros2_ws/install/system_msgs/include/system_msgs/system_msgs
[15.639s] -- Up-to-date: /home/nagi/ros2_ws/install/system_msgs/include/system_msgs/system_msgs/msg
[15.639s] -- Installing: /home/nagi/ros2_ws/install/system_msgs/include/system_msgs/system_msgs/msg/rosidl_typesupport_fastrtps_cpp__visibility_control.h
[15.639s] -- Up-to-date: /home/nagi/ros2_ws/install/system_msgs/include/system_msgs/system_msgs/msg/detail
[15.640s] -- Installing: /home/nagi/ros2_ws/install/system_msgs/include/system_msgs/system_msgs/msg/detail/rm_status__rosidl_typesupport_fastrtps_cpp.hpp
[15.640s] -- Installing: /home/nagi/ros2_ws/install/system_msgs/include/system_msgs/system_msgs/msg/detail/dds_fastrtps
[15.640s] -- Installing: /home/nagi/ros2_ws/install/system_msgs/include/system_msgs/system_msgs/msg/detail/rm_notioncmd__rosidl_typesupport_fastrtps_cpp.hpp
[15.640s] -- Installing: /home/nagi/ros2_ws/install/system_msgs/include/system_msgs/system_msgs/msg/detail/rm_event__rosidl_typesupport_fastrtps_cpp.hpp
[15.641s] -- Installing: /home/nagi/ros2_ws/install/system_msgs/include/system_msgs/system_msgs/msg/detail/response__rosidl_typesupport_fastrtps_cpp.hpp
[15.641s] -- Installing: /home/nagi/ros2_ws/install/system_msgs/lib/libsystem_msgs__rosidl_typesupport_fastrtps_cpp.so
[15.641s] -- Set non-toolchain portion of runtime path of "/home/nagi/ros2_ws/install/system_msgs/lib/libsystem_msgs__rosidl_typesupport_fastrtps_cpp.so" to ""
[15.641s] -- Up-to-date: /home/nagi/ros2_ws/install/system_msgs/include/system_msgs/system_msgs
[15.642s] -- Up-to-date: /home/nagi/ros2_ws/install/system_msgs/include/system_msgs/system_msgs/msg
[15.642s] -- Installing: /home/nagi/ros2_ws/install/system_msgs/include/system_msgs/system_msgs/msg/rosidl_typesupport_introspection_c__visibility_control.h
[15.642s] -- Up-to-date: /home/nagi/ros2_ws/install/system_msgs/include/system_msgs/system_msgs/msg/detail
[15.642s] -- Installing: /home/nagi/ros2_ws/install/system_msgs/include/system_msgs/system_msgs/msg/detail/rm_notioncmd__type_support.c
[15.642s] -- Installing: /home/nagi/ros2_ws/install/system_msgs/include/system_msgs/system_msgs/msg/detail/rm_event__rosidl_typesupport_introspection_c.h
[15.643s] -- Installing: /home/nagi/ros2_ws/install/system_msgs/include/system_msgs/system_msgs/msg/detail/rm_status__rosidl_typesupport_introspection_c.h
[15.643s] -- Installing: /home/nagi/ros2_ws/install/system_msgs/include/system_msgs/system_msgs/msg/detail/response__type_support.c
[15.643s] -- Installing: /home/nagi/ros2_ws/install/system_msgs/include/system_msgs/system_msgs/msg/detail/rm_event__type_support.c
[15.643s] -- Installing: /home/nagi/ros2_ws/install/system_msgs/include/system_msgs/system_msgs/msg/detail/rm_notioncmd__rosidl_typesupport_introspection_c.h
[15.644s] -- Installing: /home/nagi/ros2_ws/install/system_msgs/include/system_msgs/system_msgs/msg/detail/rm_status__type_support.c
[15.644s] -- Installing: /home/nagi/ros2_ws/install/system_msgs/include/system_msgs/system_msgs/msg/detail/response__rosidl_typesupport_introspection_c.h
[15.644s] -- Installing: /home/nagi/ros2_ws/install/system_msgs/lib/libsystem_msgs__rosidl_typesupport_introspection_c.so
[15.644s] -- Set non-toolchain portion of runtime path of "/home/nagi/ros2_ws/install/system_msgs/lib/libsystem_msgs__rosidl_typesupport_introspection_c.so" to ""
[15.645s] -- Installing: /home/nagi/ros2_ws/install/system_msgs/lib/libsystem_msgs__rosidl_typesupport_c.so
[15.645s] -- Set non-toolchain portion of runtime path of "/home/nagi/ros2_ws/install/system_msgs/lib/libsystem_msgs__rosidl_typesupport_c.so" to ""
[15.645s] -- Up-to-date: /home/nagi/ros2_ws/install/system_msgs/include/system_msgs/system_msgs
[15.645s] -- Up-to-date: /home/nagi/ros2_ws/install/system_msgs/include/system_msgs/system_msgs/msg
[15.646s] -- Up-to-date: /home/nagi/ros2_ws/install/system_msgs/include/system_msgs/system_msgs/msg/detail
[15.646s] -- Installing: /home/nagi/ros2_ws/install/system_msgs/include/system_msgs/system_msgs/msg/detail/rm_notioncmd__rosidl_typesupport_introspection_cpp.hpp
[15.646s] -- Installing: /home/nagi/ros2_ws/install/system_msgs/include/system_msgs/system_msgs/msg/detail/rm_event__type_support.cpp
[15.646s] -- Installing: /home/nagi/ros2_ws/install/system_msgs/include/system_msgs/system_msgs/msg/detail/rm_notioncmd__type_support.cpp
[15.647s] -- Installing: /home/nagi/ros2_ws/install/system_msgs/include/system_msgs/system_msgs/msg/detail/rm_status__rosidl_typesupport_introspection_cpp.hpp
[15.647s] -- Installing: /home/nagi/ros2_ws/install/system_msgs/include/system_msgs/system_msgs/msg/detail/rm_event__rosidl_typesupport_introspection_cpp.hpp
[15.647s] -- Installing: /home/nagi/ros2_ws/install/system_msgs/include/system_msgs/system_msgs/msg/detail/response__rosidl_typesupport_introspection_cpp.hpp
[15.647s] -- Installing: /home/nagi/ros2_ws/install/system_msgs/include/system_msgs/system_msgs/msg/detail/response__type_support.cpp
[15.648s] -- Installing: /home/nagi/ros2_ws/install/system_msgs/include/system_msgs/system_msgs/msg/detail/rm_status__type_support.cpp
[15.648s] -- Installing: /home/nagi/ros2_ws/install/system_msgs/lib/libsystem_msgs__rosidl_typesupport_introspection_cpp.so
[15.648s] -- Set non-toolchain portion of runtime path of "/home/nagi/ros2_ws/install/system_msgs/lib/libsystem_msgs__rosidl_typesupport_introspection_cpp.so" to ""
[15.648s] -- Installing: /home/nagi/ros2_ws/install/system_msgs/lib/libsystem_msgs__rosidl_typesupport_cpp.so
[15.648s] -- Set non-toolchain portion of runtime path of "/home/nagi/ros2_ws/install/system_msgs/lib/libsystem_msgs__rosidl_typesupport_cpp.so" to ""
[15.649s] -- Installing: /home/nagi/ros2_ws/install/system_msgs/share/system_msgs/environment/pythonpath.sh
[15.649s] -- Installing: /home/nagi/ros2_ws/install/system_msgs/share/system_msgs/environment/pythonpath.dsv
[15.649s] -- Installing: /home/nagi/ros2_ws/install/system_msgs/lib/python3.12/site-packages/system_msgs-0.0.0-py3.12.egg-info
[15.649s] -- Installing: /home/nagi/ros2_ws/install/system_msgs/lib/python3.12/site-packages/system_msgs-0.0.0-py3.12.egg-info/dependency_links.txt
[15.649s] -- Installing: /home/nagi/ros2_ws/install/system_msgs/lib/python3.12/site-packages/system_msgs-0.0.0-py3.12.egg-info/PKG-INFO
[15.649s] -- Installing: /home/nagi/ros2_ws/install/system_msgs/lib/python3.12/site-packages/system_msgs-0.0.0-py3.12.egg-info/top_level.txt
[15.650s] -- Installing: /home/nagi/ros2_ws/install/system_msgs/lib/python3.12/site-packages/system_msgs-0.0.0-py3.12.egg-info/SOURCES.txt
[15.650s] -- Installing: /home/nagi/ros2_ws/install/system_msgs/lib/python3.12/site-packages/system_msgs
[15.650s] -- Installing: /home/nagi/ros2_ws/install/system_msgs/lib/python3.12/site-packages/system_msgs/system_msgs_s__rosidl_typesupport_introspection_c.so
[15.650s] -- Installing: /home/nagi/ros2_ws/install/system_msgs/lib/python3.12/site-packages/system_msgs/_system_msgs_s.ep.rosidl_typesupport_fastrtps_c.c
[15.650s] -- Installing: /home/nagi/ros2_ws/install/system_msgs/lib/python3.12/site-packages/system_msgs/_system_msgs_s.ep.rosidl_typesupport_introspection_c.c
[15.650s] -- Installing: /home/nagi/ros2_ws/install/system_msgs/lib/python3.12/site-packages/system_msgs/system_msgs_s__rosidl_typesupport_fastrtps_c.so
[15.650s] -- Installing: /home/nagi/ros2_ws/install/system_msgs/lib/python3.12/site-packages/system_msgs/_system_msgs_s.ep.rosidl_typesupport_c.c
[15.650s] -- Installing: /home/nagi/ros2_ws/install/system_msgs/lib/python3.12/site-packages/system_msgs/msg
[15.650s] -- Installing: /home/nagi/ros2_ws/install/system_msgs/lib/python3.12/site-packages/system_msgs/msg/_response.py
[15.650s] -- Installing: /home/nagi/ros2_ws/install/system_msgs/lib/python3.12/site-packages/system_msgs/msg/_rm_status_s.c
[15.650s] -- Installing: /home/nagi/ros2_ws/install/system_msgs/lib/python3.12/site-packages/system_msgs/msg/_rm_event_s.c
[15.650s] -- Installing: /home/nagi/ros2_ws/install/system_msgs/lib/python3.12/site-packages/system_msgs/msg/_rm_event.py
[15.650s] -- Installing: /home/nagi/ros2_ws/install/system_msgs/lib/python3.12/site-packages/system_msgs/msg/_rm_notioncmd_s.c
[15.650s] -- Installing: /home/nagi/ros2_ws/install/system_msgs/lib/python3.12/site-packages/system_msgs/msg/_response_s.c
[15.650s] -- Installing: /home/nagi/ros2_ws/install/system_msgs/lib/python3.12/site-packages/system_msgs/msg/_rm_status.py
[15.650s] -- Installing: /home/nagi/ros2_ws/install/system_msgs/lib/python3.12/site-packages/system_msgs/msg/__init__.py
[15.650s] -- Installing: /home/nagi/ros2_ws/install/system_msgs/lib/python3.12/site-packages/system_msgs/msg/_rm_notioncmd.py
[15.650s] -- Installing: /home/nagi/ros2_ws/install/system_msgs/lib/python3.12/site-packages/system_msgs/system_msgs_s__rosidl_typesupport_c.so
[15.651s] -- Installing: /home/nagi/ros2_ws/install/system_msgs/lib/python3.12/site-packages/system_msgs/__init__.py
[15.702s] Listing '/home/nagi/ros2_ws/install/system_msgs/lib/python3.12/site-packages/system_msgs'...
[15.702s] Compiling '/home/nagi/ros2_ws/install/system_msgs/lib/python3.12/site-packages/system_msgs/__init__.py'...
[15.702s] Listing '/home/nagi/ros2_ws/install/system_msgs/lib/python3.12/site-packages/system_msgs/msg'...
[15.703s] Compiling '/home/nagi/ros2_ws/install/system_msgs/lib/python3.12/site-packages/system_msgs/msg/__init__.py'...
[15.703s] Compiling '/home/nagi/ros2_ws/install/system_msgs/lib/python3.12/site-packages/system_msgs/msg/_response.py'...
[15.703s] Compiling '/home/nagi/ros2_ws/install/system_msgs/lib/python3.12/site-packages/system_msgs/msg/_rm_event.py'...
[15.703s] Compiling '/home/nagi/ros2_ws/install/system_msgs/lib/python3.12/site-packages/system_msgs/msg/_rm_notioncmd.py'...
[15.703s] Compiling '/home/nagi/ros2_ws/install/system_msgs/lib/python3.12/site-packages/system_msgs/msg/_rm_status.py'...
[15.710s] -- Installing: /home/nagi/ros2_ws/install/system_msgs/lib/python3.12/site-packages/system_msgs/system_msgs_s__rosidl_typesupport_fastrtps_c.so
[15.710s] -- Set non-toolchain portion of runtime path of "/home/nagi/ros2_ws/install/system_msgs/lib/python3.12/site-packages/system_msgs/system_msgs_s__rosidl_typesupport_fastrtps_c.so" to ""
[15.710s] -- Installing: /home/nagi/ros2_ws/install/system_msgs/lib/python3.12/site-packages/system_msgs/system_msgs_s__rosidl_typesupport_introspection_c.so
[15.711s] -- Set non-toolchain portion of runtime path of "/home/nagi/ros2_ws/install/system_msgs/lib/python3.12/site-packages/system_msgs/system_msgs_s__rosidl_typesupport_introspection_c.so" to ""
[15.711s] -- Installing: /home/nagi/ros2_ws/install/system_msgs/lib/python3.12/site-packages/system_msgs/system_msgs_s__rosidl_typesupport_c.so
[15.711s] -- Set non-toolchain portion of runtime path of "/home/nagi/ros2_ws/install/system_msgs/lib/python3.12/site-packages/system_msgs/system_msgs_s__rosidl_typesupport_c.so" to ""
[15.711s] -- Installing: /home/nagi/ros2_ws/install/system_msgs/lib/libsystem_msgs__rosidl_generator_py.so
[15.711s] -- Set non-toolchain portion of runtime path of "/home/nagi/ros2_ws/install/system_msgs/lib/libsystem_msgs__rosidl_generator_py.so" to ""
[15.711s] -- Installing: /home/nagi/ros2_ws/install/system_msgs/share/system_msgs/msg/RmEvent.idl
[15.711s] -- Installing: /home/nagi/ros2_ws/install/system_msgs/share/system_msgs/msg/RmNotioncmd.idl
[15.711s] -- Installing: /home/nagi/ros2_ws/install/system_msgs/share/system_msgs/msg/RmStatus.idl
[15.712s] -- Installing: /home/nagi/ros2_ws/install/system_msgs/share/system_msgs/msg/Response.idl
[15.712s] -- Installing: /home/nagi/ros2_ws/install/system_msgs/share/system_msgs/msg/RmEvent.msg
[15.712s] -- Installing: /home/nagi/ros2_ws/install/system_msgs/share/system_msgs/msg/RmNotioncmd.msg
[15.712s] -- Installing: /home/nagi/ros2_ws/install/system_msgs/share/system_msgs/msg/RmStatus.msg
[15.712s] -- Installing: /home/nagi/ros2_ws/install/system_msgs/share/system_msgs/msg/Response.msg
[15.713s] -- Installing: /home/nagi/ros2_ws/install/system_msgs/share/ament_index/resource_index/package_run_dependencies/system_msgs
[15.713s] -- Installing: /home/nagi/ros2_ws/install/system_msgs/share/ament_index/resource_index/parent_prefix_path/system_msgs
[15.713s] -- Installing: /home/nagi/ros2_ws/install/system_msgs/share/system_msgs/environment/ament_prefix_path.sh
[15.714s] -- Installing: /home/nagi/ros2_ws/install/system_msgs/share/system_msgs/environment/ament_prefix_path.dsv
[15.714s] -- Installing: /home/nagi/ros2_ws/install/system_msgs/share/system_msgs/environment/path.sh
[15.714s] -- Installing: /home/nagi/ros2_ws/install/system_msgs/share/system_msgs/environment/path.dsv
[15.714s] -- Installing: /home/nagi/ros2_ws/install/system_msgs/share/system_msgs/local_setup.bash
[15.714s] -- Installing: /home/nagi/ros2_ws/install/system_msgs/share/system_msgs/local_setup.sh
[15.714s] -- Installing: /home/nagi/ros2_ws/install/system_msgs/share/system_msgs/local_setup.zsh
[15.715s] -- Installing: /home/nagi/ros2_ws/install/system_msgs/share/system_msgs/local_setup.dsv
[15.715s] -- Installing: /home/nagi/ros2_ws/install/system_msgs/share/system_msgs/package.dsv
[15.715s] -- Installing: /home/nagi/ros2_ws/install/system_msgs/share/ament_index/resource_index/packages/system_msgs
[15.716s] -- Installing: /home/nagi/ros2_ws/install/system_msgs/share/system_msgs/cmake/export_system_msgs__rosidl_generator_cExport.cmake
[15.716s] -- Installing: /home/nagi/ros2_ws/install/system_msgs/share/system_msgs/cmake/export_system_msgs__rosidl_generator_cExport-noconfig.cmake
[15.716s] -- Installing: /home/nagi/ros2_ws/install/system_msgs/share/system_msgs/cmake/export_system_msgs__rosidl_typesupport_fastrtps_cExport.cmake
[15.716s] -- Installing: /home/nagi/ros2_ws/install/system_msgs/share/system_msgs/cmake/export_system_msgs__rosidl_typesupport_fastrtps_cExport-noconfig.cmake
[15.716s] -- Installing: /home/nagi/ros2_ws/install/system_msgs/share/system_msgs/cmake/export_system_msgs__rosidl_generator_cppExport.cmake
[15.717s] -- Installing: /home/nagi/ros2_ws/install/system_msgs/share/system_msgs/cmake/export_system_msgs__rosidl_typesupport_fastrtps_cppExport.cmake
[15.717s] -- Installing: /home/nagi/ros2_ws/install/system_msgs/share/system_msgs/cmake/export_system_msgs__rosidl_typesupport_fastrtps_cppExport-noconfig.cmake
[15.717s] -- Installing: /home/nagi/ros2_ws/install/system_msgs/share/system_msgs/cmake/system_msgs__rosidl_typesupport_introspection_cExport.cmake
[15.717s] -- Installing: /home/nagi/ros2_ws/install/system_msgs/share/system_msgs/cmake/system_msgs__rosidl_typesupport_introspection_cExport-noconfig.cmake
[15.717s] -- Installing: /home/nagi/ros2_ws/install/system_msgs/share/system_msgs/cmake/system_msgs__rosidl_typesupport_cExport.cmake
[15.717s] -- Installing: /home/nagi/ros2_ws/install/system_msgs/share/system_msgs/cmake/system_msgs__rosidl_typesupport_cExport-noconfig.cmake
[15.717s] -- Installing: /home/nagi/ros2_ws/install/system_msgs/share/system_msgs/cmake/system_msgs__rosidl_typesupport_introspection_cppExport.cmake
[15.718s] -- Installing: /home/nagi/ros2_ws/install/system_msgs/share/system_msgs/cmake/system_msgs__rosidl_typesupport_introspection_cppExport-noconfig.cmake
[15.718s] -- Installing: /home/nagi/ros2_ws/install/system_msgs/share/system_msgs/cmake/system_msgs__rosidl_typesupport_cppExport.cmake
[15.718s] -- Installing: /home/nagi/ros2_ws/install/system_msgs/share/system_msgs/cmake/system_msgs__rosidl_typesupport_cppExport-noconfig.cmake
[15.718s] -- Installing: /home/nagi/ros2_ws/install/system_msgs/share/system_msgs/cmake/export_system_msgs__rosidl_generator_pyExport.cmake
[15.718s] -- Installing: /home/nagi/ros2_ws/install/system_msgs/share/system_msgs/cmake/export_system_msgs__rosidl_generator_pyExport-noconfig.cmake
[15.718s] -- Installing: /home/nagi/ros2_ws/install/system_msgs/share/system_msgs/cmake/rosidl_cmake-extras.cmake
[15.718s] -- Installing: /home/nagi/ros2_ws/install/system_msgs/share/system_msgs/cmake/ament_cmake_export_dependencies-extras.cmake
[15.719s] -- Installing: /home/nagi/ros2_ws/install/system_msgs/share/system_msgs/cmake/ament_cmake_export_include_directories-extras.cmake
[15.719s] -- Installing: /home/nagi/ros2_ws/install/system_msgs/share/system_msgs/cmake/ament_cmake_export_libraries-extras.cmake
[15.719s] -- Installing: /home/nagi/ros2_ws/install/system_msgs/share/system_msgs/cmake/ament_cmake_export_targets-extras.cmake
[15.719s] -- Installing: /home/nagi/ros2_ws/install/system_msgs/share/system_msgs/cmake/rosidl_cmake_export_typesupport_targets-extras.cmake
[15.720s] -- Installing: /home/nagi/ros2_ws/install/system_msgs/share/system_msgs/cmake/rosidl_cmake_export_typesupport_libraries-extras.cmake
[15.720s] -- Installing: /home/nagi/ros2_ws/install/system_msgs/share/system_msgs/cmake/system_msgsConfig.cmake
[15.720s] -- Installing: /home/nagi/ros2_ws/install/system_msgs/share/system_msgs/cmake/system_msgsConfig-version.cmake
[15.720s] -- Installing: /home/nagi/ros2_ws/install/system_msgs/share/system_msgs/package.xml
[15.722s] Invoked command in '/home/nagi/ros2_ws/build/system_msgs' returned '0': CMAKE_PREFIX_PATH=${CMAKE_PREFIX_PATH}:/home/nagi/ros2_ws/install/mypkg:/opt/ros/jazzy /usr/bin/cmake --install /home/nagi/ros2_ws/build/system_msgs
